2024-12-02T13:29:28.048290 [ENB    ] [I] Using binary srsenb with arguments: 
2024-12-02T13:29:28.111822 [ENB    ] [I] Built in Release mode using commit ec29b0c1f on branch master.
2024-12-02T13:29:28.154864 [COMN   ] [D] [    0] Opened SCTP socket=7
2024-12-02T13:29:28.154868 [COMN   ] [D] [    0] Successfully bound to address 127.0.1.1:2152
2024-12-02T13:29:28.154871 [COMN   ] [D] [    0] Setting RTO_INFO options on SCTP socket. Association 0, Initial RTO 3000, Minimum RTO 1000, Maximum RTO 6000
2024-12-02T13:29:28.154873 [COMN   ] [D] [    0] Setting SCTP_INITMSG options on SCTP socket. Max attempts 3, Max init attempts timeout 5000
2024-12-02T13:29:28.154877 [COMN   ] [D] [    0] RxSockets: socket fd=6 has been registered.
2024-12-02T13:29:28.154896 [COMN   ] [D] [    0] Successfully bound to address 127.0.1.1:0
2024-12-02T13:29:28.157836 [COMN   ] [D] [    0] RxSockets: socket fd=7 has been registered.
2024-12-02T13:30:25.957051 [GTPU   ] [W] The rnti=0x46, eps-BearerID=5 does not have any pdcp_active tunnel
2024-12-02T13:32:02.300034 [RRC    ] [W] Not adding NAS message to connection reconfiguration. E-RAB id 5
2024-12-02T13:54:05.896151 [RRC    ] [W] Not adding NAS message to connection reconfiguration. E-RAB id 5
2024-12-02T14:05:03.528838 [RLC    ] [W] DRB1: Signaling max number of reTx=32 for SN=692
2024-12-02T14:25:10.705276 [S1AP   ] [W] UE context for RNTI:0x4b is in zombie state. Releasing...
2024-12-02T14:25:26.161205 [RLC    ] [W] SRB1: Signaling max number of reTx=4 for SN=2
2024-12-02T14:25:35.714133 [S1AP   ] [W] UE context for RNTI:0x4c is in zombie state. Releasing...
2024-12-02T14:26:23.044109 [S1AP   ] [W] UE context for RNTI:0x5a is in zombie state. Releasing...
2024-12-02T14:26:38.042031 [MAC    ] [W] [  550] SCHED: Could not transmit RAR within the window (RA=541, Window=[544, 554), RAR=554
2024-12-02T14:26:48.065065 [S1AP   ] [W] UE context for RNTI:0x5b is in zombie state. Releasing...
2024-12-02T16:03:27.994850 [MAC    ] [W] [ 4430] SCHED: Could not transmit RAR within the window (RA=4421, Window=[4424, 4434), RAR=4434
2024-12-02T16:03:28.034834 [MAC    ] [W] [ 4470] SCHED: Could not transmit RAR within the window (RA=4461, Window=[4464, 4474), RAR=4474
2024-12-02T16:03:28.114842 [MAC    ] [W] [ 4550] SCHED: Could not transmit RAR within the window (RA=4541, Window=[4544, 4554), RAR=4554
2024-12-02T16:03:28.154883 [MAC    ] [W] [ 4590] SCHED: Could not transmit RAR within the window (RA=4581, Window=[4584, 4594), RAR=4594
2024-12-02T16:03:28.194870 [MAC    ] [W] [ 4630] SCHED: Could not transmit RAR within the window (RA=4621, Window=[4624, 4634), RAR=4634
2024-12-02T16:03:28.234843 [MAC    ] [W] [ 4670] SCHED: Could not transmit RAR within the window (RA=4661, Window=[4664, 4674), RAR=4674
2024-12-02T16:03:28.274882 [MAC    ] [W] [ 4710] SCHED: Could not transmit RAR within the window (RA=4701, Window=[4704, 4714), RAR=4714
2024-12-02T16:03:28.314861 [MAC    ] [W] [ 4750] SCHED: Could not transmit RAR within the window (RA=4741, Window=[4744, 4754), RAR=4754
2024-12-02T16:03:29.074872 [MAC    ] [W] [ 5510] SCHED: Could not transmit RAR within the window (RA=5501, Window=[5504, 5514), RAR=5514
2024-12-02T16:03:29.234843 [MAC    ] [W] [ 5670] SCHED: Could not transmit RAR within the window (RA=5661, Window=[5664, 5674), RAR=5674
2024-12-02T16:03:29.314869 [MAC    ] [W] [ 5750] SCHED: Could not transmit RAR within the window (RA=5741, Window=[5744, 5754), RAR=5754
2024-12-02T16:03:29.394884 [MAC    ] [W] [ 5830] SCHED: Could not transmit RAR within the window (RA=5821, Window=[5824, 5834), RAR=5834
2024-12-02T16:03:29.434864 [MAC    ] [W] [ 5870] SCHED: Could not transmit RAR within the window (RA=5861, Window=[5864, 5874), RAR=5874
2024-12-02T16:03:29.874865 [MAC    ] [W] [ 6310] SCHED: Could not transmit RAR within the window (RA=6301, Window=[6304, 6314), RAR=6314
2024-12-02T16:03:34.573947 [S1AP   ] [E] Cannot send UE context release request without a MME-UE-S1AP-Id allocated.
2024-12-02T16:03:46.140881 [S1AP   ] [E] Cannot send UE context release request without a MME-UE-S1AP-Id allocated.
2024-12-02T16:04:17.873841 [S1AP   ] [E] Cannot send UE context release request without a MME-UE-S1AP-Id allocated.
2024-12-02T16:04:29.357768 [S1AP   ] [E] Cannot send UE context release request without a MME-UE-S1AP-Id allocated.
2024-12-02T16:17:47.891720 [MAC    ] [W] [ 4168] UE buffers: Removing old buffer tti=4163, interval=13
2024-12-02T16:17:47.892686 [MAC    ] [W] [ 4169] UE buffers: Removing old buffer tti=4164, interval=13
2024-12-02T16:17:47.893716 [MAC    ] [W] [ 4170] UE buffers: Removing old buffer tti=4165, interval=13
2024-12-02T16:17:47.894655 [MAC    ] [W] [ 4171] UE buffers: Removing old buffer tti=4166, interval=13
2024-12-02T16:17:47.895686 [MAC    ] [W] [ 4172] UE buffers: Removing old buffer tti=4167, interval=13
2024-12-02T16:17:47.896653 [MAC    ] [W] [ 4173] UE buffers: Removing old buffer tti=4168, interval=13
2024-12-02T16:17:51.448739 [S1AP   ] [E] Cannot send UE context release request without a MME-UE-S1AP-Id allocated.
2024-12-02T16:48:54.320039 [S1AP   ] [E] Cannot send UE context release request without a MME-UE-S1AP-Id allocated.
2024-12-02T16:53:31.496533 [STCK   ] [W] Can't deliver SDU for EPS bearer 5. Dropping it.
2024-12-02T16:53:31.500596 [RRC    ] [W] Not adding NAS message to connection reconfiguration. E-RAB id 5
2024-12-02T17:25:55.669078 [MAC    ] [W] [ 6190] SCHED: Could not transmit RAR within the window (RA=6181, Window=[6184, 6194), RAR=6194
2024-12-02T17:25:55.689099 [MAC    ] [W] [ 6210] SCHED: Could not transmit RAR within the window (RA=6201, Window=[6204, 6214), RAR=6214
2024-12-02T17:25:55.949042 [MAC    ] [W] [ 6470] SCHED: Could not transmit RAR within the window (RA=6461, Window=[6464, 6474), RAR=6474
2024-12-02T17:25:56.849075 [MAC    ] [W] [ 7370] SCHED: Could not transmit RAR within the window (RA=7361, Window=[7364, 7374), RAR=7374
2024-12-02T17:25:56.869044 [MAC    ] [W] [ 7390] SCHED: Could not transmit RAR within the window (RA=7381, Window=[7384, 7394), RAR=7394
2024-12-02T17:25:56.889054 [MAC    ] [W] [ 7410] SCHED: Could not transmit RAR within the window (RA=7401, Window=[7404, 7414), RAR=7414
2024-12-02T17:25:56.909070 [MAC    ] [W] [ 7430] SCHED: Could not transmit RAR within the window (RA=7421, Window=[7424, 7434), RAR=7434
2024-12-02T17:25:56.929097 [MAC    ] [W] [ 7450] SCHED: Could not transmit RAR within the window (RA=7441, Window=[7444, 7454), RAR=7454
2024-12-02T17:26:07.629058 [MAC    ] [W] [ 7910] SCHED: Could not transmit RAR within the window (RA=7901, Window=[7904, 7914), RAR=7914
2024-12-02T17:26:07.649074 [MAC    ] [W] [ 7930] SCHED: Could not transmit RAR within the window (RA=7921, Window=[7924, 7934), RAR=7934
2024-12-02T17:26:07.709077 [MAC    ] [W] [ 7990] SCHED: Could not transmit RAR within the window (RA=7981, Window=[7984, 7994), RAR=7994
2024-12-02T17:26:07.789026 [MAC    ] [W] [ 8070] SCHED: Could not transmit RAR within the window (RA=8061, Window=[8064, 8074), RAR=8074
2024-12-02T17:26:07.809052 [MAC    ] [W] [ 8090] SCHED: Could not transmit RAR within the window (RA=8081, Window=[8084, 8094), RAR=8094
2024-12-02T17:26:07.869046 [MAC    ] [W] [ 8150] SCHED: Could not transmit RAR within the window (RA=8141, Window=[8144, 8154), RAR=8154
2024-12-02T17:26:07.889071 [MAC    ] [W] [ 8170] SCHED: Could not transmit RAR within the window (RA=8161, Window=[8164, 8174), RAR=8174
2024-12-02T17:26:07.909021 [MAC    ] [W] [ 8190] SCHED: Could not transmit RAR within the window (RA=8181, Window=[8184, 8194), RAR=8194
2024-12-02T17:26:07.929046 [MAC    ] [W] [ 8210] SCHED: Could not transmit RAR within the window (RA=8201, Window=[8204, 8214), RAR=8214
2024-12-02T17:26:07.949072 [MAC    ] [W] [ 8230] SCHED: Could not transmit RAR within the window (RA=8221, Window=[8224, 8234), RAR=8234
2024-12-02T17:26:07.969025 [MAC    ] [W] [ 8250] SCHED: Could not transmit RAR within the window (RA=8241, Window=[8244, 8254), RAR=8254
2024-12-02T17:26:07.989049 [MAC    ] [W] [ 8270] SCHED: Could not transmit RAR within the window (RA=8261, Window=[8264, 8274), RAR=8274
2024-12-02T17:26:08.009071 [MAC    ] [W] [ 8290] SCHED: Could not transmit RAR within the window (RA=8281, Window=[8284, 8294), RAR=8294
2024-12-02T17:26:08.029035 [MAC    ] [W] [ 8310] SCHED: Could not transmit RAR within the window (RA=8301, Window=[8304, 8314), RAR=8314
2024-12-02T17:26:08.049051 [MAC    ] [W] [ 8330] SCHED: Could not transmit RAR within the window (RA=8321, Window=[8324, 8334), RAR=8334
2024-12-02T17:26:08.069082 [MAC    ] [W] [ 8350] SCHED: Could not transmit RAR within the window (RA=8341, Window=[8344, 8354), RAR=8354
2024-12-02T17:26:08.089084 [MAC    ] [W] [ 8370] SCHED: Could not transmit RAR within the window (RA=8361, Window=[8364, 8374), RAR=8374
2024-12-02T17:26:08.229030 [MAC    ] [W] [ 8510] SCHED: Could not transmit RAR within the window (RA=8501, Window=[8504, 8514), RAR=8514
2024-12-02T17:26:08.249054 [MAC    ] [W] [ 8530] SCHED: Could not transmit RAR within the window (RA=8521, Window=[8524, 8534), RAR=8534
2024-12-02T17:26:08.389106 [MAC    ] [W] [ 8670] SCHED: Could not transmit RAR within the window (RA=8661, Window=[8664, 8674), RAR=8674
2024-12-02T17:26:08.409029 [MAC    ] [W] [ 8690] SCHED: Could not transmit RAR within the window (RA=8681, Window=[8684, 8694), RAR=8694
2024-12-02T17:26:08.429050 [MAC    ] [W] [ 8710] SCHED: Could not transmit RAR within the window (RA=8701, Window=[8704, 8714), RAR=8714
2024-12-02T17:26:08.449073 [MAC    ] [W] [ 8730] SCHED: Could not transmit RAR within the window (RA=8721, Window=[8724, 8734), RAR=8734
2024-12-02T17:26:08.469028 [MAC    ] [W] [ 8750] SCHED: Could not transmit RAR within the window (RA=8741, Window=[8744, 8754), RAR=8754
2024-12-02T17:26:08.489050 [MAC    ] [W] [ 8770] SCHED: Could not transmit RAR within the window (RA=8761, Window=[8764, 8774), RAR=8774
2024-12-02T17:26:08.509065 [MAC    ] [W] [ 8790] SCHED: Could not transmit RAR within the window (RA=8781, Window=[8784, 8794), RAR=8794
2024-12-02T17:26:08.529025 [MAC    ] [W] [ 8810] SCHED: Could not transmit RAR within the window (RA=8801, Window=[8804, 8814), RAR=8814
2024-12-02T17:26:08.549049 [MAC    ] [W] [ 8830] SCHED: Could not transmit RAR within the window (RA=8821, Window=[8824, 8834), RAR=8834
2024-12-02T17:26:08.569070 [MAC    ] [W] [ 8850] SCHED: Could not transmit RAR within the window (RA=8841, Window=[8844, 8854), RAR=8854
2024-12-02T17:26:08.589025 [MAC    ] [W] [ 8870] SCHED: Could not transmit RAR within the window (RA=8861, Window=[8864, 8874), RAR=8874
2024-12-02T17:26:08.609045 [MAC    ] [W] [ 8890] SCHED: Could not transmit RAR within the window (RA=8881, Window=[8884, 8894), RAR=8894
2024-12-02T17:26:08.689059 [MAC    ] [W] [ 8970] SCHED: Could not transmit RAR within the window (RA=8961, Window=[8964, 8974), RAR=8974
2024-12-02T17:26:08.749067 [MAC    ] [W] [ 9030] SCHED: Could not transmit RAR within the window (RA=9021, Window=[9024, 9034), RAR=9034
2024-12-02T17:26:08.769084 [MAC    ] [W] [ 9050] SCHED: Could not transmit RAR within the window (RA=9041, Window=[9044, 9054), RAR=9054
2024-12-02T17:26:08.829081 [MAC    ] [W] [ 9110] SCHED: Could not transmit RAR within the window (RA=9101, Window=[9104, 9114), RAR=9114
2024-12-02T17:26:08.849032 [MAC    ] [W] [ 9130] SCHED: Could not transmit RAR within the window (RA=9121, Window=[9124, 9134), RAR=9134
2024-12-02T17:26:08.869056 [MAC    ] [W] [ 9150] SCHED: Could not transmit RAR within the window (RA=9141, Window=[9144, 9154), RAR=9154
2024-12-02T17:26:08.889075 [MAC    ] [W] [ 9170] SCHED: Could not transmit RAR within the window (RA=9161, Window=[9164, 9174), RAR=9174
2024-12-02T17:26:08.909036 [MAC    ] [W] [ 9190] SCHED: Could not transmit RAR within the window (RA=9181, Window=[9184, 9194), RAR=9194
2024-12-02T17:26:08.929058 [MAC    ] [W] [ 9210] SCHED: Could not transmit RAR within the window (RA=9201, Window=[9204, 9214), RAR=9214
2024-12-02T17:26:08.949073 [MAC    ] [W] [ 9230] SCHED: Could not transmit RAR within the window (RA=9221, Window=[9224, 9234), RAR=9234
2024-12-02T17:26:08.969031 [MAC    ] [W] [ 9250] SCHED: Could not transmit RAR within the window (RA=9241, Window=[9244, 9254), RAR=9254
2024-12-02T18:11:38.714565 [MAC    ] [W] [ 4920] SCHED: Could not transmit RAR within the window (RA=4911, Window=[4914, 4924), RAR=4924
2024-12-02T18:11:38.734585 [MAC    ] [W] [ 4940] SCHED: Could not transmit RAR within the window (RA=4931, Window=[4934, 4944), RAR=4944
2024-12-02T18:11:38.754541 [MAC    ] [W] [ 4960] SCHED: Could not transmit RAR within the window (RA=4951, Window=[4954, 4964), RAR=4964
2024-12-02T18:11:38.774563 [MAC    ] [W] [ 4980] SCHED: Could not transmit RAR within the window (RA=4971, Window=[4974, 4984), RAR=4984
2024-12-02T18:11:38.794583 [MAC    ] [W] [ 5000] SCHED: Could not transmit RAR within the window (RA=4991, Window=[4994, 5004), RAR=5004
2024-12-02T18:11:50.634561 [MAC    ] [W] [ 6600] SCHED: Could not transmit RAR within the window (RA=6591, Window=[6594, 6604), RAR=6604
2024-12-02T18:11:50.654584 [MAC    ] [W] [ 6620] SCHED: Could not transmit RAR within the window (RA=6611, Window=[6614, 6624), RAR=6624
2024-12-02T18:11:50.714587 [MAC    ] [W] [ 6680] SCHED: Could not transmit RAR within the window (RA=6671, Window=[6674, 6684), RAR=6684
2024-12-02T18:11:50.734539 [MAC    ] [W] [ 6700] SCHED: Could not transmit RAR within the window (RA=6691, Window=[6694, 6704), RAR=6704
2024-12-02T18:11:50.794540 [MAC    ] [W] [ 6760] SCHED: Could not transmit RAR within the window (RA=6751, Window=[6754, 6764), RAR=6764
2024-12-02T18:11:50.814557 [MAC    ] [W] [ 6780] SCHED: Could not transmit RAR within the window (RA=6771, Window=[6774, 6784), RAR=6784
2024-12-02T18:11:50.874555 [MAC    ] [W] [ 6840] SCHED: Could not transmit RAR within the window (RA=6831, Window=[6834, 6844), RAR=6844
2024-12-02T18:11:50.894576 [MAC    ] [W] [ 6860] SCHED: Could not transmit RAR within the window (RA=6851, Window=[6854, 6864), RAR=6864
2024-12-02T18:11:50.954573 [MAC    ] [W] [ 6920] SCHED: Could not transmit RAR within the window (RA=6911, Window=[6914, 6924), RAR=6924
2024-12-02T18:11:50.974533 [MAC    ] [W] [ 6940] SCHED: Could not transmit RAR within the window (RA=6931, Window=[6934, 6944), RAR=6944
2024-12-02T18:11:50.994545 [MAC    ] [W] [ 6960] SCHED: Could not transmit RAR within the window (RA=6951, Window=[6954, 6964), RAR=6964
2024-12-02T18:11:51.054546 [MAC    ] [W] [ 7020] SCHED: Could not transmit RAR within the window (RA=7011, Window=[7014, 7024), RAR=7024
2024-12-02T18:11:51.074570 [MAC    ] [W] [ 7040] SCHED: Could not transmit RAR within the window (RA=7031, Window=[7034, 7044), RAR=7044
2024-12-02T18:12:44.166429 [S1AP   ] [E] Cannot send UE context release request without a MME-UE-S1AP-Id allocated.
2024-12-02T18:30:57.361412 [MAC    ] [W] [ 6448] UE buffers: Removing old buffer tti=6443, interval=13
2024-12-02T18:30:57.362447 [MAC    ] [W] [ 6449] UE buffers: Removing old buffer tti=6444, interval=13
2024-12-02T18:30:57.363377 [MAC    ] [W] [ 6450] UE buffers: Removing old buffer tti=6445, interval=13
2024-12-02T18:30:57.364418 [MAC    ] [W] [ 6451] UE buffers: Removing old buffer tti=6446, interval=13
2024-12-02T18:31:17.293391 [MAC    ] [W] [ 5900] SCHED: Could not transmit RAR within the window (RA=5891, Window=[5894, 5904), RAR=5904
2024-12-02T18:31:17.313341 [MAC    ] [W] [ 5920] SCHED: Could not transmit RAR within the window (RA=5911, Window=[5914, 5924), RAR=5924
2024-12-02T18:31:17.333364 [MAC    ] [W] [ 5940] SCHED: Could not transmit RAR within the window (RA=5931, Window=[5934, 5944), RAR=5944
2024-12-02T18:31:17.353384 [MAC    ] [W] [ 5960] SCHED: Could not transmit RAR within the window (RA=5951, Window=[5954, 5964), RAR=5964
2024-12-02T18:31:17.373339 [MAC    ] [W] [ 5980] SCHED: Could not transmit RAR within the window (RA=5971, Window=[5974, 5984), RAR=5984
2024-12-02T18:31:17.393363 [MAC    ] [W] [ 6000] SCHED: Could not transmit RAR within the window (RA=5991, Window=[5994, 6004), RAR=6004
2024-12-02T18:31:17.413383 [MAC    ] [W] [ 6020] SCHED: Could not transmit RAR within the window (RA=6011, Window=[6014, 6024), RAR=6024
2024-12-02T18:31:17.433345 [MAC    ] [W] [ 6040] SCHED: Could not transmit RAR within the window (RA=6031, Window=[6034, 6044), RAR=6044
2024-12-02T18:31:17.453360 [MAC    ] [W] [ 6060] SCHED: Could not transmit RAR within the window (RA=6051, Window=[6054, 6064), RAR=6064
2024-12-02T18:31:17.473375 [MAC    ] [W] [ 6080] SCHED: Could not transmit RAR within the window (RA=6071, Window=[6074, 6084), RAR=6084
2024-12-02T18:31:17.733390 [MAC    ] [W] [ 6340] SCHED: Could not transmit RAR within the window (RA=6331, Window=[6334, 6344), RAR=6344
2024-12-02T18:31:17.753352 [MAC    ] [W] [ 6360] SCHED: Could not transmit RAR within the window (RA=6351, Window=[6354, 6364), RAR=6364
2024-12-02T18:31:29.463327 [MAC    ] [W] [ 7830] SCHED: Could not transmit RAR within the window (RA=7821, Window=[7824, 7834), RAR=7834
2024-12-02T18:31:29.483342 [MAC    ] [W] [ 7850] SCHED: Could not transmit RAR within the window (RA=7841, Window=[7844, 7854), RAR=7854
2024-12-02T18:31:29.803355 [MAC    ] [W] [ 8170] SCHED: Could not transmit RAR within the window (RA=8161, Window=[8164, 8174), RAR=8174
2024-12-02T18:31:29.823378 [MAC    ] [W] [ 8190] SCHED: Could not transmit RAR within the window (RA=8181, Window=[8184, 8194), RAR=8194
2024-12-02T18:31:29.883377 [MAC    ] [W] [ 8250] SCHED: Could not transmit RAR within the window (RA=8241, Window=[8244, 8254), RAR=8254
2024-12-02T18:31:29.903332 [MAC    ] [W] [ 8270] SCHED: Could not transmit RAR within the window (RA=8261, Window=[8264, 8274), RAR=8274
2024-12-02T18:31:30.123370 [MAC    ] [W] [ 8490] SCHED: Could not transmit RAR within the window (RA=8481, Window=[8484, 8494), RAR=8494
2024-12-02T18:31:30.143330 [MAC    ] [W] [ 8510] SCHED: Could not transmit RAR within the window (RA=8501, Window=[8504, 8514), RAR=8514
2024-12-02T18:31:30.443378 [MAC    ] [W] [ 8810] SCHED: Could not transmit RAR within the window (RA=8801, Window=[8804, 8814), RAR=8814
2024-12-02T18:31:30.463329 [MAC    ] [W] [ 8830] SCHED: Could not transmit RAR within the window (RA=8821, Window=[8824, 8834), RAR=8834
2024-12-02T18:31:30.923391 [MAC    ] [W] [ 9290] SCHED: Could not transmit RAR within the window (RA=9281, Window=[9284, 9294), RAR=9294
2024-12-02T18:31:31.083361 [MAC    ] [W] [ 9450] SCHED: Could not transmit RAR within the window (RA=9441, Window=[9444, 9454), RAR=9454
2024-12-02T18:31:31.103353 [MAC    ] [W] [ 9470] SCHED: Could not transmit RAR within the window (RA=9461, Window=[9464, 9474), RAR=9474
2024-12-02T18:45:03.262360 [MAC    ] [W] [ 2430] SCHED: Could not transmit RAR within the window (RA=2421, Window=[2424, 2434), RAR=2434
2024-12-02T18:45:03.282344 [MAC    ] [W] [ 2450] SCHED: Could not transmit RAR within the window (RA=2441, Window=[2444, 2454), RAR=2454
2024-12-02T18:45:03.302366 [MAC    ] [W] [ 2470] SCHED: Could not transmit RAR within the window (RA=2461, Window=[2464, 2474), RAR=2474
2024-12-02T18:45:03.322394 [MAC    ] [W] [ 2490] SCHED: Could not transmit RAR within the window (RA=2481, Window=[2484, 2494), RAR=2494
2024-12-02T18:45:15.942335 [MAC    ] [W] [ 4870] SCHED: Could not transmit RAR within the window (RA=4861, Window=[4864, 4874), RAR=4874
2024-12-02T18:45:15.962360 [MAC    ] [W] [ 4890] SCHED: Could not transmit RAR within the window (RA=4881, Window=[4884, 4894), RAR=4894
2024-12-02T18:45:16.342336 [MAC    ] [W] [ 5270] SCHED: Could not transmit RAR within the window (RA=5261, Window=[5264, 5274), RAR=5274
2024-12-02T18:45:16.362293 [MAC    ] [W] [ 5290] SCHED: Could not transmit RAR within the window (RA=5281, Window=[5284, 5294), RAR=5294
2024-12-02T18:45:26.962281 [MAC    ] [W] [ 5650] SCHED: Could not transmit RAR within the window (RA=5641, Window=[5644, 5654), RAR=5654
2024-12-02T18:45:26.982303 [MAC    ] [W] [ 5670] SCHED: Could not transmit RAR within the window (RA=5661, Window=[5664, 5674), RAR=5674
2024-12-02T18:45:27.042319 [MAC    ] [W] [ 5730] SCHED: Could not transmit RAR within the window (RA=5721, Window=[5724, 5734), RAR=5734
2024-12-02T18:45:27.062318 [MAC    ] [W] [ 5750] SCHED: Could not transmit RAR within the window (RA=5741, Window=[5744, 5754), RAR=5754
2024-12-02T18:45:27.112306 [MAC    ] [W] [ 5800] SCHED: Could not transmit RAR within the window (RA=5791, Window=[5794, 5804), RAR=5804
2024-12-02T18:45:27.132335 [MAC    ] [W] [ 5820] SCHED: Could not transmit RAR within the window (RA=5811, Window=[5814, 5824), RAR=5824
2024-12-02T18:45:27.152314 [MAC    ] [W] [ 5840] SCHED: Could not transmit RAR within the window (RA=5831, Window=[5834, 5844), RAR=5844
2024-12-02T18:45:28.032295 [MAC    ] [W] [ 6720] SCHED: Could not transmit RAR within the window (RA=6711, Window=[6714, 6724), RAR=6724
2024-12-02T18:45:28.072276 [MAC    ] [W] [ 6760] SCHED: Could not transmit RAR within the window (RA=6751, Window=[6754, 6764), RAR=6764
2024-12-02T18:45:28.112309 [MAC    ] [W] [ 6800] SCHED: Could not transmit RAR within the window (RA=6791, Window=[6794, 6804), RAR=6804
2024-12-02T18:45:28.132333 [MAC    ] [W] [ 6820] SCHED: Could not transmit RAR within the window (RA=6811, Window=[6814, 6824), RAR=6824
2024-12-02T18:45:28.192330 [MAC    ] [W] [ 6880] SCHED: Could not transmit RAR within the window (RA=6871, Window=[6874, 6884), RAR=6884
2024-12-02T18:45:28.212286 [MAC    ] [W] [ 6900] SCHED: Could not transmit RAR within the window (RA=6891, Window=[6894, 6904), RAR=6904
2024-12-02T18:45:28.272286 [MAC    ] [W] [ 6960] SCHED: Could not transmit RAR within the window (RA=6951, Window=[6954, 6964), RAR=6964
2024-12-02T18:45:28.292304 [MAC    ] [W] [ 6980] SCHED: Could not transmit RAR within the window (RA=6971, Window=[6974, 6984), RAR=6984
2024-12-02T18:45:28.512279 [MAC    ] [W] [ 7200] SCHED: Could not transmit RAR within the window (RA=7191, Window=[7194, 7204), RAR=7204
2024-12-02T18:45:28.532298 [MAC    ] [W] [ 7220] SCHED: Could not transmit RAR within the window (RA=7211, Window=[7214, 7224), RAR=7224
2024-12-02T18:45:28.592296 [MAC    ] [W] [ 7280] SCHED: Could not transmit RAR within the window (RA=7271, Window=[7274, 7284), RAR=7284
2024-12-02T18:45:28.612317 [MAC    ] [W] [ 7300] SCHED: Could not transmit RAR within the window (RA=7291, Window=[7294, 7304), RAR=7304
2024-12-02T18:45:39.032303 [MAC    ] [W] [ 7480] SCHED: Could not transmit RAR within the window (RA=7471, Window=[7474, 7484), RAR=7484
2024-12-02T18:45:39.072285 [MAC    ] [W] [ 7520] SCHED: Could not transmit RAR within the window (RA=7511, Window=[7514, 7524), RAR=7524
2024-12-02T18:45:39.132283 [MAC    ] [W] [ 7580] SCHED: Could not transmit RAR within the window (RA=7571, Window=[7574, 7584), RAR=7584
2024-12-02T18:45:39.152310 [MAC    ] [W] [ 7600] SCHED: Could not transmit RAR within the window (RA=7591, Window=[7594, 7604), RAR=7604
2024-12-02T18:45:39.212304 [MAC    ] [W] [ 7660] SCHED: Could not transmit RAR within the window (RA=7651, Window=[7654, 7664), RAR=7664
2024-12-02T18:45:39.232264 [MAC    ] [W] [ 7680] SCHED: Could not transmit RAR within the window (RA=7671, Window=[7674, 7684), RAR=7684
2024-12-02T18:45:39.292321 [MAC    ] [W] [ 7740] SCHED: Could not transmit RAR within the window (RA=7731, Window=[7734, 7744), RAR=7744
2024-12-02T18:45:39.372275 [MAC    ] [W] [ 7820] SCHED: Could not transmit RAR within the window (RA=7811, Window=[7814, 7824), RAR=7824
2024-12-02T18:45:39.392295 [MAC    ] [W] [ 7840] SCHED: Could not transmit RAR within the window (RA=7831, Window=[7834, 7844), RAR=7844
2024-12-02T18:45:39.452296 [MAC    ] [W] [ 7900] SCHED: Could not transmit RAR within the window (RA=7891, Window=[7894, 7904), RAR=7904
2024-12-02T18:45:39.472314 [MAC    ] [W] [ 7920] SCHED: Could not transmit RAR within the window (RA=7911, Window=[7914, 7924), RAR=7924
2024-12-02T18:45:39.492273 [MAC    ] [W] [ 7940] SCHED: Could not transmit RAR within the window (RA=7931, Window=[7934, 7944), RAR=7944
2024-12-02T18:45:39.512294 [MAC    ] [W] [ 7960] SCHED: Could not transmit RAR within the window (RA=7951, Window=[7954, 7964), RAR=7964
2024-12-02T18:45:39.532316 [MAC    ] [W] [ 7980] SCHED: Could not transmit RAR within the window (RA=7971, Window=[7974, 7984), RAR=7984
2024-12-02T18:45:39.552272 [MAC    ] [W] [ 8000] SCHED: Could not transmit RAR within the window (RA=7991, Window=[7994, 8004), RAR=8004
2024-12-02T18:45:39.572293 [MAC    ] [W] [ 8020] SCHED: Could not transmit RAR within the window (RA=8011, Window=[8014, 8024), RAR=8024
2024-12-02T18:45:39.592313 [MAC    ] [W] [ 8040] SCHED: Could not transmit RAR within the window (RA=8031, Window=[8034, 8044), RAR=8044
2024-12-02T18:45:39.612264 [MAC    ] [W] [ 8060] SCHED: Could not transmit RAR within the window (RA=8051, Window=[8054, 8064), RAR=8064
2024-12-02T18:45:39.632289 [MAC    ] [W] [ 8080] SCHED: Could not transmit RAR within the window (RA=8071, Window=[8074, 8084), RAR=8084
2024-12-02T18:45:39.652310 [MAC    ] [W] [ 8100] SCHED: Could not transmit RAR within the window (RA=8091, Window=[8094, 8104), RAR=8104
2024-12-02T18:45:39.672264 [MAC    ] [W] [ 8120] SCHED: Could not transmit RAR within the window (RA=8111, Window=[8114, 8124), RAR=8124
2024-12-02T18:45:39.692288 [MAC    ] [W] [ 8140] SCHED: Could not transmit RAR within the window (RA=8131, Window=[8134, 8144), RAR=8144
2024-12-02T18:45:39.712303 [MAC    ] [W] [ 8160] SCHED: Could not transmit RAR within the window (RA=8151, Window=[8154, 8164), RAR=8164
2024-12-02T18:45:39.752285 [MAC    ] [W] [ 8200] SCHED: Could not transmit RAR within the window (RA=8191, Window=[8194, 8204), RAR=8204
2024-12-02T18:45:39.772306 [MAC    ] [W] [ 8220] SCHED: Could not transmit RAR within the window (RA=8211, Window=[8214, 8224), RAR=8224
2024-12-02T18:45:39.832303 [MAC    ] [W] [ 8280] SCHED: Could not transmit RAR within the window (RA=8271, Window=[8274, 8284), RAR=8284
2024-12-02T18:45:40.092311 [MAC    ] [W] [ 8540] SCHED: Could not transmit RAR within the window (RA=8531, Window=[8534, 8544), RAR=8544
2024-12-02T18:45:40.112268 [MAC    ] [W] [ 8560] SCHED: Could not transmit RAR within the window (RA=8551, Window=[8554, 8564), RAR=8564
2024-12-02T18:45:40.132287 [MAC    ] [W] [ 8580] SCHED: Could not transmit RAR within the window (RA=8571, Window=[8574, 8584), RAR=8584
2024-12-02T18:45:40.152308 [MAC    ] [W] [ 8600] SCHED: Could not transmit RAR within the window (RA=8591, Window=[8594, 8604), RAR=8604
2024-12-02T18:45:40.172265 [MAC    ] [W] [ 8620] SCHED: Could not transmit RAR within the window (RA=8611, Window=[8614, 8624), RAR=8624
2024-12-02T18:45:40.192285 [MAC    ] [W] [ 8640] SCHED: Could not transmit RAR within the window (RA=8631, Window=[8634, 8644), RAR=8644
2024-12-02T18:45:40.212310 [MAC    ] [W] [ 8660] SCHED: Could not transmit RAR within the window (RA=8651, Window=[8654, 8664), RAR=8664
2024-12-02T18:45:40.232264 [MAC    ] [W] [ 8680] SCHED: Could not transmit RAR within the window (RA=8671, Window=[8674, 8684), RAR=8684
2024-12-02T18:45:40.252283 [MAC    ] [W] [ 8700] SCHED: Could not transmit RAR within the window (RA=8691, Window=[8694, 8704), RAR=8704
2024-12-02T18:45:40.272308 [MAC    ] [W] [ 8720] SCHED: Could not transmit RAR within the window (RA=8711, Window=[8714, 8724), RAR=8724
2024-12-02T18:45:40.292264 [MAC    ] [W] [ 8740] SCHED: Could not transmit RAR within the window (RA=8731, Window=[8734, 8744), RAR=8744
2024-12-02T18:45:40.312284 [MAC    ] [W] [ 8760] SCHED: Could not transmit RAR within the window (RA=8751, Window=[8754, 8764), RAR=8764
2024-12-02T18:45:40.332306 [MAC    ] [W] [ 8780] SCHED: Could not transmit RAR within the window (RA=8771, Window=[8774, 8784), RAR=8784
2024-12-02T18:45:40.352263 [MAC    ] [W] [ 8800] SCHED: Could not transmit RAR within the window (RA=8791, Window=[8794, 8804), RAR=8804
2024-12-02T18:45:40.372280 [MAC    ] [W] [ 8820] SCHED: Could not transmit RAR within the window (RA=8811, Window=[8814, 8824), RAR=8824
2024-12-02T18:45:40.392299 [MAC    ] [W] [ 8840] SCHED: Could not transmit RAR within the window (RA=8831, Window=[8834, 8844), RAR=8844
2024-12-02T18:45:40.412259 [MAC    ] [W] [ 8860] SCHED: Could not transmit RAR within the window (RA=8851, Window=[8854, 8864), RAR=8864
2024-12-02T18:45:40.432285 [MAC    ] [W] [ 8880] SCHED: Could not transmit RAR within the window (RA=8871, Window=[8874, 8884), RAR=8884
2024-12-02T18:45:40.452305 [MAC    ] [W] [ 8900] SCHED: Could not transmit RAR within the window (RA=8891, Window=[8894, 8904), RAR=8904
2024-12-02T18:45:40.472263 [MAC    ] [W] [ 8920] SCHED: Could not transmit RAR within the window (RA=8911, Window=[8914, 8924), RAR=8924
2024-12-02T18:45:40.492280 [MAC    ] [W] [ 8940] SCHED: Could not transmit RAR within the window (RA=8931, Window=[8934, 8944), RAR=8944
2024-12-02T18:45:40.512300 [MAC    ] [W] [ 8960] SCHED: Could not transmit RAR within the window (RA=8951, Window=[8954, 8964), RAR=8964
2024-12-02T18:45:40.532317 [MAC    ] [W] [ 8980] SCHED: Could not transmit RAR within the window (RA=8971, Window=[8974, 8984), RAR=8984
2024-12-02T18:45:40.552278 [MAC    ] [W] [ 9000] SCHED: Could not transmit RAR within the window (RA=8991, Window=[8994, 9004), RAR=9004
2024-12-02T18:45:40.572298 [MAC    ] [W] [ 9020] SCHED: Could not transmit RAR within the window (RA=9011, Window=[9014, 9024), RAR=9024
2024-12-02T18:45:40.592319 [MAC    ] [W] [ 9040] SCHED: Could not transmit RAR within the window (RA=9031, Window=[9034, 9044), RAR=9044
2024-12-02T18:45:40.612274 [MAC    ] [W] [ 9060] SCHED: Could not transmit RAR within the window (RA=9051, Window=[9054, 9064), RAR=9064
2024-12-02T18:45:40.672270 [MAC    ] [W] [ 9120] SCHED: Could not transmit RAR within the window (RA=9111, Window=[9114, 9124), RAR=9124
2024-12-02T18:45:50.792269 [MAC    ] [W] [ 9000] SCHED: Could not transmit RAR within the window (RA=8991, Window=[8994, 9004), RAR=9004
2024-12-02T18:45:50.812292 [MAC    ] [W] [ 9020] SCHED: Could not transmit RAR within the window (RA=9011, Window=[9014, 9024), RAR=9024
2024-12-02T18:45:50.832251 [MAC    ] [W] [ 9040] SCHED: Could not transmit RAR within the window (RA=9031, Window=[9034, 9044), RAR=9044
2024-12-02T18:45:50.892242 [MAC    ] [W] [ 9100] SCHED: Could not transmit RAR within the window (RA=9091, Window=[9094, 9104), RAR=9104
2024-12-02T18:45:50.932286 [MAC    ] [W] [ 9140] SCHED: Could not transmit RAR within the window (RA=9131, Window=[9134, 9144), RAR=9144
2024-12-02T18:45:50.952241 [MAC    ] [W] [ 9160] SCHED: Could not transmit RAR within the window (RA=9151, Window=[9154, 9164), RAR=9164
2024-12-02T18:45:51.092257 [MAC    ] [W] [ 9300] SCHED: Could not transmit RAR within the window (RA=9291, Window=[9294, 9304), RAR=9304
2024-12-02T18:45:51.112277 [MAC    ] [W] [ 9320] SCHED: Could not transmit RAR within the window (RA=9311, Window=[9314, 9324), RAR=9324
2024-12-02T18:45:51.132303 [MAC    ] [W] [ 9340] SCHED: Could not transmit RAR within the window (RA=9331, Window=[9334, 9344), RAR=9344
2024-12-02T18:45:51.152259 [MAC    ] [W] [ 9360] SCHED: Could not transmit RAR within the window (RA=9351, Window=[9354, 9364), RAR=9364
2024-12-02T18:45:51.172282 [MAC    ] [W] [ 9380] SCHED: Could not transmit RAR within the window (RA=9371, Window=[9374, 9384), RAR=9384
2024-12-02T18:45:51.212259 [MAC    ] [W] [ 9420] SCHED: Could not transmit RAR within the window (RA=9411, Window=[9414, 9424), RAR=9424
2024-12-02T18:45:51.232278 [MAC    ] [W] [ 9440] SCHED: Could not transmit RAR within the window (RA=9431, Window=[9434, 9444), RAR=9444
2024-12-02T18:45:51.352273 [MAC    ] [W] [ 9560] SCHED: Could not transmit RAR within the window (RA=9551, Window=[9554, 9564), RAR=9564
2024-12-02T18:45:51.372292 [MAC    ] [W] [ 9580] SCHED: Could not transmit RAR within the window (RA=9571, Window=[9574, 9584), RAR=9584
2024-12-02T18:45:51.692302 [MAC    ] [W] [ 9900] SCHED: Could not transmit RAR within the window (RA=9891, Window=[9894, 9904), RAR=9904
2024-12-02T18:45:51.712260 [MAC    ] [W] [ 9920] SCHED: Could not transmit RAR within the window (RA=9911, Window=[9914, 9924), RAR=9924
2024-12-02T18:45:51.732279 [MAC    ] [W] [ 9940] SCHED: Could not transmit RAR within the window (RA=9931, Window=[9934, 9944), RAR=9944
2024-12-02T18:45:51.752302 [MAC    ] [W] [ 9960] SCHED: Could not transmit RAR within the window (RA=9951, Window=[9954, 9964), RAR=9964
2024-12-02T18:45:51.772260 [MAC    ] [W] [ 9980] SCHED: Could not transmit RAR within the window (RA=9971, Window=[9974, 9984), RAR=9984
2024-12-02T18:45:51.792280 [MAC    ] [W] [10000] SCHED: Could not transmit RAR within the window (RA=9991, Window=[9994, 10004), RAR=10004
2024-12-02T18:45:51.812300 [MAC    ] [W] [10020] SCHED: Could not transmit RAR within the window (RA=10011, Window=[10014, 10024), RAR=10024
2024-12-02T18:45:51.832255 [MAC    ] [W] [10040] SCHED: Could not transmit RAR within the window (RA=10031, Window=[10034, 10044), RAR=10044
2024-12-02T18:45:51.892259 [MAC    ] [W] [10100] SCHED: Could not transmit RAR within the window (RA=10091, Window=[10094, 10104), RAR=10104
2024-12-02T18:45:51.912271 [MAC    ] [W] [10120] SCHED: Could not transmit RAR within the window (RA=10111, Window=[10114, 10124), RAR=10124
2024-12-02T18:45:52.212261 [MAC    ] [W] [  180] SCHED: Could not transmit RAR within the window (RA=171, Window=[174, 184), RAR=184
2024-12-02T18:45:52.272258 [MAC    ] [W] [  240] SCHED: Could not transmit RAR within the window (RA=231, Window=[234, 244), RAR=244
2024-12-02T18:45:52.292281 [MAC    ] [W] [  260] SCHED: Could not transmit RAR within the window (RA=251, Window=[254, 264), RAR=264
2024-12-02T18:45:52.432294 [MAC    ] [W] [  400] SCHED: Could not transmit RAR within the window (RA=391, Window=[394, 404), RAR=404
2024-12-02T18:45:52.452253 [MAC    ] [W] [  420] SCHED: Could not transmit RAR within the window (RA=411, Window=[414, 424), RAR=424
2024-12-02T18:45:52.512252 [MAC    ] [W] [  480] SCHED: Could not transmit RAR within the window (RA=471, Window=[474, 484), RAR=484
2024-12-02T18:45:52.532273 [MAC    ] [W] [  500] SCHED: Could not transmit RAR within the window (RA=491, Window=[494, 504), RAR=504
2024-12-02T18:45:52.552294 [MAC    ] [W] [  520] SCHED: Could not transmit RAR within the window (RA=511, Window=[514, 524), RAR=524
2024-12-02T18:45:52.572247 [MAC    ] [W] [  540] SCHED: Could not transmit RAR within the window (RA=531, Window=[534, 544), RAR=544
2024-12-02T18:45:52.592271 [MAC    ] [W] [  560] SCHED: Could not transmit RAR within the window (RA=551, Window=[554, 564), RAR=564
2024-12-02T18:45:52.612287 [MAC    ] [W] [  580] SCHED: Could not transmit RAR within the window (RA=571, Window=[574, 584), RAR=584
2024-12-02T18:45:52.632243 [MAC    ] [W] [  600] SCHED: Could not transmit RAR within the window (RA=591, Window=[594, 604), RAR=604
2024-12-02T18:45:52.652264 [MAC    ] [W] [  620] SCHED: Could not transmit RAR within the window (RA=611, Window=[614, 624), RAR=624
2024-12-02T18:45:52.672294 [MAC    ] [W] [  640] SCHED: Could not transmit RAR within the window (RA=631, Window=[634, 644), RAR=644
2024-12-02T18:45:52.692249 [MAC    ] [W] [  660] SCHED: Could not transmit RAR within the window (RA=651, Window=[654, 664), RAR=664
2024-12-02T18:45:52.712270 [MAC    ] [W] [  680] SCHED: Could not transmit RAR within the window (RA=671, Window=[674, 684), RAR=684
2024-12-02T19:13:53.649510 [MAC    ] [W] [ 2260] SCHED: Could not transmit RAR within the window (RA=2251, Window=[2254, 2264), RAR=2264
2024-12-02T19:14:05.159483 [MAC    ] [W] [ 3530] SCHED: Could not transmit RAR within the window (RA=3521, Window=[3524, 3534), RAR=3534
2024-12-02T19:14:05.179529 [MAC    ] [W] [ 3550] SCHED: Could not transmit RAR within the window (RA=3541, Window=[3544, 3554), RAR=3554
2024-12-02T19:14:05.199511 [MAC    ] [W] [ 3570] SCHED: Could not transmit RAR within the window (RA=3561, Window=[3564, 3574), RAR=3574
2024-12-02T19:14:05.219536 [MAC    ] [W] [ 3590] SCHED: Could not transmit RAR within the window (RA=3581, Window=[3584, 3594), RAR=3594
2024-12-02T19:14:05.239494 [MAC    ] [W] [ 3610] SCHED: Could not transmit RAR within the window (RA=3601, Window=[3604, 3614), RAR=3614
2024-12-02T19:14:24.466527 [S1AP   ] [E] Cannot send UE context release request without a MME-UE-S1AP-Id allocated.
2024-12-02T19:21:44.788824 [MAC    ] [W] [ 2360] SCHED: Could not transmit RAR within the window (RA=2351, Window=[2354, 2364), RAR=2364
2024-12-02T19:21:44.808846 [MAC    ] [W] [ 2380] SCHED: Could not transmit RAR within the window (RA=2371, Window=[2374, 2384), RAR=2384
2024-12-02T19:21:45.248850 [MAC    ] [W] [ 2820] SCHED: Could not transmit RAR within the window (RA=2811, Window=[2814, 2824), RAR=2824
2024-12-02T19:21:45.668833 [MAC    ] [W] [ 3240] SCHED: Could not transmit RAR within the window (RA=3231, Window=[3234, 3244), RAR=3244
2024-12-02T19:21:45.688851 [MAC    ] [W] [ 3260] SCHED: Could not transmit RAR within the window (RA=3251, Window=[3254, 3264), RAR=3264
2024-12-02T19:21:45.748852 [MAC    ] [W] [ 3320] SCHED: Could not transmit RAR within the window (RA=3311, Window=[3314, 3324), RAR=3324
2024-12-02T19:21:45.828805 [MAC    ] [W] [ 3400] SCHED: Could not transmit RAR within the window (RA=3391, Window=[3394, 3404), RAR=3404
2024-12-02T19:21:46.308860 [MAC    ] [W] [ 3880] SCHED: Could not transmit RAR within the window (RA=3871, Window=[3874, 3884), RAR=3884
2024-12-02T19:21:46.328813 [MAC    ] [W] [ 3900] SCHED: Could not transmit RAR within the window (RA=3891, Window=[3894, 3904), RAR=3904
2024-12-02T19:21:56.608782 [MAC    ] [W] [ 3940] SCHED: Could not transmit RAR within the window (RA=3931, Window=[3934, 3944), RAR=3944
2024-12-02T19:21:56.628804 [MAC    ] [W] [ 3960] SCHED: Could not transmit RAR within the window (RA=3951, Window=[3954, 3964), RAR=3964
2024-12-02T19:21:56.888813 [MAC    ] [W] [ 4220] SCHED: Could not transmit RAR within the window (RA=4211, Window=[4214, 4224), RAR=4224
2024-12-02T19:21:56.908834 [MAC    ] [W] [ 4240] SCHED: Could not transmit RAR within the window (RA=4231, Window=[4234, 4244), RAR=4244
2024-12-02T19:21:57.128812 [MAC    ] [W] [ 4460] SCHED: Could not transmit RAR within the window (RA=4451, Window=[4454, 4464), RAR=4464
2024-12-02T19:21:57.148830 [MAC    ] [W] [ 4480] SCHED: Could not transmit RAR within the window (RA=4471, Window=[4474, 4484), RAR=4484
2024-12-02T19:21:57.208830 [MAC    ] [W] [ 4540] SCHED: Could not transmit RAR within the window (RA=4531, Window=[4534, 4544), RAR=4544
2024-12-02T19:21:57.228780 [MAC    ] [W] [ 4560] SCHED: Could not transmit RAR within the window (RA=4551, Window=[4554, 4564), RAR=4564
2024-12-02T19:21:57.248798 [MAC    ] [W] [ 4580] SCHED: Could not transmit RAR within the window (RA=4571, Window=[4574, 4584), RAR=4584
2024-12-02T19:21:57.268823 [MAC    ] [W] [ 4600] SCHED: Could not transmit RAR within the window (RA=4591, Window=[4594, 4604), RAR=4604
2024-12-02T19:21:57.288787 [MAC    ] [W] [ 4620] SCHED: Could not transmit RAR within the window (RA=4611, Window=[4614, 4624), RAR=4624
2024-12-02T19:21:57.308805 [MAC    ] [W] [ 4640] SCHED: Could not transmit RAR within the window (RA=4631, Window=[4634, 4644), RAR=4644
2024-12-02T19:21:57.328826 [MAC    ] [W] [ 4660] SCHED: Could not transmit RAR within the window (RA=4651, Window=[4654, 4664), RAR=4664
2024-12-02T19:21:57.348848 [MAC    ] [W] [ 4680] SCHED: Could not transmit RAR within the window (RA=4671, Window=[4674, 4684), RAR=4684
2024-12-02T19:21:57.368803 [MAC    ] [W] [ 4700] SCHED: Could not transmit RAR within the window (RA=4691, Window=[4694, 4704), RAR=4704
2024-12-02T19:21:57.388824 [MAC    ] [W] [ 4720] SCHED: Could not transmit RAR within the window (RA=4711, Window=[4714, 4724), RAR=4724
2024-12-02T19:21:57.408843 [MAC    ] [W] [ 4740] SCHED: Could not transmit RAR within the window (RA=4731, Window=[4734, 4744), RAR=4744
2024-12-02T19:21:57.428795 [MAC    ] [W] [ 4760] SCHED: Could not transmit RAR within the window (RA=4751, Window=[4754, 4764), RAR=4764
2024-12-02T19:21:57.488792 [MAC    ] [W] [ 4820] SCHED: Could not transmit RAR within the window (RA=4811, Window=[4814, 4824), RAR=4824
2024-12-02T19:21:57.508813 [MAC    ] [W] [ 4840] SCHED: Could not transmit RAR within the window (RA=4831, Window=[4834, 4844), RAR=4844
2024-12-02T19:21:57.568812 [MAC    ] [W] [ 4900] SCHED: Could not transmit RAR within the window (RA=4891, Window=[4894, 4904), RAR=4904
2024-12-02T19:21:57.588830 [MAC    ] [W] [ 4920] SCHED: Could not transmit RAR within the window (RA=4911, Window=[4914, 4924), RAR=4924
2024-12-02T19:21:57.608786 [MAC    ] [W] [ 4940] SCHED: Could not transmit RAR within the window (RA=4931, Window=[4934, 4944), RAR=4944
2024-12-02T19:21:57.628807 [MAC    ] [W] [ 4960] SCHED: Could not transmit RAR within the window (RA=4951, Window=[4954, 4964), RAR=4964
2024-12-02T19:21:57.648830 [MAC    ] [W] [ 4980] SCHED: Could not transmit RAR within the window (RA=4971, Window=[4974, 4984), RAR=4984
2024-12-02T19:21:57.708825 [MAC    ] [W] [ 5040] SCHED: Could not transmit RAR within the window (RA=5031, Window=[5034, 5044), RAR=5044
2024-12-02T19:21:57.728781 [MAC    ] [W] [ 5060] SCHED: Could not transmit RAR within the window (RA=5051, Window=[5054, 5064), RAR=5064
2024-12-02T19:21:57.788779 [MAC    ] [W] [ 5120] SCHED: Could not transmit RAR within the window (RA=5111, Window=[5114, 5124), RAR=5124
2024-12-02T19:21:57.808800 [MAC    ] [W] [ 5140] SCHED: Could not transmit RAR within the window (RA=5131, Window=[5134, 5144), RAR=5144
2024-12-02T19:21:57.948821 [MAC    ] [W] [ 5280] SCHED: Could not transmit RAR within the window (RA=5271, Window=[5274, 5284), RAR=5284
2024-12-02T19:21:57.968842 [MAC    ] [W] [ 5300] SCHED: Could not transmit RAR within the window (RA=5291, Window=[5294, 5304), RAR=5304
2024-12-02T19:21:58.028839 [MAC    ] [W] [ 5360] SCHED: Could not transmit RAR within the window (RA=5351, Window=[5354, 5364), RAR=5364
2024-12-02T19:21:58.048794 [MAC    ] [W] [ 5380] SCHED: Could not transmit RAR within the window (RA=5371, Window=[5374, 5384), RAR=5384
2024-12-02T19:21:58.108787 [MAC    ] [W] [ 5440] SCHED: Could not transmit RAR within the window (RA=5431, Window=[5434, 5444), RAR=5444
2024-12-02T19:21:58.128807 [MAC    ] [W] [ 5460] SCHED: Could not transmit RAR within the window (RA=5451, Window=[5454, 5464), RAR=5464
2024-12-02T19:21:58.148829 [MAC    ] [W] [ 5480] SCHED: Could not transmit RAR within the window (RA=5471, Window=[5474, 5484), RAR=5484
2024-12-02T19:21:58.168790 [MAC    ] [W] [ 5500] SCHED: Could not transmit RAR within the window (RA=5491, Window=[5494, 5504), RAR=5504
2024-12-02T19:21:58.188816 [MAC    ] [W] [ 5520] SCHED: Could not transmit RAR within the window (RA=5511, Window=[5514, 5524), RAR=5524
2024-12-02T19:21:58.208837 [MAC    ] [W] [ 5540] SCHED: Could not transmit RAR within the window (RA=5531, Window=[5534, 5544), RAR=5544
2024-12-02T19:21:58.228787 [MAC    ] [W] [ 5560] SCHED: Could not transmit RAR within the window (RA=5551, Window=[5554, 5564), RAR=5564
2024-12-02T19:21:58.308807 [MAC    ] [W] [ 5640] SCHED: Could not transmit RAR within the window (RA=5631, Window=[5634, 5644), RAR=5644
2024-12-02T19:21:58.368808 [MAC    ] [W] [ 5700] SCHED: Could not transmit RAR within the window (RA=5691, Window=[5694, 5704), RAR=5704
2024-12-02T19:21:58.388827 [MAC    ] [W] [ 5720] SCHED: Could not transmit RAR within the window (RA=5711, Window=[5714, 5724), RAR=5724
2024-12-02T19:21:58.428804 [MAC    ] [W] [ 5760] SCHED: Could not transmit RAR within the window (RA=5751, Window=[5754, 5764), RAR=5764
2024-12-02T19:21:58.448829 [MAC    ] [W] [ 5780] SCHED: Could not transmit RAR within the window (RA=5771, Window=[5774, 5784), RAR=5784
2024-12-02T19:21:58.468785 [MAC    ] [W] [ 5800] SCHED: Could not transmit RAR within the window (RA=5791, Window=[5794, 5804), RAR=5804
2024-12-02T19:21:58.488805 [MAC    ] [W] [ 5820] SCHED: Could not transmit RAR within the window (RA=5811, Window=[5814, 5824), RAR=5824
2024-12-02T19:22:08.578776 [MAC    ] [W] [ 5670] SCHED: Could not transmit RAR within the window (RA=5661, Window=[5664, 5674), RAR=5674
2024-12-02T19:22:08.598796 [MAC    ] [W] [ 5690] SCHED: Could not transmit RAR within the window (RA=5681, Window=[5684, 5694), RAR=5694
2024-12-02T19:22:08.638774 [MAC    ] [W] [ 5730] SCHED: Could not transmit RAR within the window (RA=5721, Window=[5724, 5734), RAR=5734
2024-12-02T19:22:08.738816 [MAC    ] [W] [ 5830] SCHED: Could not transmit RAR within the window (RA=5821, Window=[5824, 5834), RAR=5834
2024-12-02T19:22:08.758776 [MAC    ] [W] [ 5850] SCHED: Could not transmit RAR within the window (RA=5841, Window=[5844, 5854), RAR=5854
2024-12-02T19:22:08.938823 [MAC    ] [W] [ 6030] SCHED: Could not transmit RAR within the window (RA=6021, Window=[6024, 6034), RAR=6034
2024-12-02T19:22:08.958780 [MAC    ] [W] [ 6050] SCHED: Could not transmit RAR within the window (RA=6041, Window=[6044, 6054), RAR=6054
2024-12-02T19:22:08.978802 [MAC    ] [W] [ 6070] SCHED: Could not transmit RAR within the window (RA=6061, Window=[6064, 6074), RAR=6074
2024-12-02T19:22:08.998827 [MAC    ] [W] [ 6090] SCHED: Could not transmit RAR within the window (RA=6081, Window=[6084, 6094), RAR=6094
2024-12-02T19:22:09.058829 [MAC    ] [W] [ 6150] SCHED: Could not transmit RAR within the window (RA=6141, Window=[6144, 6154), RAR=6154
2024-12-02T19:22:09.078782 [MAC    ] [W] [ 6170] SCHED: Could not transmit RAR within the window (RA=6161, Window=[6164, 6174), RAR=6174
2024-12-02T19:22:09.098802 [MAC    ] [W] [ 6190] SCHED: Could not transmit RAR within the window (RA=6181, Window=[6184, 6194), RAR=6194
2024-12-02T19:22:09.118819 [MAC    ] [W] [ 6210] SCHED: Could not transmit RAR within the window (RA=6201, Window=[6204, 6214), RAR=6214
2024-12-02T19:22:09.138779 [MAC    ] [W] [ 6230] SCHED: Could not transmit RAR within the window (RA=6221, Window=[6224, 6234), RAR=6234
2024-12-02T19:22:09.158799 [MAC    ] [W] [ 6250] SCHED: Could not transmit RAR within the window (RA=6241, Window=[6244, 6254), RAR=6254
2024-12-02T19:22:09.178825 [MAC    ] [W] [ 6270] SCHED: Could not transmit RAR within the window (RA=6261, Window=[6264, 6274), RAR=6274
2024-12-02T19:22:09.218799 [MAC    ] [W] [ 6310] SCHED: Could not transmit RAR within the window (RA=6301, Window=[6304, 6314), RAR=6314
2024-12-02T19:22:09.238820 [MAC    ] [W] [ 6330] SCHED: Could not transmit RAR within the window (RA=6321, Window=[6324, 6334), RAR=6334
2024-12-02T19:22:09.258776 [MAC    ] [W] [ 6350] SCHED: Could not transmit RAR within the window (RA=6341, Window=[6344, 6354), RAR=6354
2024-12-02T19:22:09.278792 [MAC    ] [W] [ 6370] SCHED: Could not transmit RAR within the window (RA=6361, Window=[6364, 6374), RAR=6374
2024-12-02T19:22:09.298813 [MAC    ] [W] [ 6390] SCHED: Could not transmit RAR within the window (RA=6381, Window=[6384, 6394), RAR=6394
2024-12-02T19:22:09.318796 [MAC    ] [W] [ 6410] SCHED: Could not transmit RAR within the window (RA=6401, Window=[6404, 6414), RAR=6414
2024-12-02T19:22:09.338796 [MAC    ] [W] [ 6430] SCHED: Could not transmit RAR within the window (RA=6421, Window=[6424, 6434), RAR=6434
2024-12-02T19:22:09.358813 [MAC    ] [W] [ 6450] SCHED: Could not transmit RAR within the window (RA=6441, Window=[6444, 6454), RAR=6454
2024-12-02T19:22:09.378784 [MAC    ] [W] [ 6470] SCHED: Could not transmit RAR within the window (RA=6461, Window=[6464, 6474), RAR=6474
2024-12-02T19:22:09.398795 [MAC    ] [W] [ 6490] SCHED: Could not transmit RAR within the window (RA=6481, Window=[6484, 6494), RAR=6494
2024-12-02T19:22:09.418808 [MAC    ] [W] [ 6510] SCHED: Could not transmit RAR within the window (RA=6501, Window=[6504, 6514), RAR=6514
2024-12-02T19:22:09.438836 [MAC    ] [W] [ 6530] SCHED: Could not transmit RAR within the window (RA=6521, Window=[6524, 6534), RAR=6534
2024-12-02T19:22:09.458786 [MAC    ] [W] [ 6550] SCHED: Could not transmit RAR within the window (RA=6541, Window=[6544, 6554), RAR=6554
2024-12-02T19:22:09.478808 [MAC    ] [W] [ 6570] SCHED: Could not transmit RAR within the window (RA=6561, Window=[6564, 6574), RAR=6574
2024-12-02T19:22:09.498833 [MAC    ] [W] [ 6590] SCHED: Could not transmit RAR within the window (RA=6581, Window=[6584, 6594), RAR=6594
2024-12-02T19:22:09.518782 [MAC    ] [W] [ 6610] SCHED: Could not transmit RAR within the window (RA=6601, Window=[6604, 6614), RAR=6614
2024-12-02T19:22:09.538850 [MAC    ] [W] [ 6630] SCHED: Could not transmit RAR within the window (RA=6621, Window=[6624, 6634), RAR=6634
2024-12-02T19:22:09.558827 [MAC    ] [W] [ 6650] SCHED: Could not transmit RAR within the window (RA=6641, Window=[6644, 6654), RAR=6654
2024-12-02T19:22:09.578786 [MAC    ] [W] [ 6670] SCHED: Could not transmit RAR within the window (RA=6661, Window=[6664, 6674), RAR=6674
2024-12-02T19:22:09.598802 [MAC    ] [W] [ 6690] SCHED: Could not transmit RAR within the window (RA=6681, Window=[6684, 6694), RAR=6694
2024-12-02T19:22:09.618824 [MAC    ] [W] [ 6710] SCHED: Could not transmit RAR within the window (RA=6701, Window=[6704, 6714), RAR=6714
2024-12-02T19:22:09.638782 [MAC    ] [W] [ 6730] SCHED: Could not transmit RAR within the window (RA=6721, Window=[6724, 6734), RAR=6734
2024-12-02T19:22:09.658805 [MAC    ] [W] [ 6750] SCHED: Could not transmit RAR within the window (RA=6741, Window=[6744, 6754), RAR=6754
2024-12-02T19:22:09.678824 [MAC    ] [W] [ 6770] SCHED: Could not transmit RAR within the window (RA=6761, Window=[6764, 6774), RAR=6774
2024-12-02T19:22:09.698783 [MAC    ] [W] [ 6790] SCHED: Could not transmit RAR within the window (RA=6781, Window=[6784, 6794), RAR=6794
2024-12-02T19:22:09.718803 [MAC    ] [W] [ 6810] SCHED: Could not transmit RAR within the window (RA=6801, Window=[6804, 6814), RAR=6814
2024-12-02T19:22:09.738846 [MAC    ] [W] [ 6830] SCHED: Could not transmit RAR within the window (RA=6821, Window=[6824, 6834), RAR=6834
2024-12-02T19:22:09.758779 [MAC    ] [W] [ 6850] SCHED: Could not transmit RAR within the window (RA=6841, Window=[6844, 6854), RAR=6854
2024-12-02T19:22:09.938772 [MAC    ] [W] [ 7030] SCHED: Could not transmit RAR within the window (RA=7021, Window=[7024, 7034), RAR=7034
2024-12-02T19:22:09.958787 [MAC    ] [W] [ 7050] SCHED: Could not transmit RAR within the window (RA=7041, Window=[7044, 7054), RAR=7054
2024-12-02T19:22:10.018790 [MAC    ] [W] [ 7110] SCHED: Could not transmit RAR within the window (RA=7101, Window=[7104, 7114), RAR=7114
2024-12-02T19:22:10.038811 [MAC    ] [W] [ 7130] SCHED: Could not transmit RAR within the window (RA=7121, Window=[7124, 7134), RAR=7134
2024-12-02T19:22:10.098809 [MAC    ] [W] [ 7190] SCHED: Could not transmit RAR within the window (RA=7181, Window=[7184, 7194), RAR=7194
2024-12-02T19:22:10.118822 [MAC    ] [W] [ 7210] SCHED: Could not transmit RAR within the window (RA=7201, Window=[7204, 7214), RAR=7214
2024-12-02T19:22:10.138779 [MAC    ] [W] [ 7230] SCHED: Could not transmit RAR within the window (RA=7221, Window=[7224, 7234), RAR=7234
2024-12-02T19:22:10.158802 [MAC    ] [W] [ 7250] SCHED: Could not transmit RAR within the window (RA=7241, Window=[7244, 7254), RAR=7254
2024-12-02T19:22:10.178829 [MAC    ] [W] [ 7270] SCHED: Could not transmit RAR within the window (RA=7261, Window=[7264, 7274), RAR=7274
2024-12-02T19:22:10.198783 [MAC    ] [W] [ 7290] SCHED: Could not transmit RAR within the window (RA=7281, Window=[7284, 7294), RAR=7294
2024-12-02T19:22:10.218807 [MAC    ] [W] [ 7310] SCHED: Could not transmit RAR within the window (RA=7301, Window=[7304, 7314), RAR=7314
2024-12-02T19:22:10.238828 [MAC    ] [W] [ 7330] SCHED: Could not transmit RAR within the window (RA=7321, Window=[7324, 7334), RAR=7334
2024-12-02T19:22:10.258777 [MAC    ] [W] [ 7350] SCHED: Could not transmit RAR within the window (RA=7341, Window=[7344, 7354), RAR=7354
2024-12-02T19:22:10.278805 [MAC    ] [W] [ 7370] SCHED: Could not transmit RAR within the window (RA=7361, Window=[7364, 7374), RAR=7374
2024-12-02T19:22:10.298833 [MAC    ] [W] [ 7390] SCHED: Could not transmit RAR within the window (RA=7381, Window=[7384, 7394), RAR=7394
2024-12-02T19:22:10.318784 [MAC    ] [W] [ 7410] SCHED: Could not transmit RAR within the window (RA=7401, Window=[7404, 7414), RAR=7414
2024-12-02T19:22:10.338805 [MAC    ] [W] [ 7430] SCHED: Could not transmit RAR within the window (RA=7421, Window=[7424, 7434), RAR=7434
2024-12-02T19:22:10.358827 [MAC    ] [W] [ 7450] SCHED: Could not transmit RAR within the window (RA=7441, Window=[7444, 7454), RAR=7454
2024-12-02T19:22:10.378777 [MAC    ] [W] [ 7470] SCHED: Could not transmit RAR within the window (RA=7461, Window=[7464, 7474), RAR=7474
2024-12-02T19:42:44.096677 [MAC    ] [W] [ 2149] UE buffers: Removing old buffer tti=2144, interval=13
2024-12-02T19:42:44.097746 [MAC    ] [W] [ 2150] UE buffers: Removing old buffer tti=2145, interval=13
2024-12-02T19:42:44.098679 [MAC    ] [W] [ 2151] UE buffers: Removing old buffer tti=2146, interval=13
2024-12-02T19:42:44.099704 [MAC    ] [W] [ 2152] UE buffers: Removing old buffer tti=2147, interval=13
2024-12-02T19:42:44.100677 [MAC    ] [W] [ 2153] UE buffers: Removing old buffer tti=2148, interval=13
2024-12-02T19:43:00.235682 [S1AP   ] [E] Cannot send UE context release request without a MME-UE-S1AP-Id allocated.
2024-12-02T20:28:33.166280 [MAC    ] [W] [ 6900] SCHED: Could not transmit RAR within the window (RA=6891, Window=[6894, 6904), RAR=6904
2024-12-02T20:28:33.186243 [MAC    ] [W] [ 6920] SCHED: Could not transmit RAR within the window (RA=6911, Window=[6914, 6924), RAR=6924
2024-12-02T20:28:33.206253 [MAC    ] [W] [ 6940] SCHED: Could not transmit RAR within the window (RA=6931, Window=[6934, 6944), RAR=6944
2024-12-02T20:28:33.226275 [MAC    ] [W] [ 6960] SCHED: Could not transmit RAR within the window (RA=6951, Window=[6954, 6964), RAR=6964
2024-12-02T20:28:33.756250 [MAC    ] [W] [ 7490] SCHED: Could not transmit RAR within the window (RA=7481, Window=[7484, 7494), RAR=7494
2024-12-02T20:28:44.566261 [MAC    ] [W] [ 8060] SCHED: Could not transmit RAR within the window (RA=8051, Window=[8054, 8064), RAR=8064
2024-12-02T20:28:44.586282 [MAC    ] [W] [ 8080] SCHED: Could not transmit RAR within the window (RA=8071, Window=[8074, 8084), RAR=8084
2024-12-02T20:28:44.606234 [MAC    ] [W] [ 8100] SCHED: Could not transmit RAR within the window (RA=8091, Window=[8094, 8104), RAR=8104
2024-12-02T20:28:44.746256 [MAC    ] [W] [ 8240] SCHED: Could not transmit RAR within the window (RA=8231, Window=[8234, 8244), RAR=8244
2024-12-02T20:28:44.766278 [MAC    ] [W] [ 8260] SCHED: Could not transmit RAR within the window (RA=8251, Window=[8254, 8264), RAR=8264
2024-12-02T20:28:45.326278 [MAC    ] [W] [ 8820] SCHED: Could not transmit RAR within the window (RA=8811, Window=[8814, 8824), RAR=8824
2024-12-02T20:28:45.406230 [MAC    ] [W] [ 8900] SCHED: Could not transmit RAR within the window (RA=8891, Window=[8894, 8904), RAR=8904
2024-12-02T20:28:45.426249 [MAC    ] [W] [ 8920] SCHED: Could not transmit RAR within the window (RA=8911, Window=[8914, 8924), RAR=8924
2024-12-02T20:28:45.506268 [MAC    ] [W] [ 9000] SCHED: Could not transmit RAR within the window (RA=8991, Window=[8994, 9004), RAR=9004
2024-12-02T20:28:56.936218 [MAC    ] [W] [10190] SCHED: Could not transmit RAR within the window (RA=10181, Window=[10184, 10194), RAR=10194
2024-12-02T20:28:56.956243 [MAC    ] [W] [10210] SCHED: Could not transmit RAR within the window (RA=10201, Window=[10204, 10214), RAR=10214
2024-12-02T20:28:57.016234 [MAC    ] [W] [   30] SCHED: Could not transmit RAR within the window (RA=21, Window=[24, 34), RAR=34
2024-12-02T20:28:57.036258 [MAC    ] [W] [   50] SCHED: Could not transmit RAR within the window (RA=41, Window=[44, 54), RAR=54
2024-12-02T20:28:57.096262 [MAC    ] [W] [  110] SCHED: Could not transmit RAR within the window (RA=101, Window=[104, 114), RAR=114
2024-12-02T20:28:57.116279 [MAC    ] [W] [  130] SCHED: Could not transmit RAR within the window (RA=121, Window=[124, 134), RAR=134
2024-12-02T20:28:57.176276 [MAC    ] [W] [  190] SCHED: Could not transmit RAR within the window (RA=181, Window=[184, 194), RAR=194
2024-12-02T20:28:57.196233 [MAC    ] [W] [  210] SCHED: Could not transmit RAR within the window (RA=201, Window=[204, 214), RAR=214
2024-12-02T20:28:57.256232 [MAC    ] [W] [  270] SCHED: Could not transmit RAR within the window (RA=261, Window=[264, 274), RAR=274
2024-12-02T20:28:57.276248 [MAC    ] [W] [  290] SCHED: Could not transmit RAR within the window (RA=281, Window=[284, 294), RAR=294
2024-12-02T20:28:58.176215 [MAC    ] [W] [ 1190] SCHED: Could not transmit RAR within the window (RA=1181, Window=[1184, 1194), RAR=1194
2024-12-02T20:28:58.236216 [MAC    ] [W] [ 1250] SCHED: Could not transmit RAR within the window (RA=1241, Window=[1244, 1254), RAR=1254
2024-12-02T20:28:58.256236 [MAC    ] [W] [ 1270] SCHED: Could not transmit RAR within the window (RA=1261, Window=[1264, 1274), RAR=1274
2024-12-02T20:28:58.316231 [MAC    ] [W] [ 1330] SCHED: Could not transmit RAR within the window (RA=1321, Window=[1324, 1334), RAR=1334
2024-12-02T20:28:58.336252 [MAC    ] [W] [ 1350] SCHED: Could not transmit RAR within the window (RA=1341, Window=[1344, 1354), RAR=1354
2024-12-02T20:28:58.356272 [MAC    ] [W] [ 1370] SCHED: Could not transmit RAR within the window (RA=1361, Window=[1364, 1374), RAR=1374
2024-12-02T20:28:58.376228 [MAC    ] [W] [ 1390] SCHED: Could not transmit RAR within the window (RA=1381, Window=[1384, 1394), RAR=1394
2024-12-02T20:28:58.396251 [MAC    ] [W] [ 1410] SCHED: Could not transmit RAR within the window (RA=1401, Window=[1404, 1414), RAR=1414
2024-12-02T20:28:58.416271 [MAC    ] [W] [ 1430] SCHED: Could not transmit RAR within the window (RA=1421, Window=[1424, 1434), RAR=1434
2024-12-02T20:28:58.436228 [MAC    ] [W] [ 1450] SCHED: Could not transmit RAR within the window (RA=1441, Window=[1444, 1454), RAR=1454
2024-12-02T20:28:58.456249 [MAC    ] [W] [ 1470] SCHED: Could not transmit RAR within the window (RA=1461, Window=[1464, 1474), RAR=1474
2024-12-02T20:28:58.476278 [MAC    ] [W] [ 1490] SCHED: Could not transmit RAR within the window (RA=1481, Window=[1484, 1494), RAR=1494
2024-12-02T20:28:58.496231 [MAC    ] [W] [ 1510] SCHED: Could not transmit RAR within the window (RA=1501, Window=[1504, 1514), RAR=1514
2024-12-02T20:28:58.516280 [MAC    ] [W] [ 1530] SCHED: Could not transmit RAR within the window (RA=1521, Window=[1524, 1534), RAR=1534
2024-12-02T20:28:58.536304 [MAC    ] [W] [ 1550] SCHED: Could not transmit RAR within the window (RA=1541, Window=[1544, 1554), RAR=1554
2024-12-02T20:29:09.236240 [MAC    ] [W] [ 2010] SCHED: Could not transmit RAR within the window (RA=2001, Window=[2004, 2014), RAR=2014
2024-12-02T20:29:09.296233 [MAC    ] [W] [ 2070] SCHED: Could not transmit RAR within the window (RA=2061, Window=[2064, 2074), RAR=2074
2024-12-02T20:29:09.316252 [MAC    ] [W] [ 2090] SCHED: Could not transmit RAR within the window (RA=2081, Window=[2084, 2094), RAR=2094
2024-12-02T20:29:09.376249 [MAC    ] [W] [ 2150] SCHED: Could not transmit RAR within the window (RA=2141, Window=[2144, 2154), RAR=2154
2024-12-02T20:29:09.396205 [MAC    ] [W] [ 2170] SCHED: Could not transmit RAR within the window (RA=2161, Window=[2164, 2174), RAR=2174
2024-12-02T20:29:09.416230 [MAC    ] [W] [ 2190] SCHED: Could not transmit RAR within the window (RA=2181, Window=[2184, 2194), RAR=2194
2024-12-02T20:29:09.436251 [MAC    ] [W] [ 2210] SCHED: Could not transmit RAR within the window (RA=2201, Window=[2204, 2214), RAR=2214
2024-12-02T20:29:09.456214 [MAC    ] [W] [ 2230] SCHED: Could not transmit RAR within the window (RA=2221, Window=[2224, 2234), RAR=2234
2024-12-02T20:29:09.476223 [MAC    ] [W] [ 2250] SCHED: Could not transmit RAR within the window (RA=2241, Window=[2244, 2254), RAR=2254
2024-12-02T20:29:09.496243 [MAC    ] [W] [ 2270] SCHED: Could not transmit RAR within the window (RA=2261, Window=[2264, 2274), RAR=2274
2024-12-02T20:29:09.516263 [MAC    ] [W] [ 2290] SCHED: Could not transmit RAR within the window (RA=2281, Window=[2284, 2294), RAR=2294
2024-12-02T20:29:09.536219 [MAC    ] [W] [ 2310] SCHED: Could not transmit RAR within the window (RA=2301, Window=[2304, 2314), RAR=2314
2024-12-02T20:29:09.556245 [MAC    ] [W] [ 2330] SCHED: Could not transmit RAR within the window (RA=2321, Window=[2324, 2334), RAR=2334
2024-12-02T20:29:09.576265 [MAC    ] [W] [ 2350] SCHED: Could not transmit RAR within the window (RA=2341, Window=[2344, 2354), RAR=2354
2024-12-02T20:29:09.596222 [MAC    ] [W] [ 2370] SCHED: Could not transmit RAR within the window (RA=2361, Window=[2364, 2374), RAR=2374
2024-12-02T20:29:09.616243 [MAC    ] [W] [ 2390] SCHED: Could not transmit RAR within the window (RA=2381, Window=[2384, 2394), RAR=2394
2024-12-02T20:29:09.636260 [MAC    ] [W] [ 2410] SCHED: Could not transmit RAR within the window (RA=2401, Window=[2404, 2414), RAR=2414
2024-12-02T20:29:09.696256 [MAC    ] [W] [ 2470] SCHED: Could not transmit RAR within the window (RA=2461, Window=[2464, 2474), RAR=2474
2024-12-02T20:29:09.716214 [MAC    ] [W] [ 2490] SCHED: Could not transmit RAR within the window (RA=2481, Window=[2484, 2494), RAR=2494
2024-12-02T20:29:09.776244 [MAC    ] [W] [ 2550] SCHED: Could not transmit RAR within the window (RA=2541, Window=[2544, 2554), RAR=2554
2024-12-02T20:29:09.796238 [MAC    ] [W] [ 2570] SCHED: Could not transmit RAR within the window (RA=2561, Window=[2564, 2574), RAR=2574
2024-12-02T20:29:10.016236 [MAC    ] [W] [ 2790] SCHED: Could not transmit RAR within the window (RA=2781, Window=[2784, 2794), RAR=2794
2024-12-02T20:29:10.036228 [MAC    ] [W] [ 2810] SCHED: Could not transmit RAR within the window (RA=2801, Window=[2804, 2814), RAR=2814
2024-12-02T20:29:10.056249 [MAC    ] [W] [ 2830] SCHED: Could not transmit RAR within the window (RA=2821, Window=[2824, 2834), RAR=2834
2024-12-02T20:29:10.076217 [MAC    ] [W] [ 2850] SCHED: Could not transmit RAR within the window (RA=2841, Window=[2844, 2854), RAR=2854
2024-12-02T20:29:10.096227 [MAC    ] [W] [ 2870] SCHED: Could not transmit RAR within the window (RA=2861, Window=[2864, 2874), RAR=2874
2024-12-02T20:29:10.116247 [MAC    ] [W] [ 2890] SCHED: Could not transmit RAR within the window (RA=2881, Window=[2884, 2894), RAR=2894
2024-12-02T20:29:10.136268 [MAC    ] [W] [ 2910] SCHED: Could not transmit RAR within the window (RA=2901, Window=[2904, 2914), RAR=2914
2024-12-02T20:29:10.156223 [MAC    ] [W] [ 2930] SCHED: Could not transmit RAR within the window (RA=2921, Window=[2924, 2934), RAR=2934
2024-12-02T20:29:10.176240 [MAC    ] [W] [ 2950] SCHED: Could not transmit RAR within the window (RA=2941, Window=[2944, 2954), RAR=2954
2024-12-02T20:29:10.196261 [MAC    ] [W] [ 2970] SCHED: Could not transmit RAR within the window (RA=2961, Window=[2964, 2974), RAR=2974
2024-12-02T20:29:10.216220 [MAC    ] [W] [ 2990] SCHED: Could not transmit RAR within the window (RA=2981, Window=[2984, 2994), RAR=2994
2024-12-02T20:29:10.236242 [MAC    ] [W] [ 3010] SCHED: Could not transmit RAR within the window (RA=3001, Window=[3004, 3014), RAR=3014
2024-12-02T20:29:20.666247 [MAC    ] [W] [ 3200] SCHED: Could not transmit RAR within the window (RA=3191, Window=[3194, 3204), RAR=3204
2024-12-02T20:29:20.686204 [MAC    ] [W] [ 3220] SCHED: Could not transmit RAR within the window (RA=3211, Window=[3214, 3224), RAR=3224
2024-12-02T20:29:20.706226 [MAC    ] [W] [ 3240] SCHED: Could not transmit RAR within the window (RA=3231, Window=[3234, 3244), RAR=3244
2024-12-02T20:29:20.846236 [MAC    ] [W] [ 3380] SCHED: Could not transmit RAR within the window (RA=3371, Window=[3374, 3384), RAR=3384
2024-12-02T20:29:20.866193 [MAC    ] [W] [ 3400] SCHED: Could not transmit RAR within the window (RA=3391, Window=[3394, 3404), RAR=3404
2024-12-02T20:29:20.886213 [MAC    ] [W] [ 3420] SCHED: Could not transmit RAR within the window (RA=3411, Window=[3414, 3424), RAR=3424
2024-12-02T20:29:20.946215 [MAC    ] [W] [ 3480] SCHED: Could not transmit RAR within the window (RA=3471, Window=[3474, 3484), RAR=3484
2024-12-02T20:29:20.966236 [MAC    ] [W] [ 3500] SCHED: Could not transmit RAR within the window (RA=3491, Window=[3494, 3504), RAR=3504
2024-12-02T20:29:21.126210 [MAC    ] [W] [ 3660] SCHED: Could not transmit RAR within the window (RA=3651, Window=[3654, 3664), RAR=3664
2024-12-02T20:29:21.146226 [MAC    ] [W] [ 3680] SCHED: Could not transmit RAR within the window (RA=3671, Window=[3674, 3684), RAR=3684
2024-12-02T20:29:21.206223 [MAC    ] [W] [ 3740] SCHED: Could not transmit RAR within the window (RA=3731, Window=[3734, 3744), RAR=3744
2024-12-02T20:29:21.226250 [MAC    ] [W] [ 3760] SCHED: Could not transmit RAR within the window (RA=3751, Window=[3754, 3764), RAR=3764
2024-12-02T20:29:21.286246 [MAC    ] [W] [ 3820] SCHED: Could not transmit RAR within the window (RA=3811, Window=[3814, 3824), RAR=3824
2024-12-02T20:29:21.306203 [MAC    ] [W] [ 3840] SCHED: Could not transmit RAR within the window (RA=3831, Window=[3834, 3844), RAR=3844
2024-12-02T20:29:21.366196 [MAC    ] [W] [ 3900] SCHED: Could not transmit RAR within the window (RA=3891, Window=[3894, 3904), RAR=3904
2024-12-02T20:29:21.386217 [MAC    ] [W] [ 3920] SCHED: Could not transmit RAR within the window (RA=3911, Window=[3914, 3924), RAR=3924
2024-12-02T20:29:21.406240 [MAC    ] [W] [ 3940] SCHED: Could not transmit RAR within the window (RA=3931, Window=[3934, 3944), RAR=3944
2024-12-02T20:29:21.426195 [MAC    ] [W] [ 3960] SCHED: Could not transmit RAR within the window (RA=3951, Window=[3954, 3964), RAR=3964
2024-12-02T20:29:21.446222 [MAC    ] [W] [ 3980] SCHED: Could not transmit RAR within the window (RA=3971, Window=[3974, 3984), RAR=3984
2024-12-02T20:29:21.466244 [MAC    ] [W] [ 4000] SCHED: Could not transmit RAR within the window (RA=3991, Window=[3994, 4004), RAR=4004
2024-12-02T20:29:21.486198 [MAC    ] [W] [ 4020] SCHED: Could not transmit RAR within the window (RA=4011, Window=[4014, 4024), RAR=4024
2024-12-02T20:29:21.546200 [MAC    ] [W] [ 4080] SCHED: Could not transmit RAR within the window (RA=4071, Window=[4074, 4084), RAR=4084
2024-12-02T20:29:21.566217 [MAC    ] [W] [ 4100] SCHED: Could not transmit RAR within the window (RA=4091, Window=[4094, 4104), RAR=4104
2024-12-02T20:29:21.586231 [MAC    ] [W] [ 4120] SCHED: Could not transmit RAR within the window (RA=4111, Window=[4114, 4124), RAR=4124
2024-12-02T20:29:21.606255 [MAC    ] [W] [ 4140] SCHED: Could not transmit RAR within the window (RA=4131, Window=[4134, 4144), RAR=4144
2024-12-02T20:29:21.666252 [MAC    ] [W] [ 4200] SCHED: Could not transmit RAR within the window (RA=4191, Window=[4194, 4204), RAR=4204
2024-12-02T20:29:21.706230 [MAC    ] [W] [ 4240] SCHED: Could not transmit RAR within the window (RA=4231, Window=[4234, 4244), RAR=4244
2024-12-02T20:29:21.726254 [MAC    ] [W] [ 4260] SCHED: Could not transmit RAR within the window (RA=4251, Window=[4254, 4264), RAR=4264
2024-12-02T20:29:21.746211 [MAC    ] [W] [ 4280] SCHED: Could not transmit RAR within the window (RA=4271, Window=[4274, 4284), RAR=4284
2024-12-02T20:29:21.766230 [MAC    ] [W] [ 4300] SCHED: Could not transmit RAR within the window (RA=4291, Window=[4294, 4304), RAR=4304
2024-12-02T20:29:21.786248 [MAC    ] [W] [ 4320] SCHED: Could not transmit RAR within the window (RA=4311, Window=[4314, 4324), RAR=4324
2024-12-02T20:29:21.806205 [MAC    ] [W] [ 4340] SCHED: Could not transmit RAR within the window (RA=4331, Window=[4334, 4344), RAR=4344
2024-12-02T20:29:21.886224 [MAC    ] [W] [ 4420] SCHED: Could not transmit RAR within the window (RA=4411, Window=[4414, 4424), RAR=4424
2024-12-02T20:29:21.946225 [MAC    ] [W] [ 4480] SCHED: Could not transmit RAR within the window (RA=4471, Window=[4474, 4484), RAR=4484
2024-12-02T20:29:21.966246 [MAC    ] [W] [ 4500] SCHED: Could not transmit RAR within the window (RA=4491, Window=[4494, 4504), RAR=4504
2024-12-02T20:29:21.986203 [MAC    ] [W] [ 4520] SCHED: Could not transmit RAR within the window (RA=4511, Window=[4514, 4524), RAR=4524
2024-12-02T20:29:22.006220 [MAC    ] [W] [ 4540] SCHED: Could not transmit RAR within the window (RA=4531, Window=[4534, 4544), RAR=4544
2024-12-02T20:29:22.066224 [MAC    ] [W] [ 4600] SCHED: Could not transmit RAR within the window (RA=4591, Window=[4594, 4604), RAR=4604
2024-12-02T20:29:22.526248 [MAC    ] [W] [ 5060] SCHED: Could not transmit RAR within the window (RA=5051, Window=[5054, 5064), RAR=5064
2024-12-02T20:29:22.546202 [MAC    ] [W] [ 5080] SCHED: Could not transmit RAR within the window (RA=5071, Window=[5074, 5084), RAR=5084
2024-12-02T20:29:22.566219 [MAC    ] [W] [ 5100] SCHED: Could not transmit RAR within the window (RA=5091, Window=[5094, 5104), RAR=5104
2024-12-02T20:29:22.586241 [MAC    ] [W] [ 5120] SCHED: Could not transmit RAR within the window (RA=5111, Window=[5114, 5124), RAR=5124
2024-12-03T00:16:02.088233 [COMN   ] [D] [    0] RxSockets: Closing rx socket handler thread
2024-12-03T00:16:02.089352 [COMN   ] [D] [    0] RxSockets: closed.
2024-12-03T00:16:02.089423 [COMN   ] [D] [    0] Socket=7 was closed.
2024-12-03T00:16:02.092526 [COMN   ] [D] [    0] Socket=-1 could not be closed.
2024-12-03T00:16:02.093027 [COMN   ] [D] [    0] Socket=-1 could not be closed.
