2024-12-16T13:52:02.020116 [ENB    ] [I] Using binary srsenb with arguments: 
2024-12-16T13:52:02.060055 [ENB    ] [I] Built in Release mode using commit ec29b0c1f on branch master.
2024-12-16T13:52:02.104748 [COMN   ] [D] [    0] Opened SCTP socket=7
2024-12-16T13:52:02.104753 [COMN   ] [D] [    0] Setting RTO_INFO options on SCTP socket. Association 0, Initial RTO 3000, Minimum RTO 1000, Maximum RTO 6000
2024-12-16T13:52:02.104772 [COMN   ] [D] [    0] Setting SCTP_INITMSG options on SCTP socket. Max attempts 3, Max init attempts timeout 5000
2024-12-16T13:52:02.104774 [COMN   ] [D] [    0] Successfully bound to address 127.0.1.1:2152
2024-12-16T13:52:02.104779 [COMN   ] [D] [    0] Successfully bound to address 127.0.1.1:0
2024-12-16T13:52:02.104783 [COMN   ] [D] [    0] RxSockets: socket fd=6 has been registered.
2024-12-16T13:52:02.107885 [COMN   ] [D] [    0] RxSockets: socket fd=7 has been registered.
2024-12-16T13:52:55.473919 [RRC    ] [W] Not adding NAS message to connection reconfiguration. E-RAB id 5
2024-12-16T13:52:56.560921 [RLC    ] [W] DRB1: Resetting ACK_SN and N_nack to initial state
2024-12-16T13:53:19.433878 [RLC    ] [W] SRB1: Signaling max number of reTx=4 for SN=2
2024-12-16T13:53:20.697825 [RLC    ] [E] DRB1: Generated empty RLC PDU.
2024-12-16T13:53:23.440969 [GTPU   ] [W] The rnti=0x48, eps-BearerID=5 does not have any pdcp_active tunnel
2024-12-16T13:53:23.479935 [GTPU   ] [W] The rnti=0x48, eps-BearerID=5 does not have any pdcp_active tunnel
2024-12-16T13:53:23.490871 [MAC    ] [W] [ 7624] UE buffers: Removing old buffer tti=7619, interval=13
2024-12-16T13:53:23.491848 [MAC    ] [W] [ 7625] UE buffers: Removing old buffer tti=7620, interval=13
2024-12-16T13:53:23.493803 [MAC    ] [W] [ 7627] UE buffers: Removing old buffer tti=7622, interval=13
2024-12-16T13:53:24.238958 [RRC    ] [W] Not adding NAS message to connection reconfiguration. E-RAB id 5
2024-12-16T15:03:34.091328 [MAC    ] [W] [ 9590] SCHED: Could not transmit RAR within the window (RA=9581, Window=[9584, 9594), RAR=9594
2024-12-16T15:03:34.111290 [MAC    ] [W] [ 9610] SCHED: Could not transmit RAR within the window (RA=9601, Window=[9604, 9614), RAR=9614
2024-12-16T15:03:34.131305 [MAC    ] [W] [ 9630] SCHED: Could not transmit RAR within the window (RA=9621, Window=[9624, 9634), RAR=9634
2024-12-16T15:03:34.151326 [MAC    ] [W] [ 9650] SCHED: Could not transmit RAR within the window (RA=9641, Window=[9644, 9654), RAR=9654
2024-12-16T15:03:34.171348 [MAC    ] [W] [ 9670] SCHED: Could not transmit RAR within the window (RA=9661, Window=[9664, 9674), RAR=9674
2024-12-16T15:03:34.191304 [MAC    ] [W] [ 9690] SCHED: Could not transmit RAR within the window (RA=9681, Window=[9684, 9694), RAR=9694
2024-12-16T15:03:34.211323 [MAC    ] [W] [ 9710] SCHED: Could not transmit RAR within the window (RA=9701, Window=[9704, 9714), RAR=9714
2024-12-16T15:03:34.231344 [MAC    ] [W] [ 9730] SCHED: Could not transmit RAR within the window (RA=9721, Window=[9724, 9734), RAR=9734
2024-12-16T15:03:34.251301 [MAC    ] [W] [ 9750] SCHED: Could not transmit RAR within the window (RA=9741, Window=[9744, 9754), RAR=9754
2024-12-16T15:03:34.271321 [MAC    ] [W] [ 9770] SCHED: Could not transmit RAR within the window (RA=9761, Window=[9764, 9774), RAR=9774
2024-12-16T15:03:34.291342 [MAC    ] [W] [ 9790] SCHED: Could not transmit RAR within the window (RA=9781, Window=[9784, 9794), RAR=9794
2024-12-16T15:03:34.311298 [MAC    ] [W] [ 9810] SCHED: Could not transmit RAR within the window (RA=9801, Window=[9804, 9814), RAR=9814
2024-12-16T15:03:34.331319 [MAC    ] [W] [ 9830] SCHED: Could not transmit RAR within the window (RA=9821, Window=[9824, 9834), RAR=9834
2024-12-16T15:03:34.351342 [MAC    ] [W] [ 9850] SCHED: Could not transmit RAR within the window (RA=9841, Window=[9844, 9854), RAR=9854
2024-12-16T15:03:34.371297 [MAC    ] [W] [ 9870] SCHED: Could not transmit RAR within the window (RA=9861, Window=[9864, 9874), RAR=9874
2024-12-16T15:03:34.391319 [MAC    ] [W] [ 9890] SCHED: Could not transmit RAR within the window (RA=9881, Window=[9884, 9894), RAR=9894
2024-12-16T15:03:34.411336 [MAC    ] [W] [ 9910] SCHED: Could not transmit RAR within the window (RA=9901, Window=[9904, 9914), RAR=9914
2024-12-16T15:03:34.431295 [MAC    ] [W] [ 9930] SCHED: Could not transmit RAR within the window (RA=9921, Window=[9924, 9934), RAR=9934
2024-12-16T15:03:34.471335 [MAC    ] [W] [ 9970] SCHED: Could not transmit RAR within the window (RA=9961, Window=[9964, 9974), RAR=9974
2024-12-16T15:03:34.491291 [MAC    ] [W] [ 9990] SCHED: Could not transmit RAR within the window (RA=9981, Window=[9984, 9994), RAR=9994
2024-12-16T15:03:34.511315 [MAC    ] [W] [10010] SCHED: Could not transmit RAR within the window (RA=10001, Window=[10004, 10014), RAR=10014
2024-12-16T15:03:34.531333 [MAC    ] [W] [10030] SCHED: Could not transmit RAR within the window (RA=10021, Window=[10024, 10034), RAR=10034
2024-12-16T15:03:34.551291 [MAC    ] [W] [10050] SCHED: Could not transmit RAR within the window (RA=10041, Window=[10044, 10054), RAR=10054
2024-12-16T15:03:34.571309 [MAC    ] [W] [10070] SCHED: Could not transmit RAR within the window (RA=10061, Window=[10064, 10074), RAR=10074
2024-12-16T15:03:34.591329 [MAC    ] [W] [10090] SCHED: Could not transmit RAR within the window (RA=10081, Window=[10084, 10094), RAR=10094
2024-12-16T15:03:34.611287 [MAC    ] [W] [10110] SCHED: Could not transmit RAR within the window (RA=10101, Window=[10104, 10114), RAR=10114
2024-12-16T15:03:34.631309 [MAC    ] [W] [10130] SCHED: Could not transmit RAR within the window (RA=10121, Window=[10124, 10134), RAR=10134
2024-12-16T15:03:34.671285 [MAC    ] [W] [10170] SCHED: Could not transmit RAR within the window (RA=10161, Window=[10164, 10174), RAR=10174
2024-12-16T15:03:34.691306 [MAC    ] [W] [10190] SCHED: Could not transmit RAR within the window (RA=10181, Window=[10184, 10194), RAR=10194
2024-12-16T15:03:34.711326 [MAC    ] [W] [10210] SCHED: Could not transmit RAR within the window (RA=10201, Window=[10204, 10214), RAR=10214
2024-12-16T15:03:34.731289 [MAC    ] [W] [10230] SCHED: Could not transmit RAR within the window (RA=10221, Window=[10224, 10234), RAR=10234
2024-12-16T15:03:34.751306 [MAC    ] [W] [   10] SCHED: Could not transmit RAR within the window (RA=1, Window=[4, 14), RAR=14
2024-12-16T15:03:34.771325 [MAC    ] [W] [   30] SCHED: Could not transmit RAR within the window (RA=21, Window=[24, 34), RAR=34
2024-12-16T15:03:34.791347 [MAC    ] [W] [   50] SCHED: Could not transmit RAR within the window (RA=41, Window=[44, 54), RAR=54
2024-12-16T15:03:34.811301 [MAC    ] [W] [   70] SCHED: Could not transmit RAR within the window (RA=61, Window=[64, 74), RAR=74
2024-12-16T15:03:34.831324 [MAC    ] [W] [   90] SCHED: Could not transmit RAR within the window (RA=81, Window=[84, 94), RAR=94
2024-12-16T15:03:34.931297 [MAC    ] [W] [  190] SCHED: Could not transmit RAR within the window (RA=181, Window=[184, 194), RAR=194
2024-12-16T15:03:34.951318 [MAC    ] [W] [  210] SCHED: Could not transmit RAR within the window (RA=201, Window=[204, 214), RAR=214
2024-12-16T15:03:34.971337 [MAC    ] [W] [  230] SCHED: Could not transmit RAR within the window (RA=221, Window=[224, 234), RAR=234
2024-12-16T15:03:34.991296 [MAC    ] [W] [  250] SCHED: Could not transmit RAR within the window (RA=241, Window=[244, 254), RAR=254
2024-12-16T15:03:35.011317 [MAC    ] [W] [  270] SCHED: Could not transmit RAR within the window (RA=261, Window=[264, 274), RAR=274
2024-12-16T15:03:35.031337 [MAC    ] [W] [  290] SCHED: Could not transmit RAR within the window (RA=281, Window=[284, 294), RAR=294
2024-12-16T15:03:35.051293 [MAC    ] [W] [  310] SCHED: Could not transmit RAR within the window (RA=301, Window=[304, 314), RAR=314
2024-12-16T15:03:35.071314 [MAC    ] [W] [  330] SCHED: Could not transmit RAR within the window (RA=321, Window=[324, 334), RAR=334
2024-12-16T15:03:35.091333 [MAC    ] [W] [  350] SCHED: Could not transmit RAR within the window (RA=341, Window=[344, 354), RAR=354
2024-12-16T15:03:35.111291 [MAC    ] [W] [  370] SCHED: Could not transmit RAR within the window (RA=361, Window=[364, 374), RAR=374
2024-12-16T15:03:35.131311 [MAC    ] [W] [  390] SCHED: Could not transmit RAR within the window (RA=381, Window=[384, 394), RAR=394
2024-12-16T15:03:35.151330 [MAC    ] [W] [  410] SCHED: Could not transmit RAR within the window (RA=401, Window=[404, 414), RAR=414
2024-12-16T15:03:35.171289 [MAC    ] [W] [  430] SCHED: Could not transmit RAR within the window (RA=421, Window=[424, 434), RAR=434
2024-12-16T15:03:35.191311 [MAC    ] [W] [  450] SCHED: Could not transmit RAR within the window (RA=441, Window=[444, 454), RAR=454
2024-12-16T15:03:35.211332 [MAC    ] [W] [  470] SCHED: Could not transmit RAR within the window (RA=461, Window=[464, 474), RAR=474
2024-12-16T15:03:35.231286 [MAC    ] [W] [  490] SCHED: Could not transmit RAR within the window (RA=481, Window=[484, 494), RAR=494
2024-12-16T15:03:35.251306 [MAC    ] [W] [  510] SCHED: Could not transmit RAR within the window (RA=501, Window=[504, 514), RAR=514
2024-12-16T15:03:35.271328 [MAC    ] [W] [  530] SCHED: Could not transmit RAR within the window (RA=521, Window=[524, 534), RAR=534
2024-12-16T15:03:35.291283 [MAC    ] [W] [  550] SCHED: Could not transmit RAR within the window (RA=541, Window=[544, 554), RAR=554
2024-12-16T15:03:35.311303 [MAC    ] [W] [  570] SCHED: Could not transmit RAR within the window (RA=561, Window=[564, 574), RAR=574
2024-12-16T15:03:35.331324 [MAC    ] [W] [  590] SCHED: Could not transmit RAR within the window (RA=581, Window=[584, 594), RAR=594
2024-12-16T15:03:35.351289 [MAC    ] [W] [  610] SCHED: Could not transmit RAR within the window (RA=601, Window=[604, 614), RAR=614
2024-12-16T15:03:35.371304 [MAC    ] [W] [  630] SCHED: Could not transmit RAR within the window (RA=621, Window=[624, 634), RAR=634
2024-12-16T15:03:35.391324 [MAC    ] [W] [  650] SCHED: Could not transmit RAR within the window (RA=641, Window=[644, 654), RAR=654
2024-12-16T15:03:35.411347 [MAC    ] [W] [  670] SCHED: Could not transmit RAR within the window (RA=661, Window=[664, 674), RAR=674
2024-12-16T15:03:35.431301 [MAC    ] [W] [  690] SCHED: Could not transmit RAR within the window (RA=681, Window=[684, 694), RAR=694
2024-12-16T15:03:35.451321 [MAC    ] [W] [  710] SCHED: Could not transmit RAR within the window (RA=701, Window=[704, 714), RAR=714
2024-12-16T15:03:35.471341 [MAC    ] [W] [  730] SCHED: Could not transmit RAR within the window (RA=721, Window=[724, 734), RAR=734
2024-12-16T15:03:35.491297 [MAC    ] [W] [  750] SCHED: Could not transmit RAR within the window (RA=741, Window=[744, 754), RAR=754
2024-12-16T15:03:35.511318 [MAC    ] [W] [  770] SCHED: Could not transmit RAR within the window (RA=761, Window=[764, 774), RAR=774
2024-12-16T15:03:35.531338 [MAC    ] [W] [  790] SCHED: Could not transmit RAR within the window (RA=781, Window=[784, 794), RAR=794
2024-12-16T15:03:35.551294 [MAC    ] [W] [  810] SCHED: Could not transmit RAR within the window (RA=801, Window=[804, 814), RAR=814
2024-12-16T15:03:35.571316 [MAC    ] [W] [  830] SCHED: Could not transmit RAR within the window (RA=821, Window=[824, 834), RAR=834
2024-12-16T15:03:35.591337 [MAC    ] [W] [  850] SCHED: Could not transmit RAR within the window (RA=841, Window=[844, 854), RAR=854
2024-12-16T15:03:35.611298 [MAC    ] [W] [  870] SCHED: Could not transmit RAR within the window (RA=861, Window=[864, 874), RAR=874
2024-12-16T15:03:35.631315 [MAC    ] [W] [  890] SCHED: Could not transmit RAR within the window (RA=881, Window=[884, 894), RAR=894
2024-12-16T15:03:35.651337 [MAC    ] [W] [  910] SCHED: Could not transmit RAR within the window (RA=901, Window=[904, 914), RAR=914
2024-12-16T15:03:35.671292 [MAC    ] [W] [  930] SCHED: Could not transmit RAR within the window (RA=921, Window=[924, 934), RAR=934
2024-12-16T15:03:35.691312 [MAC    ] [W] [  950] SCHED: Could not transmit RAR within the window (RA=941, Window=[944, 954), RAR=954
2024-12-16T15:03:35.711332 [MAC    ] [W] [  970] SCHED: Could not transmit RAR within the window (RA=961, Window=[964, 974), RAR=974
2024-12-16T15:03:35.731288 [MAC    ] [W] [  990] SCHED: Could not transmit RAR within the window (RA=981, Window=[984, 994), RAR=994
2024-12-16T15:03:35.751311 [MAC    ] [W] [ 1010] SCHED: Could not transmit RAR within the window (RA=1001, Window=[1004, 1014), RAR=1014
2024-12-16T15:03:35.771330 [MAC    ] [W] [ 1030] SCHED: Could not transmit RAR within the window (RA=1021, Window=[1024, 1034), RAR=1034
2024-12-16T15:03:35.791288 [MAC    ] [W] [ 1050] SCHED: Could not transmit RAR within the window (RA=1041, Window=[1044, 1054), RAR=1054
2024-12-16T15:03:35.811311 [MAC    ] [W] [ 1070] SCHED: Could not transmit RAR within the window (RA=1061, Window=[1064, 1074), RAR=1074
2024-12-16T15:03:35.831328 [MAC    ] [W] [ 1090] SCHED: Could not transmit RAR within the window (RA=1081, Window=[1084, 1094), RAR=1094
2024-12-16T15:03:35.851286 [MAC    ] [W] [ 1110] SCHED: Could not transmit RAR within the window (RA=1101, Window=[1104, 1114), RAR=1114
2024-12-16T15:03:35.871307 [MAC    ] [W] [ 1130] SCHED: Could not transmit RAR within the window (RA=1121, Window=[1124, 1134), RAR=1134
2024-12-16T15:03:35.891328 [MAC    ] [W] [ 1150] SCHED: Could not transmit RAR within the window (RA=1141, Window=[1144, 1154), RAR=1154
2024-12-16T15:03:35.911282 [MAC    ] [W] [ 1170] SCHED: Could not transmit RAR within the window (RA=1161, Window=[1164, 1174), RAR=1174
2024-12-16T15:03:35.931304 [MAC    ] [W] [ 1190] SCHED: Could not transmit RAR within the window (RA=1181, Window=[1184, 1194), RAR=1194
2024-12-16T15:03:35.951324 [MAC    ] [W] [ 1210] SCHED: Could not transmit RAR within the window (RA=1201, Window=[1204, 1214), RAR=1214
2024-12-16T15:03:46.001315 [MAC    ] [W] [ 1020] SCHED: Could not transmit RAR within the window (RA=1011, Window=[1014, 1024), RAR=1024
2024-12-16T15:03:46.021270 [MAC    ] [W] [ 1040] SCHED: Could not transmit RAR within the window (RA=1031, Window=[1034, 1044), RAR=1044
2024-12-16T15:03:46.101285 [MAC    ] [W] [ 1120] SCHED: Could not transmit RAR within the window (RA=1111, Window=[1114, 1124), RAR=1124
2024-12-16T15:03:47.001322 [MAC    ] [W] [ 2020] SCHED: Could not transmit RAR within the window (RA=2011, Window=[2014, 2024), RAR=2024
2024-12-16T15:03:47.021278 [MAC    ] [W] [ 2040] SCHED: Could not transmit RAR within the window (RA=2031, Window=[2034, 2044), RAR=2044
2024-12-16T15:03:47.041295 [MAC    ] [W] [ 2060] SCHED: Could not transmit RAR within the window (RA=2051, Window=[2054, 2064), RAR=2064
2024-12-16T15:03:47.061317 [MAC    ] [W] [ 2080] SCHED: Could not transmit RAR within the window (RA=2071, Window=[2074, 2084), RAR=2084
2024-12-16T15:03:58.011273 [MAC    ] [W] [ 2790] SCHED: Could not transmit RAR within the window (RA=2781, Window=[2784, 2794), RAR=2794
2024-12-16T15:03:58.031293 [MAC    ] [W] [ 2810] SCHED: Could not transmit RAR within the window (RA=2801, Window=[2804, 2814), RAR=2814
2024-12-16T15:03:58.051248 [MAC    ] [W] [ 2830] SCHED: Could not transmit RAR within the window (RA=2821, Window=[2824, 2834), RAR=2834
2024-12-16T15:03:58.071268 [MAC    ] [W] [ 2850] SCHED: Could not transmit RAR within the window (RA=2841, Window=[2844, 2854), RAR=2854
2024-12-16T15:04:18.234269 [S1AP   ] [W] UE context for RNTI:0x17d is in zombie state. Releasing...
2024-12-16T15:04:33.251303 [MAC    ] [W] [ 7310] SCHED: Could not transmit RAR within the window (RA=7301, Window=[7304, 7314), RAR=7314
2024-12-16T15:04:33.271260 [MAC    ] [W] [ 7330] SCHED: Could not transmit RAR within the window (RA=7321, Window=[7324, 7334), RAR=7334
2024-12-16T15:04:33.311301 [MAC    ] [W] [ 7370] SCHED: Could not transmit RAR within the window (RA=7361, Window=[7364, 7374), RAR=7374
2024-12-16T15:04:33.411248 [MAC    ] [W] [ 7470] SCHED: Could not transmit RAR within the window (RA=7461, Window=[7464, 7474), RAR=7474
2024-12-16T15:04:33.431269 [MAC    ] [W] [ 7490] SCHED: Could not transmit RAR within the window (RA=7481, Window=[7484, 7494), RAR=7494
2024-12-16T15:04:33.451258 [MAC    ] [W] [ 7510] SCHED: Could not transmit RAR within the window (RA=7501, Window=[7504, 7514), RAR=7514
2024-12-16T15:04:33.471279 [MAC    ] [W] [ 7530] SCHED: Could not transmit RAR within the window (RA=7521, Window=[7524, 7534), RAR=7534
2024-12-16T15:04:33.491296 [MAC    ] [W] [ 7550] SCHED: Could not transmit RAR within the window (RA=7541, Window=[7544, 7554), RAR=7554
2024-12-16T15:04:33.511253 [MAC    ] [W] [ 7570] SCHED: Could not transmit RAR within the window (RA=7561, Window=[7564, 7574), RAR=7574
2024-12-16T15:04:33.531278 [MAC    ] [W] [ 7590] SCHED: Could not transmit RAR within the window (RA=7581, Window=[7584, 7594), RAR=7594
2024-12-16T15:04:33.551301 [MAC    ] [W] [ 7610] SCHED: Could not transmit RAR within the window (RA=7601, Window=[7604, 7614), RAR=7614
2024-12-16T15:04:33.591274 [MAC    ] [W] [ 7650] SCHED: Could not transmit RAR within the window (RA=7641, Window=[7644, 7654), RAR=7654
2024-12-16T15:04:33.611296 [MAC    ] [W] [ 7670] SCHED: Could not transmit RAR within the window (RA=7661, Window=[7664, 7674), RAR=7674
2024-12-16T15:04:33.631256 [MAC    ] [W] [ 7690] SCHED: Could not transmit RAR within the window (RA=7681, Window=[7684, 7694), RAR=7694
2024-12-16T15:04:33.651272 [MAC    ] [W] [ 7710] SCHED: Could not transmit RAR within the window (RA=7701, Window=[7704, 7714), RAR=7714
2024-12-16T15:04:33.671293 [MAC    ] [W] [ 7730] SCHED: Could not transmit RAR within the window (RA=7721, Window=[7724, 7734), RAR=7734
2024-12-16T15:04:33.691289 [MAC    ] [W] [ 7750] SCHED: Could not transmit RAR within the window (RA=7741, Window=[7744, 7754), RAR=7754
2024-12-16T15:04:34.231264 [MAC    ] [W] [ 8290] SCHED: Could not transmit RAR within the window (RA=8281, Window=[8284, 8294), RAR=8294
2024-12-16T15:04:34.251230 [MAC    ] [W] [ 8310] SCHED: Could not transmit RAR within the window (RA=8301, Window=[8304, 8314), RAR=8314
2024-12-16T15:04:34.271242 [MAC    ] [W] [ 8330] SCHED: Could not transmit RAR within the window (RA=8321, Window=[8324, 8334), RAR=8334
2024-12-16T15:04:34.291263 [MAC    ] [W] [ 8350] SCHED: Could not transmit RAR within the window (RA=8341, Window=[8344, 8354), RAR=8354
2024-12-16T15:04:34.311283 [MAC    ] [W] [ 8370] SCHED: Could not transmit RAR within the window (RA=8361, Window=[8364, 8374), RAR=8374
2024-12-16T15:04:34.331239 [MAC    ] [W] [ 8390] SCHED: Could not transmit RAR within the window (RA=8381, Window=[8384, 8394), RAR=8394
2024-12-16T15:04:34.351259 [MAC    ] [W] [ 8410] SCHED: Could not transmit RAR within the window (RA=8401, Window=[8404, 8414), RAR=8414
2024-12-16T15:04:34.371276 [MAC    ] [W] [ 8430] SCHED: Could not transmit RAR within the window (RA=8421, Window=[8424, 8434), RAR=8434
2024-12-16T15:04:34.391233 [MAC    ] [W] [ 8450] SCHED: Could not transmit RAR within the window (RA=8441, Window=[8444, 8454), RAR=8454
2024-12-16T15:04:34.411256 [MAC    ] [W] [ 8470] SCHED: Could not transmit RAR within the window (RA=8461, Window=[8464, 8474), RAR=8474
2024-12-16T15:04:45.261259 [MAC    ] [W] [ 9080] SCHED: Could not transmit RAR within the window (RA=9071, Window=[9074, 9084), RAR=9084
2024-12-16T15:04:45.281279 [MAC    ] [W] [ 9100] SCHED: Could not transmit RAR within the window (RA=9091, Window=[9094, 9104), RAR=9104
2024-12-16T15:04:45.301237 [MAC    ] [W] [ 9120] SCHED: Could not transmit RAR within the window (RA=9111, Window=[9114, 9124), RAR=9124
2024-12-16T15:04:45.421230 [MAC    ] [W] [ 9240] SCHED: Could not transmit RAR within the window (RA=9231, Window=[9234, 9244), RAR=9244
2024-12-16T15:04:45.441251 [MAC    ] [W] [ 9260] SCHED: Could not transmit RAR within the window (RA=9251, Window=[9254, 9264), RAR=9264
2024-12-16T15:04:45.461278 [MAC    ] [W] [ 9280] SCHED: Could not transmit RAR within the window (RA=9271, Window=[9274, 9284), RAR=9284
2024-12-16T15:04:45.481231 [MAC    ] [W] [ 9300] SCHED: Could not transmit RAR within the window (RA=9291, Window=[9294, 9304), RAR=9304
2024-12-16T15:04:45.501270 [MAC    ] [W] [ 9320] SCHED: Could not transmit RAR within the window (RA=9311, Window=[9314, 9324), RAR=9324
2024-12-16T15:04:45.521276 [MAC    ] [W] [ 9340] SCHED: Could not transmit RAR within the window (RA=9331, Window=[9334, 9344), RAR=9344
2024-12-16T15:04:45.541231 [MAC    ] [W] [ 9360] SCHED: Could not transmit RAR within the window (RA=9351, Window=[9354, 9364), RAR=9364
2024-12-16T15:04:45.561252 [MAC    ] [W] [ 9380] SCHED: Could not transmit RAR within the window (RA=9371, Window=[9374, 9384), RAR=9384
2024-12-16T15:04:45.581268 [MAC    ] [W] [ 9400] SCHED: Could not transmit RAR within the window (RA=9391, Window=[9394, 9404), RAR=9404
2024-12-16T15:04:45.601226 [MAC    ] [W] [ 9420] SCHED: Could not transmit RAR within the window (RA=9411, Window=[9414, 9424), RAR=9424
2024-12-16T15:04:45.621245 [MAC    ] [W] [ 9440] SCHED: Could not transmit RAR within the window (RA=9431, Window=[9434, 9444), RAR=9444
2024-12-16T15:04:45.641270 [MAC    ] [W] [ 9460] SCHED: Could not transmit RAR within the window (RA=9451, Window=[9454, 9464), RAR=9464
2024-12-16T15:04:45.661227 [MAC    ] [W] [ 9480] SCHED: Could not transmit RAR within the window (RA=9471, Window=[9474, 9484), RAR=9484
2024-12-16T15:04:45.681248 [MAC    ] [W] [ 9500] SCHED: Could not transmit RAR within the window (RA=9491, Window=[9494, 9504), RAR=9504
2024-12-16T15:04:45.701269 [MAC    ] [W] [ 9520] SCHED: Could not transmit RAR within the window (RA=9511, Window=[9514, 9524), RAR=9524
2024-12-16T15:04:45.721229 [MAC    ] [W] [ 9540] SCHED: Could not transmit RAR within the window (RA=9531, Window=[9534, 9544), RAR=9544
2024-12-16T15:04:45.741246 [MAC    ] [W] [ 9560] SCHED: Could not transmit RAR within the window (RA=9551, Window=[9554, 9564), RAR=9564
2024-12-16T15:04:45.761266 [MAC    ] [W] [ 9580] SCHED: Could not transmit RAR within the window (RA=9571, Window=[9574, 9584), RAR=9584
2024-12-16T15:04:45.781292 [MAC    ] [W] [ 9600] SCHED: Could not transmit RAR within the window (RA=9591, Window=[9594, 9604), RAR=9604
2024-12-16T15:04:45.801242 [MAC    ] [W] [ 9620] SCHED: Could not transmit RAR within the window (RA=9611, Window=[9614, 9624), RAR=9624
2024-12-16T15:04:45.821261 [MAC    ] [W] [ 9640] SCHED: Could not transmit RAR within the window (RA=9631, Window=[9634, 9644), RAR=9644
2024-12-16T15:04:45.841282 [MAC    ] [W] [ 9660] SCHED: Could not transmit RAR within the window (RA=9651, Window=[9654, 9664), RAR=9664
2024-12-16T15:04:45.861237 [MAC    ] [W] [ 9680] SCHED: Could not transmit RAR within the window (RA=9671, Window=[9674, 9684), RAR=9684
2024-12-16T15:04:45.881258 [MAC    ] [W] [ 9700] SCHED: Could not transmit RAR within the window (RA=9691, Window=[9694, 9704), RAR=9704
2024-12-16T15:04:45.901280 [MAC    ] [W] [ 9720] SCHED: Could not transmit RAR within the window (RA=9711, Window=[9714, 9724), RAR=9724
2024-12-16T15:04:45.921240 [MAC    ] [W] [ 9740] SCHED: Could not transmit RAR within the window (RA=9731, Window=[9734, 9744), RAR=9744
2024-12-16T15:04:45.941257 [MAC    ] [W] [ 9760] SCHED: Could not transmit RAR within the window (RA=9751, Window=[9754, 9764), RAR=9764
2024-12-16T15:04:45.961283 [MAC    ] [W] [ 9780] SCHED: Could not transmit RAR within the window (RA=9771, Window=[9774, 9784), RAR=9784
2024-12-16T15:04:45.981234 [MAC    ] [W] [ 9800] SCHED: Could not transmit RAR within the window (RA=9791, Window=[9794, 9804), RAR=9804
2024-12-16T15:04:46.001258 [MAC    ] [W] [ 9820] SCHED: Could not transmit RAR within the window (RA=9811, Window=[9814, 9824), RAR=9824
2024-12-16T15:04:46.021279 [MAC    ] [W] [ 9840] SCHED: Could not transmit RAR within the window (RA=9831, Window=[9834, 9844), RAR=9844
2024-12-16T15:04:46.041233 [MAC    ] [W] [ 9860] SCHED: Could not transmit RAR within the window (RA=9851, Window=[9854, 9864), RAR=9864
2024-12-16T15:04:46.061253 [MAC    ] [W] [ 9880] SCHED: Could not transmit RAR within the window (RA=9871, Window=[9874, 9884), RAR=9884
2024-12-16T15:04:46.081272 [MAC    ] [W] [ 9900] SCHED: Could not transmit RAR within the window (RA=9891, Window=[9894, 9904), RAR=9904
2024-12-16T15:04:46.101232 [MAC    ] [W] [ 9920] SCHED: Could not transmit RAR within the window (RA=9911, Window=[9914, 9924), RAR=9924
2024-12-16T15:04:46.121248 [MAC    ] [W] [ 9940] SCHED: Could not transmit RAR within the window (RA=9931, Window=[9934, 9944), RAR=9944
2024-12-16T15:04:46.141269 [MAC    ] [W] [ 9960] SCHED: Could not transmit RAR within the window (RA=9951, Window=[9954, 9964), RAR=9964
2024-12-16T15:04:46.161256 [MAC    ] [W] [ 9980] SCHED: Could not transmit RAR within the window (RA=9971, Window=[9974, 9984), RAR=9984
2024-12-16T15:04:46.181281 [MAC    ] [W] [10000] SCHED: Could not transmit RAR within the window (RA=9991, Window=[9994, 10004), RAR=10004
2024-12-16T15:04:46.201274 [MAC    ] [W] [10020] SCHED: Could not transmit RAR within the window (RA=10011, Window=[10014, 10024), RAR=10024
2024-12-16T15:04:46.221262 [MAC    ] [W] [10040] SCHED: Could not transmit RAR within the window (RA=10031, Window=[10034, 10044), RAR=10044
2024-12-16T15:04:46.241255 [MAC    ] [W] [10060] SCHED: Could not transmit RAR within the window (RA=10051, Window=[10054, 10064), RAR=10064
2024-12-16T15:04:46.261275 [MAC    ] [W] [10080] SCHED: Could not transmit RAR within the window (RA=10071, Window=[10074, 10084), RAR=10084
2024-12-16T15:04:46.281229 [MAC    ] [W] [10100] SCHED: Could not transmit RAR within the window (RA=10091, Window=[10094, 10104), RAR=10104
2024-12-16T15:04:46.301248 [MAC    ] [W] [10120] SCHED: Could not transmit RAR within the window (RA=10111, Window=[10114, 10124), RAR=10124
2024-12-16T15:04:46.321263 [MAC    ] [W] [10140] SCHED: Could not transmit RAR within the window (RA=10131, Window=[10134, 10144), RAR=10144
2024-12-16T15:04:46.341236 [MAC    ] [W] [10160] SCHED: Could not transmit RAR within the window (RA=10151, Window=[10154, 10164), RAR=10164
2024-12-16T15:04:46.361241 [MAC    ] [W] [10180] SCHED: Could not transmit RAR within the window (RA=10171, Window=[10174, 10184), RAR=10184
2024-12-16T15:04:46.381264 [MAC    ] [W] [10200] SCHED: Could not transmit RAR within the window (RA=10191, Window=[10194, 10204), RAR=10204
2024-12-16T15:04:46.401320 [MAC    ] [W] [10220] SCHED: Could not transmit RAR within the window (RA=10211, Window=[10214, 10224), RAR=10224
2024-12-16T15:04:46.421241 [MAC    ] [W] [    0] SCHED: Could not transmit RAR within the window (RA=10231, Window=[10234, 4), RAR=4
2024-12-16T15:04:46.441262 [MAC    ] [W] [   20] SCHED: Could not transmit RAR within the window (RA=11, Window=[14, 24), RAR=24
2024-12-16T15:04:46.461281 [MAC    ] [W] [   40] SCHED: Could not transmit RAR within the window (RA=31, Window=[34, 44), RAR=44
2024-12-16T15:04:47.161236 [MAC    ] [W] [  740] SCHED: Could not transmit RAR within the window (RA=731, Window=[734, 744), RAR=744
2024-12-16T15:04:47.181292 [MAC    ] [W] [  760] SCHED: Could not transmit RAR within the window (RA=751, Window=[754, 764), RAR=764
2024-12-16T15:04:47.201287 [MAC    ] [W] [  780] SCHED: Could not transmit RAR within the window (RA=771, Window=[774, 784), RAR=784
2024-12-16T15:04:47.221234 [MAC    ] [W] [  800] SCHED: Could not transmit RAR within the window (RA=791, Window=[794, 804), RAR=804
2024-12-16T15:04:48.285291 [S1AP   ] [W] UE context for RNTI:0x17e is in zombie state. Releasing...
2024-12-16T15:04:57.241280 [MAC    ] [W] [  580] SCHED: Could not transmit RAR within the window (RA=571, Window=[574, 584), RAR=584
2024-12-16T15:04:57.281255 [MAC    ] [W] [  620] SCHED: Could not transmit RAR within the window (RA=611, Window=[614, 624), RAR=624
2024-12-16T15:04:57.301272 [MAC    ] [W] [  640] SCHED: Could not transmit RAR within the window (RA=631, Window=[634, 644), RAR=644
2024-12-16T15:04:57.381226 [MAC    ] [W] [  720] SCHED: Could not transmit RAR within the window (RA=711, Window=[714, 724), RAR=724
2024-12-16T15:04:57.401244 [MAC    ] [W] [  740] SCHED: Could not transmit RAR within the window (RA=731, Window=[734, 744), RAR=744
2024-12-16T15:04:57.421274 [MAC    ] [W] [  760] SCHED: Could not transmit RAR within the window (RA=751, Window=[754, 764), RAR=764
2024-12-16T15:04:57.441230 [MAC    ] [W] [  780] SCHED: Could not transmit RAR within the window (RA=771, Window=[774, 784), RAR=784
2024-12-16T15:04:57.461247 [MAC    ] [W] [  800] SCHED: Could not transmit RAR within the window (RA=791, Window=[794, 804), RAR=804
2024-12-16T15:04:57.481276 [MAC    ] [W] [  820] SCHED: Could not transmit RAR within the window (RA=811, Window=[814, 824), RAR=824
2024-12-16T15:04:57.501239 [MAC    ] [W] [  840] SCHED: Could not transmit RAR within the window (RA=831, Window=[834, 844), RAR=844
2024-12-16T15:04:57.521244 [MAC    ] [W] [  860] SCHED: Could not transmit RAR within the window (RA=851, Window=[854, 864), RAR=864
2024-12-16T15:04:57.541268 [MAC    ] [W] [  880] SCHED: Could not transmit RAR within the window (RA=871, Window=[874, 884), RAR=884
2024-12-16T15:04:57.561287 [MAC    ] [W] [  900] SCHED: Could not transmit RAR within the window (RA=891, Window=[894, 904), RAR=904
2024-12-16T15:04:57.581247 [MAC    ] [W] [  920] SCHED: Could not transmit RAR within the window (RA=911, Window=[914, 924), RAR=924
2024-12-16T15:04:57.601264 [MAC    ] [W] [  940] SCHED: Could not transmit RAR within the window (RA=931, Window=[934, 944), RAR=944
2024-12-16T15:04:57.621288 [MAC    ] [W] [  960] SCHED: Could not transmit RAR within the window (RA=951, Window=[954, 964), RAR=964
2024-12-16T15:04:57.641244 [MAC    ] [W] [  980] SCHED: Could not transmit RAR within the window (RA=971, Window=[974, 984), RAR=984
2024-12-16T15:04:57.661265 [MAC    ] [W] [ 1000] SCHED: Could not transmit RAR within the window (RA=991, Window=[994, 1004), RAR=1004
2024-12-16T15:04:57.681277 [MAC    ] [W] [ 1020] SCHED: Could not transmit RAR within the window (RA=1011, Window=[1014, 1024), RAR=1024
2024-12-16T15:04:57.701240 [MAC    ] [W] [ 1040] SCHED: Could not transmit RAR within the window (RA=1031, Window=[1034, 1044), RAR=1044
2024-12-16T15:04:57.721260 [MAC    ] [W] [ 1060] SCHED: Could not transmit RAR within the window (RA=1051, Window=[1054, 1064), RAR=1064
2024-12-16T15:04:57.741275 [MAC    ] [W] [ 1080] SCHED: Could not transmit RAR within the window (RA=1071, Window=[1074, 1084), RAR=1084
2024-12-16T15:04:57.761237 [MAC    ] [W] [ 1100] SCHED: Could not transmit RAR within the window (RA=1091, Window=[1094, 1104), RAR=1104
2024-12-16T15:04:57.781261 [MAC    ] [W] [ 1120] SCHED: Could not transmit RAR within the window (RA=1111, Window=[1114, 1124), RAR=1124
2024-12-16T15:04:57.801281 [MAC    ] [W] [ 1140] SCHED: Could not transmit RAR within the window (RA=1131, Window=[1134, 1144), RAR=1144
2024-12-16T15:04:57.821238 [MAC    ] [W] [ 1160] SCHED: Could not transmit RAR within the window (RA=1151, Window=[1154, 1164), RAR=1164
2024-12-16T15:04:57.841259 [MAC    ] [W] [ 1180] SCHED: Could not transmit RAR within the window (RA=1171, Window=[1174, 1184), RAR=1184
2024-12-16T15:04:57.861274 [MAC    ] [W] [ 1200] SCHED: Could not transmit RAR within the window (RA=1191, Window=[1194, 1204), RAR=1204
2024-12-16T15:04:57.881236 [MAC    ] [W] [ 1220] SCHED: Could not transmit RAR within the window (RA=1211, Window=[1214, 1224), RAR=1224
2024-12-16T15:04:57.901259 [MAC    ] [W] [ 1240] SCHED: Could not transmit RAR within the window (RA=1231, Window=[1234, 1244), RAR=1244
2024-12-16T15:04:57.921275 [MAC    ] [W] [ 1260] SCHED: Could not transmit RAR within the window (RA=1251, Window=[1254, 1264), RAR=1264
2024-12-16T15:04:57.941231 [MAC    ] [W] [ 1280] SCHED: Could not transmit RAR within the window (RA=1271, Window=[1274, 1284), RAR=1284
2024-12-16T15:11:51.731095 [MAC    ] [W] [ 5470] SCHED: Could not transmit RAR within the window (RA=5461, Window=[5464, 5474), RAR=5474
2024-12-16T15:11:51.751115 [MAC    ] [W] [ 5490] SCHED: Could not transmit RAR within the window (RA=5481, Window=[5484, 5494), RAR=5494
2024-12-16T17:49:34.420582 [S1AP   ] [W] UE context for RNTI:0x32a is in zombie state. Releasing...
2024-12-16T17:49:49.428520 [MAC    ] [W] [  940] SCHED: Could not transmit RAR within the window (RA=931, Window=[934, 944), RAR=944
2024-12-16T17:49:49.448542 [MAC    ] [W] [  960] SCHED: Could not transmit RAR within the window (RA=951, Window=[954, 964), RAR=964
2024-12-16T17:49:49.468501 [MAC    ] [W] [  980] SCHED: Could not transmit RAR within the window (RA=971, Window=[974, 984), RAR=984
2024-12-16T17:49:49.488522 [MAC    ] [W] [ 1000] SCHED: Could not transmit RAR within the window (RA=991, Window=[994, 1004), RAR=1004
2024-12-16T17:49:49.508546 [MAC    ] [W] [ 1020] SCHED: Could not transmit RAR within the window (RA=1011, Window=[1014, 1024), RAR=1024
2024-12-16T17:49:50.968515 [MAC    ] [W] [ 2480] SCHED: Could not transmit RAR within the window (RA=2471, Window=[2474, 2484), RAR=2484
2024-12-16T17:49:50.988532 [MAC    ] [W] [ 2500] SCHED: Could not transmit RAR within the window (RA=2491, Window=[2494, 2504), RAR=2504
2024-12-16T17:49:51.008552 [MAC    ] [W] [ 2520] SCHED: Could not transmit RAR within the window (RA=2511, Window=[2514, 2524), RAR=2524
2024-12-16T17:49:51.028511 [MAC    ] [W] [ 2540] SCHED: Could not transmit RAR within the window (RA=2531, Window=[2534, 2544), RAR=2544
2024-12-16T17:49:51.048533 [MAC    ] [W] [ 2560] SCHED: Could not transmit RAR within the window (RA=2551, Window=[2554, 2564), RAR=2564
2024-12-16T17:49:51.068548 [MAC    ] [W] [ 2580] SCHED: Could not transmit RAR within the window (RA=2571, Window=[2574, 2584), RAR=2584
2024-12-16T17:49:51.088504 [MAC    ] [W] [ 2600] SCHED: Could not transmit RAR within the window (RA=2591, Window=[2594, 2604), RAR=2604
2024-12-16T17:49:51.108531 [MAC    ] [W] [ 2620] SCHED: Could not transmit RAR within the window (RA=2611, Window=[2614, 2624), RAR=2624
2024-12-16T17:49:51.128551 [MAC    ] [W] [ 2640] SCHED: Could not transmit RAR within the window (RA=2631, Window=[2634, 2644), RAR=2644
2024-12-16T17:49:51.148507 [MAC    ] [W] [ 2660] SCHED: Could not transmit RAR within the window (RA=2651, Window=[2654, 2664), RAR=2664
2024-12-16T17:49:51.168529 [MAC    ] [W] [ 2680] SCHED: Could not transmit RAR within the window (RA=2671, Window=[2674, 2684), RAR=2684
2024-12-16T17:49:51.188551 [MAC    ] [W] [ 2700] SCHED: Could not transmit RAR within the window (RA=2691, Window=[2694, 2704), RAR=2704
2024-12-16T17:49:51.208505 [MAC    ] [W] [ 2720] SCHED: Could not transmit RAR within the window (RA=2711, Window=[2714, 2724), RAR=2724
2024-12-16T17:49:51.228528 [MAC    ] [W] [ 2740] SCHED: Could not transmit RAR within the window (RA=2731, Window=[2734, 2744), RAR=2744
2024-12-16T17:49:51.248546 [MAC    ] [W] [ 2760] SCHED: Could not transmit RAR within the window (RA=2751, Window=[2754, 2764), RAR=2764
2024-12-16T17:50:01.428533 [MAC    ] [W] [ 2700] SCHED: Could not transmit RAR within the window (RA=2691, Window=[2694, 2704), RAR=2704
2024-12-16T17:50:01.448489 [MAC    ] [W] [ 2720] SCHED: Could not transmit RAR within the window (RA=2711, Window=[2714, 2724), RAR=2724
2024-12-16T17:50:01.468512 [MAC    ] [W] [ 2740] SCHED: Could not transmit RAR within the window (RA=2731, Window=[2734, 2744), RAR=2744
2024-12-16T17:50:01.488532 [MAC    ] [W] [ 2760] SCHED: Could not transmit RAR within the window (RA=2751, Window=[2754, 2764), RAR=2764
2024-12-16T17:50:01.508493 [MAC    ] [W] [ 2780] SCHED: Could not transmit RAR within the window (RA=2771, Window=[2774, 2784), RAR=2784
2024-12-16T17:50:01.528510 [MAC    ] [W] [ 2800] SCHED: Could not transmit RAR within the window (RA=2791, Window=[2794, 2804), RAR=2804
2024-12-16T17:50:01.568490 [MAC    ] [W] [ 2840] SCHED: Could not transmit RAR within the window (RA=2831, Window=[2834, 2844), RAR=2844
2024-12-16T17:50:01.648509 [MAC    ] [W] [ 2920] SCHED: Could not transmit RAR within the window (RA=2911, Window=[2914, 2924), RAR=2924
2024-12-16T17:50:01.668530 [MAC    ] [W] [ 2940] SCHED: Could not transmit RAR within the window (RA=2931, Window=[2934, 2944), RAR=2944
2024-12-16T17:50:01.688489 [MAC    ] [W] [ 2960] SCHED: Could not transmit RAR within the window (RA=2951, Window=[2954, 2964), RAR=2964
2024-12-16T17:50:01.708523 [MAC    ] [W] [ 2980] SCHED: Could not transmit RAR within the window (RA=2971, Window=[2974, 2984), RAR=2984
2024-12-16T17:50:01.728530 [MAC    ] [W] [ 3000] SCHED: Could not transmit RAR within the window (RA=2991, Window=[2994, 3004), RAR=3004
2024-12-16T17:50:01.748498 [MAC    ] [W] [ 3020] SCHED: Could not transmit RAR within the window (RA=3011, Window=[3014, 3024), RAR=3024
2024-12-16T17:50:01.768506 [MAC    ] [W] [ 3040] SCHED: Could not transmit RAR within the window (RA=3031, Window=[3034, 3044), RAR=3044
2024-12-16T17:50:01.788526 [MAC    ] [W] [ 3060] SCHED: Could not transmit RAR within the window (RA=3051, Window=[3054, 3064), RAR=3064
2024-12-16T17:50:01.808487 [MAC    ] [W] [ 3080] SCHED: Could not transmit RAR within the window (RA=3071, Window=[3074, 3084), RAR=3084
2024-12-16T17:50:01.828499 [MAC    ] [W] [ 3100] SCHED: Could not transmit RAR within the window (RA=3091, Window=[3094, 3104), RAR=3104
2024-12-16T17:50:01.848525 [MAC    ] [W] [ 3120] SCHED: Could not transmit RAR within the window (RA=3111, Window=[3114, 3124), RAR=3124
2024-12-16T17:50:02.228529 [MAC    ] [W] [ 3500] SCHED: Could not transmit RAR within the window (RA=3491, Window=[3494, 3504), RAR=3504
2024-12-16T17:50:02.368490 [MAC    ] [W] [ 3640] SCHED: Could not transmit RAR within the window (RA=3631, Window=[3634, 3644), RAR=3644
2024-12-16T17:50:02.388506 [MAC    ] [W] [ 3660] SCHED: Could not transmit RAR within the window (RA=3651, Window=[3654, 3664), RAR=3664
2024-12-16T17:50:02.408554 [MAC    ] [W] [ 3680] SCHED: Could not transmit RAR within the window (RA=3671, Window=[3674, 3684), RAR=3684
2024-12-16T17:50:02.428487 [MAC    ] [W] [ 3700] SCHED: Could not transmit RAR within the window (RA=3691, Window=[3694, 3704), RAR=3704
2024-12-16T17:50:02.448498 [MAC    ] [W] [ 3720] SCHED: Could not transmit RAR within the window (RA=3711, Window=[3714, 3724), RAR=3724
2024-12-16T17:50:02.468555 [MAC    ] [W] [ 3740] SCHED: Could not transmit RAR within the window (RA=3731, Window=[3734, 3744), RAR=3744
2024-12-16T17:50:02.488524 [MAC    ] [W] [ 3760] SCHED: Could not transmit RAR within the window (RA=3751, Window=[3754, 3764), RAR=3764
2024-12-16T17:50:02.508508 [MAC    ] [W] [ 3780] SCHED: Could not transmit RAR within the window (RA=3771, Window=[3774, 3784), RAR=3784
2024-12-16T17:50:02.528522 [MAC    ] [W] [ 3800] SCHED: Could not transmit RAR within the window (RA=3791, Window=[3794, 3804), RAR=3804
2024-12-16T17:50:02.548478 [MAC    ] [W] [ 3820] SCHED: Could not transmit RAR within the window (RA=3811, Window=[3814, 3824), RAR=3824
2024-12-16T17:50:02.568499 [MAC    ] [W] [ 3840] SCHED: Could not transmit RAR within the window (RA=3831, Window=[3834, 3844), RAR=3844
2024-12-16T17:50:02.588544 [MAC    ] [W] [ 3860] SCHED: Could not transmit RAR within the window (RA=3851, Window=[3854, 3864), RAR=3864
2024-12-16T17:50:02.608524 [MAC    ] [W] [ 3880] SCHED: Could not transmit RAR within the window (RA=3871, Window=[3874, 3884), RAR=3884
2024-12-16T17:50:02.628499 [MAC    ] [W] [ 3900] SCHED: Could not transmit RAR within the window (RA=3891, Window=[3894, 3904), RAR=3904
2024-12-16T17:50:02.648520 [MAC    ] [W] [ 3920] SCHED: Could not transmit RAR within the window (RA=3911, Window=[3914, 3924), RAR=3924
2024-12-16T17:50:02.668537 [MAC    ] [W] [ 3940] SCHED: Could not transmit RAR within the window (RA=3931, Window=[3934, 3944), RAR=3944
2024-12-16T17:50:02.688525 [MAC    ] [W] [ 3960] SCHED: Could not transmit RAR within the window (RA=3951, Window=[3954, 3964), RAR=3964
2024-12-16T17:50:02.708517 [MAC    ] [W] [ 3980] SCHED: Could not transmit RAR within the window (RA=3971, Window=[3974, 3984), RAR=3984
2024-12-16T17:50:02.728535 [MAC    ] [W] [ 4000] SCHED: Could not transmit RAR within the window (RA=3991, Window=[3994, 4004), RAR=4004
2024-12-16T17:50:02.748492 [MAC    ] [W] [ 4020] SCHED: Could not transmit RAR within the window (RA=4011, Window=[4014, 4024), RAR=4024
2024-12-16T17:50:02.768513 [MAC    ] [W] [ 4040] SCHED: Could not transmit RAR within the window (RA=4031, Window=[4034, 4044), RAR=4044
2024-12-16T17:50:02.788546 [MAC    ] [W] [ 4060] SCHED: Could not transmit RAR within the window (RA=4051, Window=[4054, 4064), RAR=4064
2024-12-16T17:50:02.808538 [MAC    ] [W] [ 4080] SCHED: Could not transmit RAR within the window (RA=4071, Window=[4074, 4084), RAR=4084
2024-12-16T17:50:02.828542 [MAC    ] [W] [ 4100] SCHED: Could not transmit RAR within the window (RA=4091, Window=[4094, 4104), RAR=4104
2024-12-16T17:50:02.848556 [MAC    ] [W] [ 4120] SCHED: Could not transmit RAR within the window (RA=4111, Window=[4114, 4124), RAR=4124
2024-12-16T17:50:04.501471 [S1AP   ] [W] UE context for RNTI:0x32b is in zombie state. Releasing...
2024-12-16T20:39:28.676161 [MAC    ] [W] [ 1640] SCHED: Could not transmit RAR within the window (RA=1631, Window=[1634, 1644), RAR=1644
2024-12-16T20:39:28.696179 [MAC    ] [W] [ 1660] SCHED: Could not transmit RAR within the window (RA=1651, Window=[1654, 1664), RAR=1664
2024-12-16T20:39:28.716204 [MAC    ] [W] [ 1680] SCHED: Could not transmit RAR within the window (RA=1671, Window=[1674, 1684), RAR=1684
2024-12-16T20:39:28.736168 [MAC    ] [W] [ 1700] SCHED: Could not transmit RAR within the window (RA=1691, Window=[1694, 1704), RAR=1704
2024-12-16T20:39:28.756191 [MAC    ] [W] [ 1720] SCHED: Could not transmit RAR within the window (RA=1711, Window=[1714, 1724), RAR=1724
2024-12-16T20:39:28.776207 [MAC    ] [W] [ 1740] SCHED: Could not transmit RAR within the window (RA=1731, Window=[1734, 1744), RAR=1744
2024-12-16T20:39:28.796225 [MAC    ] [W] [ 1760] SCHED: Could not transmit RAR within the window (RA=1751, Window=[1754, 1764), RAR=1764
2024-12-16T20:39:28.816182 [MAC    ] [W] [ 1780] SCHED: Could not transmit RAR within the window (RA=1771, Window=[1774, 1784), RAR=1784
2024-12-16T20:39:28.836198 [MAC    ] [W] [ 1800] SCHED: Could not transmit RAR within the window (RA=1791, Window=[1794, 1804), RAR=1804
2024-12-16T20:39:28.856230 [MAC    ] [W] [ 1820] SCHED: Could not transmit RAR within the window (RA=1811, Window=[1814, 1824), RAR=1824
2024-12-16T20:39:28.876180 [MAC    ] [W] [ 1840] SCHED: Could not transmit RAR within the window (RA=1831, Window=[1834, 1844), RAR=1844
2024-12-16T20:39:28.896198 [MAC    ] [W] [ 1860] SCHED: Could not transmit RAR within the window (RA=1851, Window=[1854, 1864), RAR=1864
2024-12-16T20:39:28.916222 [MAC    ] [W] [ 1880] SCHED: Could not transmit RAR within the window (RA=1871, Window=[1874, 1884), RAR=1884
2024-12-16T20:39:28.936178 [MAC    ] [W] [ 1900] SCHED: Could not transmit RAR within the window (RA=1891, Window=[1894, 1904), RAR=1904
2024-12-16T20:39:28.956195 [MAC    ] [W] [ 1920] SCHED: Could not transmit RAR within the window (RA=1911, Window=[1914, 1924), RAR=1924
2024-12-16T20:39:28.976214 [MAC    ] [W] [ 1940] SCHED: Could not transmit RAR within the window (RA=1931, Window=[1934, 1944), RAR=1944
2024-12-16T20:39:28.996172 [MAC    ] [W] [ 1960] SCHED: Could not transmit RAR within the window (RA=1951, Window=[1954, 1964), RAR=1964
2024-12-16T20:39:29.016199 [MAC    ] [W] [ 1980] SCHED: Could not transmit RAR within the window (RA=1971, Window=[1974, 1984), RAR=1984
2024-12-16T20:39:29.036216 [MAC    ] [W] [ 2000] SCHED: Could not transmit RAR within the window (RA=1991, Window=[1994, 2004), RAR=2004
2024-12-16T20:39:29.056177 [MAC    ] [W] [ 2020] SCHED: Could not transmit RAR within the window (RA=2011, Window=[2014, 2024), RAR=2024
2024-12-16T20:39:29.076195 [MAC    ] [W] [ 2040] SCHED: Could not transmit RAR within the window (RA=2031, Window=[2034, 2044), RAR=2044
2024-12-16T20:39:29.096210 [MAC    ] [W] [ 2060] SCHED: Could not transmit RAR within the window (RA=2051, Window=[2054, 2064), RAR=2064
2024-12-16T20:39:29.116167 [MAC    ] [W] [ 2080] SCHED: Could not transmit RAR within the window (RA=2071, Window=[2074, 2084), RAR=2084
2024-12-16T20:39:29.316187 [MAC    ] [W] [ 2280] SCHED: Could not transmit RAR within the window (RA=2271, Window=[2274, 2284), RAR=2284
2024-12-16T20:39:29.336205 [MAC    ] [W] [ 2300] SCHED: Could not transmit RAR within the window (RA=2291, Window=[2294, 2304), RAR=2304
2024-12-16T20:39:29.356171 [MAC    ] [W] [ 2320] SCHED: Could not transmit RAR within the window (RA=2311, Window=[2314, 2324), RAR=2324
2024-12-16T20:39:29.376184 [MAC    ] [W] [ 2340] SCHED: Could not transmit RAR within the window (RA=2331, Window=[2334, 2344), RAR=2344
2024-12-16T20:39:29.396204 [MAC    ] [W] [ 2360] SCHED: Could not transmit RAR within the window (RA=2351, Window=[2354, 2364), RAR=2364
2024-12-16T20:39:29.416225 [MAC    ] [W] [ 2380] SCHED: Could not transmit RAR within the window (RA=2371, Window=[2374, 2384), RAR=2384
2024-12-16T20:39:29.436185 [MAC    ] [W] [ 2400] SCHED: Could not transmit RAR within the window (RA=2391, Window=[2394, 2404), RAR=2404
2024-12-16T20:39:29.456204 [MAC    ] [W] [ 2420] SCHED: Could not transmit RAR within the window (RA=2411, Window=[2414, 2424), RAR=2424
2024-12-16T20:39:29.476223 [MAC    ] [W] [ 2440] SCHED: Could not transmit RAR within the window (RA=2431, Window=[2434, 2444), RAR=2444
2024-12-16T20:39:29.616176 [MAC    ] [W] [ 2580] SCHED: Could not transmit RAR within the window (RA=2571, Window=[2574, 2584), RAR=2584
2024-12-16T20:39:29.636195 [MAC    ] [W] [ 2600] SCHED: Could not transmit RAR within the window (RA=2591, Window=[2594, 2604), RAR=2604
2024-12-16T20:39:29.656215 [MAC    ] [W] [ 2620] SCHED: Could not transmit RAR within the window (RA=2611, Window=[2614, 2624), RAR=2624
2024-12-16T20:39:29.676172 [MAC    ] [W] [ 2640] SCHED: Could not transmit RAR within the window (RA=2631, Window=[2634, 2644), RAR=2644
2024-12-16T20:39:29.696192 [MAC    ] [W] [ 2660] SCHED: Could not transmit RAR within the window (RA=2651, Window=[2654, 2664), RAR=2664
2024-12-16T20:39:29.716214 [MAC    ] [W] [ 2680] SCHED: Could not transmit RAR within the window (RA=2671, Window=[2674, 2684), RAR=2684
2024-12-16T20:39:29.736167 [MAC    ] [W] [ 2700] SCHED: Could not transmit RAR within the window (RA=2691, Window=[2694, 2704), RAR=2704
2024-12-16T20:39:29.756187 [MAC    ] [W] [ 2720] SCHED: Could not transmit RAR within the window (RA=2711, Window=[2714, 2724), RAR=2724
2024-12-16T20:39:29.876182 [MAC    ] [W] [ 2840] SCHED: Could not transmit RAR within the window (RA=2831, Window=[2834, 2844), RAR=2844
2024-12-16T20:39:29.916176 [MAC    ] [W] [ 2880] SCHED: Could not transmit RAR within the window (RA=2871, Window=[2874, 2884), RAR=2884
2024-12-16T20:39:29.936179 [MAC    ] [W] [ 2900] SCHED: Could not transmit RAR within the window (RA=2891, Window=[2894, 2904), RAR=2904
2024-12-16T20:39:29.956205 [MAC    ] [W] [ 2920] SCHED: Could not transmit RAR within the window (RA=2911, Window=[2914, 2924), RAR=2924
2024-12-16T20:39:29.996180 [MAC    ] [W] [ 2960] SCHED: Could not transmit RAR within the window (RA=2951, Window=[2954, 2964), RAR=2964
2024-12-16T20:39:30.016200 [MAC    ] [W] [ 2980] SCHED: Could not transmit RAR within the window (RA=2971, Window=[2974, 2984), RAR=2984
2024-12-16T20:39:30.036216 [MAC    ] [W] [ 3000] SCHED: Could not transmit RAR within the window (RA=2991, Window=[2994, 3004), RAR=3004
2024-12-16T20:39:30.056173 [MAC    ] [W] [ 3020] SCHED: Could not transmit RAR within the window (RA=3011, Window=[3014, 3024), RAR=3024
2024-12-16T20:39:30.076195 [MAC    ] [W] [ 3040] SCHED: Could not transmit RAR within the window (RA=3031, Window=[3034, 3044), RAR=3044
2024-12-16T20:39:30.096220 [MAC    ] [W] [ 3060] SCHED: Could not transmit RAR within the window (RA=3051, Window=[3054, 3064), RAR=3064
2024-12-16T20:39:30.396207 [MAC    ] [W] [ 3360] SCHED: Could not transmit RAR within the window (RA=3351, Window=[3354, 3364), RAR=3364
2024-12-16T20:39:30.416164 [MAC    ] [W] [ 3380] SCHED: Could not transmit RAR within the window (RA=3371, Window=[3374, 3384), RAR=3384
2024-12-16T20:39:30.436183 [MAC    ] [W] [ 3400] SCHED: Could not transmit RAR within the window (RA=3391, Window=[3394, 3404), RAR=3404
2024-12-16T20:39:30.456209 [MAC    ] [W] [ 3420] SCHED: Could not transmit RAR within the window (RA=3411, Window=[3414, 3424), RAR=3424
2024-12-16T20:39:30.476162 [MAC    ] [W] [ 3440] SCHED: Could not transmit RAR within the window (RA=3431, Window=[3434, 3444), RAR=3444
2024-12-16T20:39:30.496188 [MAC    ] [W] [ 3460] SCHED: Could not transmit RAR within the window (RA=3451, Window=[3454, 3464), RAR=3464
2024-12-16T20:39:30.536162 [MAC    ] [W] [ 3500] SCHED: Could not transmit RAR within the window (RA=3491, Window=[3494, 3504), RAR=3504
2024-12-16T20:39:30.556183 [MAC    ] [W] [ 3520] SCHED: Could not transmit RAR within the window (RA=3511, Window=[3514, 3524), RAR=3524
2024-12-16T20:39:30.576203 [MAC    ] [W] [ 3540] SCHED: Could not transmit RAR within the window (RA=3531, Window=[3534, 3544), RAR=3544
2024-12-16T20:39:30.596171 [MAC    ] [W] [ 3560] SCHED: Could not transmit RAR within the window (RA=3551, Window=[3554, 3564), RAR=3564
2024-12-16T20:39:30.616181 [MAC    ] [W] [ 3580] SCHED: Could not transmit RAR within the window (RA=3571, Window=[3574, 3584), RAR=3584
2024-12-16T20:39:30.636199 [MAC    ] [W] [ 3600] SCHED: Could not transmit RAR within the window (RA=3591, Window=[3594, 3604), RAR=3604
2024-12-16T20:39:30.656220 [MAC    ] [W] [ 3620] SCHED: Could not transmit RAR within the window (RA=3611, Window=[3614, 3624), RAR=3624
2024-12-16T20:39:40.676180 [MAC    ] [W] [ 3400] SCHED: Could not transmit RAR within the window (RA=3391, Window=[3394, 3404), RAR=3404
2024-12-16T20:39:40.696203 [MAC    ] [W] [ 3420] SCHED: Could not transmit RAR within the window (RA=3411, Window=[3414, 3424), RAR=3424
2024-12-16T20:39:40.716157 [MAC    ] [W] [ 3440] SCHED: Could not transmit RAR within the window (RA=3431, Window=[3434, 3444), RAR=3444
2024-12-16T20:39:40.736183 [MAC    ] [W] [ 3460] SCHED: Could not transmit RAR within the window (RA=3451, Window=[3454, 3464), RAR=3464
2024-12-16T20:39:40.756206 [MAC    ] [W] [ 3480] SCHED: Could not transmit RAR within the window (RA=3471, Window=[3474, 3484), RAR=3484
2024-12-16T20:39:40.776161 [MAC    ] [W] [ 3500] SCHED: Could not transmit RAR within the window (RA=3491, Window=[3494, 3504), RAR=3504
2024-12-16T20:39:40.796179 [MAC    ] [W] [ 3520] SCHED: Could not transmit RAR within the window (RA=3511, Window=[3514, 3524), RAR=3524
2024-12-16T20:39:40.816205 [MAC    ] [W] [ 3540] SCHED: Could not transmit RAR within the window (RA=3531, Window=[3534, 3544), RAR=3544
2024-12-16T20:39:40.836161 [MAC    ] [W] [ 3560] SCHED: Could not transmit RAR within the window (RA=3551, Window=[3554, 3564), RAR=3564
2024-12-16T20:39:40.856178 [MAC    ] [W] [ 3580] SCHED: Could not transmit RAR within the window (RA=3571, Window=[3574, 3584), RAR=3584
2024-12-16T20:39:40.876198 [MAC    ] [W] [ 3600] SCHED: Could not transmit RAR within the window (RA=3591, Window=[3594, 3604), RAR=3604
2024-12-16T20:39:40.896153 [MAC    ] [W] [ 3620] SCHED: Could not transmit RAR within the window (RA=3611, Window=[3614, 3624), RAR=3624
2024-12-16T20:39:40.916173 [MAC    ] [W] [ 3640] SCHED: Could not transmit RAR within the window (RA=3631, Window=[3634, 3644), RAR=3644
2024-12-16T20:39:40.936194 [MAC    ] [W] [ 3660] SCHED: Could not transmit RAR within the window (RA=3651, Window=[3654, 3664), RAR=3664
2024-12-16T20:39:40.956151 [MAC    ] [W] [ 3680] SCHED: Could not transmit RAR within the window (RA=3671, Window=[3674, 3684), RAR=3684
2024-12-16T20:39:40.976172 [MAC    ] [W] [ 3700] SCHED: Could not transmit RAR within the window (RA=3691, Window=[3694, 3704), RAR=3704
2024-12-16T20:39:40.996196 [MAC    ] [W] [ 3720] SCHED: Could not transmit RAR within the window (RA=3711, Window=[3714, 3724), RAR=3724
2024-12-16T20:39:41.016147 [MAC    ] [W] [ 3740] SCHED: Could not transmit RAR within the window (RA=3731, Window=[3734, 3744), RAR=3744
2024-12-16T20:39:41.036169 [MAC    ] [W] [ 3760] SCHED: Could not transmit RAR within the window (RA=3751, Window=[3754, 3764), RAR=3764
2024-12-16T20:39:41.056194 [MAC    ] [W] [ 3780] SCHED: Could not transmit RAR within the window (RA=3771, Window=[3774, 3784), RAR=3784
2024-12-16T20:39:41.076151 [MAC    ] [W] [ 3800] SCHED: Could not transmit RAR within the window (RA=3791, Window=[3794, 3804), RAR=3804
2024-12-16T20:39:41.096172 [MAC    ] [W] [ 3820] SCHED: Could not transmit RAR within the window (RA=3811, Window=[3814, 3824), RAR=3824
2024-12-16T20:39:41.116193 [MAC    ] [W] [ 3840] SCHED: Could not transmit RAR within the window (RA=3831, Window=[3834, 3844), RAR=3844
2024-12-16T20:39:41.136158 [MAC    ] [W] [ 3860] SCHED: Could not transmit RAR within the window (RA=3851, Window=[3854, 3864), RAR=3864
2024-12-16T20:39:41.156170 [MAC    ] [W] [ 3880] SCHED: Could not transmit RAR within the window (RA=3871, Window=[3874, 3884), RAR=3884
2024-12-16T20:39:41.176190 [MAC    ] [W] [ 3900] SCHED: Could not transmit RAR within the window (RA=3891, Window=[3894, 3904), RAR=3904
2024-12-16T20:39:41.196210 [MAC    ] [W] [ 3920] SCHED: Could not transmit RAR within the window (RA=3911, Window=[3914, 3924), RAR=3924
2024-12-16T20:39:41.216165 [MAC    ] [W] [ 3940] SCHED: Could not transmit RAR within the window (RA=3931, Window=[3934, 3944), RAR=3944
2024-12-16T20:39:41.236192 [MAC    ] [W] [ 3960] SCHED: Could not transmit RAR within the window (RA=3951, Window=[3954, 3964), RAR=3964
2024-12-16T20:39:41.256209 [MAC    ] [W] [ 3980] SCHED: Could not transmit RAR within the window (RA=3971, Window=[3974, 3984), RAR=3984
2024-12-16T20:39:41.276166 [MAC    ] [W] [ 4000] SCHED: Could not transmit RAR within the window (RA=3991, Window=[3994, 4004), RAR=4004
2024-12-16T20:39:41.296184 [MAC    ] [W] [ 4020] SCHED: Could not transmit RAR within the window (RA=4011, Window=[4014, 4024), RAR=4024
2024-12-16T20:39:41.316209 [MAC    ] [W] [ 4040] SCHED: Could not transmit RAR within the window (RA=4031, Window=[4034, 4044), RAR=4044
2024-12-16T20:39:41.336162 [MAC    ] [W] [ 4060] SCHED: Could not transmit RAR within the window (RA=4051, Window=[4054, 4064), RAR=4064
2024-12-16T20:39:41.356185 [MAC    ] [W] [ 4080] SCHED: Could not transmit RAR within the window (RA=4071, Window=[4074, 4084), RAR=4084
2024-12-16T20:39:41.376204 [MAC    ] [W] [ 4100] SCHED: Could not transmit RAR within the window (RA=4091, Window=[4094, 4104), RAR=4104
2024-12-16T20:39:41.396159 [MAC    ] [W] [ 4120] SCHED: Could not transmit RAR within the window (RA=4111, Window=[4114, 4124), RAR=4124
2024-12-16T20:39:41.416185 [MAC    ] [W] [ 4140] SCHED: Could not transmit RAR within the window (RA=4131, Window=[4134, 4144), RAR=4144
2024-12-16T20:39:41.436197 [MAC    ] [W] [ 4160] SCHED: Could not transmit RAR within the window (RA=4151, Window=[4154, 4164), RAR=4164
2024-12-16T20:39:41.456157 [MAC    ] [W] [ 4180] SCHED: Could not transmit RAR within the window (RA=4171, Window=[4174, 4184), RAR=4184
2024-12-16T20:39:41.476178 [MAC    ] [W] [ 4200] SCHED: Could not transmit RAR within the window (RA=4191, Window=[4194, 4204), RAR=4204
2024-12-16T20:39:41.496201 [MAC    ] [W] [ 4220] SCHED: Could not transmit RAR within the window (RA=4211, Window=[4214, 4224), RAR=4224
2024-12-16T20:39:41.516156 [MAC    ] [W] [ 4240] SCHED: Could not transmit RAR within the window (RA=4231, Window=[4234, 4244), RAR=4244
2024-12-16T20:39:41.536172 [MAC    ] [W] [ 4260] SCHED: Could not transmit RAR within the window (RA=4251, Window=[4254, 4264), RAR=4264
2024-12-16T20:39:41.556193 [MAC    ] [W] [ 4280] SCHED: Could not transmit RAR within the window (RA=4271, Window=[4274, 4284), RAR=4284
2024-12-16T20:39:41.576149 [MAC    ] [W] [ 4300] SCHED: Could not transmit RAR within the window (RA=4291, Window=[4294, 4304), RAR=4304
2024-12-16T20:39:41.596170 [MAC    ] [W] [ 4320] SCHED: Could not transmit RAR within the window (RA=4311, Window=[4314, 4324), RAR=4324
2024-12-16T20:39:41.616192 [MAC    ] [W] [ 4340] SCHED: Could not transmit RAR within the window (RA=4331, Window=[4334, 4344), RAR=4344
2024-12-16T20:39:41.636151 [MAC    ] [W] [ 4360] SCHED: Could not transmit RAR within the window (RA=4351, Window=[4354, 4364), RAR=4364
2024-12-16T20:39:41.656169 [MAC    ] [W] [ 4380] SCHED: Could not transmit RAR within the window (RA=4371, Window=[4374, 4384), RAR=4384
2024-12-16T20:39:41.676190 [MAC    ] [W] [ 4400] SCHED: Could not transmit RAR within the window (RA=4391, Window=[4394, 4404), RAR=4404
2024-12-16T20:39:41.696154 [MAC    ] [W] [ 4420] SCHED: Could not transmit RAR within the window (RA=4411, Window=[4414, 4424), RAR=4424
2024-12-16T20:39:41.716169 [MAC    ] [W] [ 4440] SCHED: Could not transmit RAR within the window (RA=4431, Window=[4434, 4444), RAR=4444
2024-12-16T20:39:41.736192 [MAC    ] [W] [ 4460] SCHED: Could not transmit RAR within the window (RA=4451, Window=[4454, 4464), RAR=4464
2024-12-16T20:39:41.756153 [MAC    ] [W] [ 4480] SCHED: Could not transmit RAR within the window (RA=4471, Window=[4474, 4484), RAR=4484
2024-12-16T20:39:41.816204 [MAC    ] [W] [ 4540] SCHED: Could not transmit RAR within the window (RA=4531, Window=[4534, 4544), RAR=4544
2024-12-16T20:39:41.836164 [MAC    ] [W] [ 4560] SCHED: Could not transmit RAR within the window (RA=4551, Window=[4554, 4564), RAR=4564
2024-12-16T20:39:41.856188 [MAC    ] [W] [ 4580] SCHED: Could not transmit RAR within the window (RA=4571, Window=[4574, 4584), RAR=4584
2024-12-16T20:39:41.876203 [MAC    ] [W] [ 4600] SCHED: Could not transmit RAR within the window (RA=4591, Window=[4594, 4604), RAR=4604
2024-12-16T20:39:41.896160 [MAC    ] [W] [ 4620] SCHED: Could not transmit RAR within the window (RA=4611, Window=[4614, 4624), RAR=4624
2024-12-16T20:39:41.916180 [MAC    ] [W] [ 4640] SCHED: Could not transmit RAR within the window (RA=4631, Window=[4634, 4644), RAR=4644
2024-12-16T20:39:41.936200 [MAC    ] [W] [ 4660] SCHED: Could not transmit RAR within the window (RA=4651, Window=[4654, 4664), RAR=4664
2024-12-16T20:39:53.276186 [MAC    ] [W] [ 5760] SCHED: Could not transmit RAR within the window (RA=5751, Window=[5754, 5764), RAR=5764
2024-12-16T20:39:53.296143 [MAC    ] [W] [ 5780] SCHED: Could not transmit RAR within the window (RA=5771, Window=[5774, 5784), RAR=5784
2024-12-16T20:39:53.316158 [MAC    ] [W] [ 5800] SCHED: Could not transmit RAR within the window (RA=5791, Window=[5794, 5804), RAR=5804
2024-12-16T20:39:53.336179 [MAC    ] [W] [ 5820] SCHED: Could not transmit RAR within the window (RA=5811, Window=[5814, 5824), RAR=5824
2024-12-16T20:39:53.356136 [MAC    ] [W] [ 5840] SCHED: Could not transmit RAR within the window (RA=5831, Window=[5834, 5844), RAR=5844
2024-12-16T20:39:53.376156 [MAC    ] [W] [ 5860] SCHED: Could not transmit RAR within the window (RA=5851, Window=[5854, 5864), RAR=5864
2024-12-16T20:39:53.396183 [MAC    ] [W] [ 5880] SCHED: Could not transmit RAR within the window (RA=5871, Window=[5874, 5884), RAR=5884
2024-12-16T20:39:53.456174 [MAC    ] [W] [ 5940] SCHED: Could not transmit RAR within the window (RA=5931, Window=[5934, 5944), RAR=5944
2024-12-16T20:39:53.476129 [MAC    ] [W] [ 5960] SCHED: Could not transmit RAR within the window (RA=5951, Window=[5954, 5964), RAR=5964
2024-12-16T20:39:53.496159 [MAC    ] [W] [ 5980] SCHED: Could not transmit RAR within the window (RA=5971, Window=[5974, 5984), RAR=5984
2024-12-16T20:39:53.536140 [MAC    ] [W] [ 6020] SCHED: Could not transmit RAR within the window (RA=6011, Window=[6014, 6024), RAR=6024
2024-12-16T20:39:53.556152 [MAC    ] [W] [ 6040] SCHED: Could not transmit RAR within the window (RA=6031, Window=[6034, 6044), RAR=6044
2024-12-16T20:39:53.576171 [MAC    ] [W] [ 6060] SCHED: Could not transmit RAR within the window (RA=6051, Window=[6054, 6064), RAR=6064
2024-12-16T20:39:53.596192 [MAC    ] [W] [ 6080] SCHED: Could not transmit RAR within the window (RA=6071, Window=[6074, 6084), RAR=6084
2024-12-16T20:39:53.616148 [MAC    ] [W] [ 6100] SCHED: Could not transmit RAR within the window (RA=6091, Window=[6094, 6104), RAR=6104
2024-12-16T20:39:53.636168 [MAC    ] [W] [ 6120] SCHED: Could not transmit RAR within the window (RA=6111, Window=[6114, 6124), RAR=6124
2024-12-16T20:39:53.656192 [MAC    ] [W] [ 6140] SCHED: Could not transmit RAR within the window (RA=6131, Window=[6134, 6144), RAR=6144
2024-12-16T20:39:53.676147 [MAC    ] [W] [ 6160] SCHED: Could not transmit RAR within the window (RA=6151, Window=[6154, 6164), RAR=6164
2024-12-16T20:39:53.696167 [MAC    ] [W] [ 6180] SCHED: Could not transmit RAR within the window (RA=6171, Window=[6174, 6184), RAR=6184
2024-12-16T20:39:53.716186 [MAC    ] [W] [ 6200] SCHED: Could not transmit RAR within the window (RA=6191, Window=[6194, 6204), RAR=6204
2024-12-16T20:39:53.736144 [MAC    ] [W] [ 6220] SCHED: Could not transmit RAR within the window (RA=6211, Window=[6214, 6224), RAR=6224
2024-12-16T20:39:53.756165 [MAC    ] [W] [ 6240] SCHED: Could not transmit RAR within the window (RA=6231, Window=[6234, 6244), RAR=6244
2024-12-16T20:39:53.776188 [MAC    ] [W] [ 6260] SCHED: Could not transmit RAR within the window (RA=6251, Window=[6254, 6264), RAR=6264
2024-12-16T20:39:53.816166 [MAC    ] [W] [ 6300] SCHED: Could not transmit RAR within the window (RA=6291, Window=[6294, 6304), RAR=6304
2024-12-16T20:39:53.836186 [MAC    ] [W] [ 6320] SCHED: Could not transmit RAR within the window (RA=6311, Window=[6314, 6324), RAR=6324
2024-12-16T20:39:53.856144 [MAC    ] [W] [ 6340] SCHED: Could not transmit RAR within the window (RA=6331, Window=[6334, 6344), RAR=6344
2024-12-16T20:39:53.896185 [MAC    ] [W] [ 6380] SCHED: Could not transmit RAR within the window (RA=6371, Window=[6374, 6384), RAR=6384
2024-12-16T20:39:53.916141 [MAC    ] [W] [ 6400] SCHED: Could not transmit RAR within the window (RA=6391, Window=[6394, 6404), RAR=6404
2024-12-16T20:39:53.936156 [MAC    ] [W] [ 6420] SCHED: Could not transmit RAR within the window (RA=6411, Window=[6414, 6424), RAR=6424
2024-12-16T20:39:53.956180 [MAC    ] [W] [ 6440] SCHED: Could not transmit RAR within the window (RA=6431, Window=[6434, 6444), RAR=6444
2024-12-16T20:39:53.976138 [MAC    ] [W] [ 6460] SCHED: Could not transmit RAR within the window (RA=6451, Window=[6454, 6464), RAR=6464
2024-12-16T20:39:53.996160 [MAC    ] [W] [ 6480] SCHED: Could not transmit RAR within the window (RA=6471, Window=[6474, 6484), RAR=6484
2024-12-16T20:39:54.016176 [MAC    ] [W] [ 6500] SCHED: Could not transmit RAR within the window (RA=6491, Window=[6494, 6504), RAR=6504
2024-12-16T20:39:54.036137 [MAC    ] [W] [ 6520] SCHED: Could not transmit RAR within the window (RA=6511, Window=[6514, 6524), RAR=6524
2024-12-16T20:39:54.056159 [MAC    ] [W] [ 6540] SCHED: Could not transmit RAR within the window (RA=6531, Window=[6534, 6544), RAR=6544
2024-12-16T20:39:54.076176 [MAC    ] [W] [ 6560] SCHED: Could not transmit RAR within the window (RA=6551, Window=[6554, 6564), RAR=6564
2024-12-16T20:39:54.096135 [MAC    ] [W] [ 6580] SCHED: Could not transmit RAR within the window (RA=6571, Window=[6574, 6584), RAR=6584
2024-12-16T20:39:54.136181 [MAC    ] [W] [ 6620] SCHED: Could not transmit RAR within the window (RA=6611, Window=[6614, 6624), RAR=6624
2024-12-16T20:39:54.156139 [MAC    ] [W] [ 6640] SCHED: Could not transmit RAR within the window (RA=6631, Window=[6634, 6644), RAR=6644
2024-12-16T20:39:54.176146 [MAC    ] [W] [ 6660] SCHED: Could not transmit RAR within the window (RA=6651, Window=[6654, 6664), RAR=6664
2024-12-16T20:39:54.196169 [MAC    ] [W] [ 6680] SCHED: Could not transmit RAR within the window (RA=6671, Window=[6674, 6684), RAR=6684
2024-12-16T20:39:54.256169 [MAC    ] [W] [ 6740] SCHED: Could not transmit RAR within the window (RA=6731, Window=[6734, 6744), RAR=6744
2024-12-16T20:39:54.276189 [MAC    ] [W] [ 6760] SCHED: Could not transmit RAR within the window (RA=6751, Window=[6754, 6764), RAR=6764
2024-12-16T20:39:54.316167 [MAC    ] [W] [ 6800] SCHED: Could not transmit RAR within the window (RA=6791, Window=[6794, 6804), RAR=6804
2024-12-16T20:39:54.336188 [MAC    ] [W] [ 6820] SCHED: Could not transmit RAR within the window (RA=6811, Window=[6814, 6824), RAR=6824
2024-12-16T20:39:54.376166 [MAC    ] [W] [ 6860] SCHED: Could not transmit RAR within the window (RA=6851, Window=[6854, 6864), RAR=6864
2024-12-16T20:47:09.607639 [S1AP   ] [W] UE context for RNTI:0x5d8 is in zombie state. Releasing...
2024-12-16T20:47:34.637680 [S1AP   ] [W] UE context for RNTI:0x5d9 is in zombie state. Releasing...
2024-12-16T21:00:13.446870 [S1AP   ] [W] UE context for RNTI:0x5dc is in zombie state. Releasing...
2024-12-16T21:00:28.454840 [MAC    ] [W] [ 1900] SCHED: Could not transmit RAR within the window (RA=1891, Window=[1894, 1904), RAR=1904
2024-12-16T21:00:29.074846 [MAC    ] [W] [ 2520] SCHED: Could not transmit RAR within the window (RA=2511, Window=[2514, 2524), RAR=2524
2024-12-16T21:00:29.094866 [MAC    ] [W] [ 2540] SCHED: Could not transmit RAR within the window (RA=2531, Window=[2534, 2544), RAR=2544
2024-12-16T21:00:29.114886 [MAC    ] [W] [ 2560] SCHED: Could not transmit RAR within the window (RA=2551, Window=[2554, 2564), RAR=2564
2024-12-16T21:00:29.134840 [MAC    ] [W] [ 2580] SCHED: Could not transmit RAR within the window (RA=2571, Window=[2574, 2584), RAR=2584
2024-12-16T21:00:29.154857 [MAC    ] [W] [ 2600] SCHED: Could not transmit RAR within the window (RA=2591, Window=[2594, 2604), RAR=2604
2024-12-16T21:00:29.174877 [MAC    ] [W] [ 2620] SCHED: Could not transmit RAR within the window (RA=2611, Window=[2614, 2624), RAR=2624
2024-12-16T21:00:29.194848 [MAC    ] [W] [ 2640] SCHED: Could not transmit RAR within the window (RA=2631, Window=[2634, 2644), RAR=2644
2024-12-16T21:00:29.214859 [MAC    ] [W] [ 2660] SCHED: Could not transmit RAR within the window (RA=2651, Window=[2654, 2664), RAR=2664
2024-12-16T21:00:29.234885 [MAC    ] [W] [ 2680] SCHED: Could not transmit RAR within the window (RA=2671, Window=[2674, 2684), RAR=2684
2024-12-16T21:00:29.254905 [MAC    ] [W] [ 2700] SCHED: Could not transmit RAR within the window (RA=2691, Window=[2694, 2704), RAR=2704
2024-12-16T21:00:29.274861 [MAC    ] [W] [ 2720] SCHED: Could not transmit RAR within the window (RA=2711, Window=[2714, 2724), RAR=2724
2024-12-16T21:00:29.294882 [MAC    ] [W] [ 2740] SCHED: Could not transmit RAR within the window (RA=2731, Window=[2734, 2744), RAR=2744
2024-12-16T21:00:29.314903 [MAC    ] [W] [ 2760] SCHED: Could not transmit RAR within the window (RA=2751, Window=[2754, 2764), RAR=2764
2024-12-16T21:00:29.334858 [MAC    ] [W] [ 2780] SCHED: Could not transmit RAR within the window (RA=2771, Window=[2774, 2784), RAR=2784
2024-12-16T21:00:29.354880 [MAC    ] [W] [ 2800] SCHED: Could not transmit RAR within the window (RA=2791, Window=[2794, 2804), RAR=2804
2024-12-16T21:00:29.374898 [MAC    ] [W] [ 2820] SCHED: Could not transmit RAR within the window (RA=2811, Window=[2814, 2824), RAR=2824
2024-12-16T21:00:29.394857 [MAC    ] [W] [ 2840] SCHED: Could not transmit RAR within the window (RA=2831, Window=[2834, 2844), RAR=2844
2024-12-16T21:00:29.414878 [MAC    ] [W] [ 2860] SCHED: Could not transmit RAR within the window (RA=2851, Window=[2854, 2864), RAR=2864
2024-12-16T21:00:30.154867 [MAC    ] [W] [ 3600] SCHED: Could not transmit RAR within the window (RA=3591, Window=[3594, 3604), RAR=3604
2024-12-16T21:00:40.474889 [MAC    ] [W] [ 3680] SCHED: Could not transmit RAR within the window (RA=3671, Window=[3674, 3684), RAR=3684
2024-12-16T21:00:40.494841 [MAC    ] [W] [ 3700] SCHED: Could not transmit RAR within the window (RA=3691, Window=[3694, 3704), RAR=3704
2024-12-16T21:00:40.514862 [MAC    ] [W] [ 3720] SCHED: Could not transmit RAR within the window (RA=3711, Window=[3714, 3724), RAR=3724
2024-12-16T21:00:40.614836 [MAC    ] [W] [ 3820] SCHED: Could not transmit RAR within the window (RA=3811, Window=[3814, 3824), RAR=3824
2024-12-16T21:00:40.634861 [MAC    ] [W] [ 3840] SCHED: Could not transmit RAR within the window (RA=3831, Window=[3834, 3844), RAR=3844
2024-12-16T21:00:40.654883 [MAC    ] [W] [ 3860] SCHED: Could not transmit RAR within the window (RA=3851, Window=[3854, 3864), RAR=3864
2024-12-16T21:00:40.674840 [MAC    ] [W] [ 3880] SCHED: Could not transmit RAR within the window (RA=3871, Window=[3874, 3884), RAR=3884
2024-12-16T21:00:40.694858 [MAC    ] [W] [ 3900] SCHED: Could not transmit RAR within the window (RA=3891, Window=[3894, 3904), RAR=3904
2024-12-16T21:00:40.714882 [MAC    ] [W] [ 3920] SCHED: Could not transmit RAR within the window (RA=3911, Window=[3914, 3924), RAR=3924
2024-12-16T21:00:40.734841 [MAC    ] [W] [ 3940] SCHED: Could not transmit RAR within the window (RA=3931, Window=[3934, 3944), RAR=3944
2024-12-16T21:00:40.754855 [MAC    ] [W] [ 3960] SCHED: Could not transmit RAR within the window (RA=3951, Window=[3954, 3964), RAR=3964
2024-12-16T21:00:40.774879 [MAC    ] [W] [ 3980] SCHED: Could not transmit RAR within the window (RA=3971, Window=[3974, 3984), RAR=3984
2024-12-16T21:00:40.794834 [MAC    ] [W] [ 4000] SCHED: Could not transmit RAR within the window (RA=3991, Window=[3994, 4004), RAR=4004
2024-12-16T21:00:40.814853 [MAC    ] [W] [ 4020] SCHED: Could not transmit RAR within the window (RA=4011, Window=[4014, 4024), RAR=4024
2024-12-16T21:00:40.834885 [MAC    ] [W] [ 4040] SCHED: Could not transmit RAR within the window (RA=4031, Window=[4034, 4044), RAR=4044
2024-12-16T21:00:40.854839 [MAC    ] [W] [ 4060] SCHED: Could not transmit RAR within the window (RA=4051, Window=[4054, 4064), RAR=4064
2024-12-16T21:00:40.874859 [MAC    ] [W] [ 4080] SCHED: Could not transmit RAR within the window (RA=4071, Window=[4074, 4084), RAR=4084
2024-12-16T21:00:40.894871 [MAC    ] [W] [ 4100] SCHED: Could not transmit RAR within the window (RA=4091, Window=[4094, 4104), RAR=4104
2024-12-16T21:00:40.914827 [MAC    ] [W] [ 4120] SCHED: Could not transmit RAR within the window (RA=4111, Window=[4114, 4124), RAR=4124
2024-12-16T21:00:40.934847 [MAC    ] [W] [ 4140] SCHED: Could not transmit RAR within the window (RA=4131, Window=[4134, 4144), RAR=4144
2024-12-16T21:00:40.954863 [MAC    ] [W] [ 4160] SCHED: Could not transmit RAR within the window (RA=4151, Window=[4154, 4164), RAR=4164
2024-12-16T21:00:40.974834 [MAC    ] [W] [ 4180] SCHED: Could not transmit RAR within the window (RA=4171, Window=[4174, 4184), RAR=4184
2024-12-16T21:00:40.994845 [MAC    ] [W] [ 4200] SCHED: Could not transmit RAR within the window (RA=4191, Window=[4194, 4204), RAR=4204
2024-12-16T21:00:41.014871 [MAC    ] [W] [ 4220] SCHED: Could not transmit RAR within the window (RA=4211, Window=[4214, 4224), RAR=4224
2024-12-16T21:00:41.034887 [MAC    ] [W] [ 4240] SCHED: Could not transmit RAR within the window (RA=4231, Window=[4234, 4244), RAR=4244
2024-12-16T21:00:41.054844 [MAC    ] [W] [ 4260] SCHED: Could not transmit RAR within the window (RA=4251, Window=[4254, 4264), RAR=4264
2024-12-16T21:00:41.074870 [MAC    ] [W] [ 4280] SCHED: Could not transmit RAR within the window (RA=4271, Window=[4274, 4284), RAR=4284
2024-12-16T21:00:41.094888 [MAC    ] [W] [ 4300] SCHED: Could not transmit RAR within the window (RA=4291, Window=[4294, 4304), RAR=4304
2024-12-16T21:00:41.114840 [MAC    ] [W] [ 4320] SCHED: Could not transmit RAR within the window (RA=4311, Window=[4314, 4324), RAR=4324
2024-12-16T21:00:41.134862 [MAC    ] [W] [ 4340] SCHED: Could not transmit RAR within the window (RA=4331, Window=[4334, 4344), RAR=4344
2024-12-16T21:00:41.154887 [MAC    ] [W] [ 4360] SCHED: Could not transmit RAR within the window (RA=4351, Window=[4354, 4364), RAR=4364
2024-12-16T21:00:41.174844 [MAC    ] [W] [ 4380] SCHED: Could not transmit RAR within the window (RA=4371, Window=[4374, 4384), RAR=4384
2024-12-16T21:00:41.194867 [MAC    ] [W] [ 4400] SCHED: Could not transmit RAR within the window (RA=4391, Window=[4394, 4404), RAR=4404
2024-12-16T21:00:41.214887 [MAC    ] [W] [ 4420] SCHED: Could not transmit RAR within the window (RA=4411, Window=[4414, 4424), RAR=4424
2024-12-16T21:00:41.234840 [MAC    ] [W] [ 4440] SCHED: Could not transmit RAR within the window (RA=4431, Window=[4434, 4444), RAR=4444
2024-12-16T21:00:41.254862 [MAC    ] [W] [ 4460] SCHED: Could not transmit RAR within the window (RA=4451, Window=[4454, 4464), RAR=4464
2024-12-16T21:00:41.274881 [MAC    ] [W] [ 4480] SCHED: Could not transmit RAR within the window (RA=4471, Window=[4474, 4484), RAR=4484
2024-12-16T21:00:41.294841 [MAC    ] [W] [ 4500] SCHED: Could not transmit RAR within the window (RA=4491, Window=[4494, 4504), RAR=4504
2024-12-16T21:00:41.314855 [MAC    ] [W] [ 4520] SCHED: Could not transmit RAR within the window (RA=4511, Window=[4514, 4524), RAR=4524
2024-12-16T21:00:41.334875 [MAC    ] [W] [ 4540] SCHED: Could not transmit RAR within the window (RA=4531, Window=[4534, 4544), RAR=4544
2024-12-16T21:00:41.374854 [MAC    ] [W] [ 4580] SCHED: Could not transmit RAR within the window (RA=4571, Window=[4574, 4584), RAR=4584
2024-12-16T21:00:41.394873 [MAC    ] [W] [ 4600] SCHED: Could not transmit RAR within the window (RA=4591, Window=[4594, 4604), RAR=4604
2024-12-16T21:00:41.414829 [MAC    ] [W] [ 4620] SCHED: Could not transmit RAR within the window (RA=4611, Window=[4614, 4624), RAR=4624
2024-12-16T21:00:41.434849 [MAC    ] [W] [ 4640] SCHED: Could not transmit RAR within the window (RA=4631, Window=[4634, 4644), RAR=4644
2024-12-16T21:00:41.454872 [MAC    ] [W] [ 4660] SCHED: Could not transmit RAR within the window (RA=4651, Window=[4654, 4664), RAR=4664
2024-12-16T21:00:41.474829 [MAC    ] [W] [ 4680] SCHED: Could not transmit RAR within the window (RA=4671, Window=[4674, 4684), RAR=4684
2024-12-16T21:00:41.494853 [MAC    ] [W] [ 4700] SCHED: Could not transmit RAR within the window (RA=4691, Window=[4694, 4704), RAR=4704
2024-12-16T21:00:41.514872 [MAC    ] [W] [ 4720] SCHED: Could not transmit RAR within the window (RA=4711, Window=[4714, 4724), RAR=4724
2024-12-16T21:00:41.534830 [MAC    ] [W] [ 4740] SCHED: Could not transmit RAR within the window (RA=4731, Window=[4734, 4744), RAR=4744
2024-12-16T21:00:41.554851 [MAC    ] [W] [ 4760] SCHED: Could not transmit RAR within the window (RA=4751, Window=[4754, 4764), RAR=4764
2024-12-16T21:00:41.574874 [MAC    ] [W] [ 4780] SCHED: Could not transmit RAR within the window (RA=4771, Window=[4774, 4784), RAR=4784
2024-12-16T21:00:41.594839 [MAC    ] [W] [ 4800] SCHED: Could not transmit RAR within the window (RA=4791, Window=[4794, 4804), RAR=4804
2024-12-16T21:00:41.614849 [MAC    ] [W] [ 4820] SCHED: Could not transmit RAR within the window (RA=4811, Window=[4814, 4824), RAR=4824
2024-12-16T21:00:41.634868 [MAC    ] [W] [ 4840] SCHED: Could not transmit RAR within the window (RA=4831, Window=[4834, 4844), RAR=4844
2024-12-16T21:00:41.654891 [MAC    ] [W] [ 4860] SCHED: Could not transmit RAR within the window (RA=4851, Window=[4854, 4864), RAR=4864
2024-12-16T21:00:41.674849 [MAC    ] [W] [ 4880] SCHED: Could not transmit RAR within the window (RA=4871, Window=[4874, 4884), RAR=4884
2024-12-16T21:00:41.694871 [MAC    ] [W] [ 4900] SCHED: Could not transmit RAR within the window (RA=4891, Window=[4894, 4904), RAR=4904
2024-12-16T21:00:41.714890 [MAC    ] [W] [ 4920] SCHED: Could not transmit RAR within the window (RA=4911, Window=[4914, 4924), RAR=4924
2024-12-16T21:00:41.954877 [MAC    ] [W] [ 5160] SCHED: Could not transmit RAR within the window (RA=5151, Window=[5154, 5164), RAR=5164
2024-12-16T21:00:42.234849 [MAC    ] [W] [ 5440] SCHED: Could not transmit RAR within the window (RA=5431, Window=[5434, 5444), RAR=5444
2024-12-16T21:00:42.254868 [MAC    ] [W] [ 5460] SCHED: Could not transmit RAR within the window (RA=5451, Window=[5454, 5464), RAR=5464
2024-12-16T21:00:42.274890 [MAC    ] [W] [ 5480] SCHED: Could not transmit RAR within the window (RA=5471, Window=[5474, 5484), RAR=5484
2024-12-16T21:00:42.294843 [MAC    ] [W] [ 5500] SCHED: Could not transmit RAR within the window (RA=5491, Window=[5494, 5504), RAR=5504
2024-12-16T21:00:42.314865 [MAC    ] [W] [ 5520] SCHED: Could not transmit RAR within the window (RA=5511, Window=[5514, 5524), RAR=5524
2024-12-16T21:00:42.334883 [MAC    ] [W] [ 5540] SCHED: Could not transmit RAR within the window (RA=5531, Window=[5534, 5544), RAR=5544
2024-12-16T21:00:42.354846 [MAC    ] [W] [ 5560] SCHED: Could not transmit RAR within the window (RA=5551, Window=[5554, 5564), RAR=5564
2024-12-16T21:00:42.374863 [MAC    ] [W] [ 5580] SCHED: Could not transmit RAR within the window (RA=5571, Window=[5574, 5584), RAR=5584
2024-12-16T21:00:42.394888 [MAC    ] [W] [ 5600] SCHED: Could not transmit RAR within the window (RA=5591, Window=[5594, 5604), RAR=5604
2024-12-16T21:00:42.414846 [MAC    ] [W] [ 5620] SCHED: Could not transmit RAR within the window (RA=5611, Window=[5614, 5624), RAR=5624
2024-12-16T21:00:43.494841 [S1AP   ] [W] UE context for RNTI:0x5dd is in zombie state. Releasing...
2024-12-16T21:00:52.554894 [MAC    ] [W] [ 5520] SCHED: Could not transmit RAR within the window (RA=5511, Window=[5514, 5524), RAR=5524
2024-12-16T21:00:52.574826 [MAC    ] [W] [ 5540] SCHED: Could not transmit RAR within the window (RA=5531, Window=[5534, 5544), RAR=5544
2024-12-16T21:00:52.594841 [MAC    ] [W] [ 5560] SCHED: Could not transmit RAR within the window (RA=5551, Window=[5554, 5564), RAR=5564
2024-12-16T21:00:52.634818 [MAC    ] [W] [ 5600] SCHED: Could not transmit RAR within the window (RA=5591, Window=[5594, 5604), RAR=5604
2024-12-16T21:00:52.654839 [MAC    ] [W] [ 5620] SCHED: Could not transmit RAR within the window (RA=5611, Window=[5614, 5624), RAR=5624
2024-12-16T21:00:52.674865 [MAC    ] [W] [ 5640] SCHED: Could not transmit RAR within the window (RA=5631, Window=[5634, 5644), RAR=5644
2024-12-16T21:00:52.694817 [MAC    ] [W] [ 5660] SCHED: Could not transmit RAR within the window (RA=5651, Window=[5654, 5664), RAR=5664
2024-12-16T21:00:52.714841 [MAC    ] [W] [ 5680] SCHED: Could not transmit RAR within the window (RA=5671, Window=[5674, 5684), RAR=5684
2024-12-16T21:00:52.734861 [MAC    ] [W] [ 5700] SCHED: Could not transmit RAR within the window (RA=5691, Window=[5694, 5704), RAR=5704
2024-12-16T21:00:52.754827 [MAC    ] [W] [ 5720] SCHED: Could not transmit RAR within the window (RA=5711, Window=[5714, 5724), RAR=5724
2024-12-16T21:00:52.774837 [MAC    ] [W] [ 5740] SCHED: Could not transmit RAR within the window (RA=5731, Window=[5734, 5744), RAR=5744
2024-12-16T21:00:52.794859 [MAC    ] [W] [ 5760] SCHED: Could not transmit RAR within the window (RA=5751, Window=[5754, 5764), RAR=5764
2024-12-16T21:00:52.814878 [MAC    ] [W] [ 5780] SCHED: Could not transmit RAR within the window (RA=5771, Window=[5774, 5784), RAR=5784
2024-12-16T21:00:52.834837 [MAC    ] [W] [ 5800] SCHED: Could not transmit RAR within the window (RA=5791, Window=[5794, 5804), RAR=5804
2024-12-16T21:00:52.854854 [MAC    ] [W] [ 5820] SCHED: Could not transmit RAR within the window (RA=5811, Window=[5814, 5824), RAR=5824
2024-12-16T21:00:52.874878 [MAC    ] [W] [ 5840] SCHED: Could not transmit RAR within the window (RA=5831, Window=[5834, 5844), RAR=5844
2024-12-16T21:00:52.894834 [MAC    ] [W] [ 5860] SCHED: Could not transmit RAR within the window (RA=5851, Window=[5854, 5864), RAR=5864
2024-12-16T21:00:52.914855 [MAC    ] [W] [ 5880] SCHED: Could not transmit RAR within the window (RA=5871, Window=[5874, 5884), RAR=5884
2024-12-16T21:00:52.934878 [MAC    ] [W] [ 5900] SCHED: Could not transmit RAR within the window (RA=5891, Window=[5894, 5904), RAR=5904
2024-12-16T21:00:52.954831 [MAC    ] [W] [ 5920] SCHED: Could not transmit RAR within the window (RA=5911, Window=[5914, 5924), RAR=5924
2024-12-16T21:00:52.974850 [MAC    ] [W] [ 5940] SCHED: Could not transmit RAR within the window (RA=5931, Window=[5934, 5944), RAR=5944
2024-12-16T21:00:52.994866 [MAC    ] [W] [ 5960] SCHED: Could not transmit RAR within the window (RA=5951, Window=[5954, 5964), RAR=5964
2024-12-16T21:00:53.014828 [MAC    ] [W] [ 5980] SCHED: Could not transmit RAR within the window (RA=5971, Window=[5974, 5984), RAR=5984
2024-12-16T21:00:53.034850 [MAC    ] [W] [ 6000] SCHED: Could not transmit RAR within the window (RA=5991, Window=[5994, 6004), RAR=6004
2024-12-16T21:00:53.154845 [MAC    ] [W] [ 6120] SCHED: Could not transmit RAR within the window (RA=6111, Window=[6114, 6124), RAR=6124
2024-12-16T21:00:53.174894 [MAC    ] [W] [ 6140] SCHED: Could not transmit RAR within the window (RA=6131, Window=[6134, 6144), RAR=6144
2024-12-16T21:00:53.194846 [MAC    ] [W] [ 6160] SCHED: Could not transmit RAR within the window (RA=6151, Window=[6154, 6164), RAR=6164
2024-12-16T21:00:53.214867 [MAC    ] [W] [ 6180] SCHED: Could not transmit RAR within the window (RA=6171, Window=[6174, 6184), RAR=6184
2024-12-16T21:00:53.234863 [MAC    ] [W] [ 6200] SCHED: Could not transmit RAR within the window (RA=6191, Window=[6194, 6204), RAR=6204
2024-12-16T21:00:53.254816 [MAC    ] [W] [ 6220] SCHED: Could not transmit RAR within the window (RA=6211, Window=[6214, 6224), RAR=6224
2024-12-16T21:00:53.274831 [MAC    ] [W] [ 6240] SCHED: Could not transmit RAR within the window (RA=6231, Window=[6234, 6244), RAR=6244
2024-12-16T21:00:53.294860 [MAC    ] [W] [ 6260] SCHED: Could not transmit RAR within the window (RA=6251, Window=[6254, 6264), RAR=6264
2024-12-16T21:00:53.314818 [MAC    ] [W] [ 6280] SCHED: Could not transmit RAR within the window (RA=6271, Window=[6274, 6284), RAR=6284
2024-12-16T21:00:53.334836 [MAC    ] [W] [ 6300] SCHED: Could not transmit RAR within the window (RA=6291, Window=[6294, 6304), RAR=6304
2024-12-16T21:00:53.354857 [MAC    ] [W] [ 6320] SCHED: Could not transmit RAR within the window (RA=6311, Window=[6314, 6324), RAR=6324
2024-12-16T21:00:53.374848 [MAC    ] [W] [ 6340] SCHED: Could not transmit RAR within the window (RA=6331, Window=[6334, 6344), RAR=6344
2024-12-16T21:00:53.394834 [MAC    ] [W] [ 6360] SCHED: Could not transmit RAR within the window (RA=6351, Window=[6354, 6364), RAR=6364
2024-12-16T21:00:53.414853 [MAC    ] [W] [ 6380] SCHED: Could not transmit RAR within the window (RA=6371, Window=[6374, 6384), RAR=6384
2024-12-16T21:00:53.434879 [MAC    ] [W] [ 6400] SCHED: Could not transmit RAR within the window (RA=6391, Window=[6394, 6404), RAR=6404
2024-12-16T21:00:53.454838 [MAC    ] [W] [ 6420] SCHED: Could not transmit RAR within the window (RA=6411, Window=[6414, 6424), RAR=6424
2024-12-16T21:00:53.474859 [MAC    ] [W] [ 6440] SCHED: Could not transmit RAR within the window (RA=6431, Window=[6434, 6444), RAR=6444
2024-12-16T21:00:53.494873 [MAC    ] [W] [ 6460] SCHED: Could not transmit RAR within the window (RA=6451, Window=[6454, 6464), RAR=6464
2024-12-16T21:00:53.514835 [MAC    ] [W] [ 6480] SCHED: Could not transmit RAR within the window (RA=6471, Window=[6474, 6484), RAR=6484
2024-12-16T21:00:53.534851 [MAC    ] [W] [ 6500] SCHED: Could not transmit RAR within the window (RA=6491, Window=[6494, 6504), RAR=6504
2024-12-16T21:00:53.554882 [MAC    ] [W] [ 6520] SCHED: Could not transmit RAR within the window (RA=6511, Window=[6514, 6524), RAR=6524
2024-12-16T21:00:53.574829 [MAC    ] [W] [ 6540] SCHED: Could not transmit RAR within the window (RA=6531, Window=[6534, 6544), RAR=6544
2024-12-16T21:00:53.594854 [MAC    ] [W] [ 6560] SCHED: Could not transmit RAR within the window (RA=6551, Window=[6554, 6564), RAR=6564
2024-12-16T21:00:53.614872 [MAC    ] [W] [ 6580] SCHED: Could not transmit RAR within the window (RA=6571, Window=[6574, 6584), RAR=6584
2024-12-16T21:00:53.634832 [MAC    ] [W] [ 6600] SCHED: Could not transmit RAR within the window (RA=6591, Window=[6594, 6604), RAR=6604
2024-12-16T21:00:53.654854 [MAC    ] [W] [ 6620] SCHED: Could not transmit RAR within the window (RA=6611, Window=[6614, 6624), RAR=6624
2024-12-16T21:00:53.674868 [MAC    ] [W] [ 6640] SCHED: Could not transmit RAR within the window (RA=6631, Window=[6634, 6644), RAR=6644
2024-12-16T21:00:53.694831 [MAC    ] [W] [ 6660] SCHED: Could not transmit RAR within the window (RA=6651, Window=[6654, 6664), RAR=6664
2024-12-16T21:00:53.734867 [MAC    ] [W] [ 6700] SCHED: Could not transmit RAR within the window (RA=6691, Window=[6694, 6704), RAR=6704
2024-12-16T21:00:54.034854 [MAC    ] [W] [ 7000] SCHED: Could not transmit RAR within the window (RA=6991, Window=[6994, 7004), RAR=7004
2024-12-16T21:00:54.054869 [MAC    ] [W] [ 7020] SCHED: Could not transmit RAR within the window (RA=7011, Window=[7014, 7024), RAR=7024
2024-12-16T21:00:54.074822 [MAC    ] [W] [ 7040] SCHED: Could not transmit RAR within the window (RA=7031, Window=[7034, 7044), RAR=7044
2024-12-16T21:00:54.094847 [MAC    ] [W] [ 7060] SCHED: Could not transmit RAR within the window (RA=7051, Window=[7054, 7064), RAR=7064
2024-12-16T21:00:54.114881 [MAC    ] [W] [ 7080] SCHED: Could not transmit RAR within the window (RA=7071, Window=[7074, 7084), RAR=7084
2024-12-16T21:00:54.134831 [MAC    ] [W] [ 7100] SCHED: Could not transmit RAR within the window (RA=7091, Window=[7094, 7104), RAR=7104
2024-12-16T21:00:54.154855 [MAC    ] [W] [ 7120] SCHED: Could not transmit RAR within the window (RA=7111, Window=[7114, 7124), RAR=7124
2024-12-16T21:00:54.174874 [MAC    ] [W] [ 7140] SCHED: Could not transmit RAR within the window (RA=7131, Window=[7134, 7144), RAR=7144
2024-12-16T21:00:54.194832 [MAC    ] [W] [ 7160] SCHED: Could not transmit RAR within the window (RA=7151, Window=[7154, 7164), RAR=7164
2024-12-16T21:00:54.214848 [MAC    ] [W] [ 7180] SCHED: Could not transmit RAR within the window (RA=7171, Window=[7174, 7184), RAR=7184
2024-12-16T21:00:54.234875 [MAC    ] [W] [ 7200] SCHED: Could not transmit RAR within the window (RA=7191, Window=[7194, 7204), RAR=7204
2024-12-16T21:00:54.254824 [MAC    ] [W] [ 7220] SCHED: Could not transmit RAR within the window (RA=7211, Window=[7214, 7224), RAR=7224
2024-12-16T21:00:54.274853 [MAC    ] [W] [ 7240] SCHED: Could not transmit RAR within the window (RA=7231, Window=[7234, 7244), RAR=7244
2024-12-16T21:00:54.294869 [MAC    ] [W] [ 7260] SCHED: Could not transmit RAR within the window (RA=7251, Window=[7254, 7264), RAR=7264
2024-12-16T21:00:54.314828 [MAC    ] [W] [ 7280] SCHED: Could not transmit RAR within the window (RA=7271, Window=[7274, 7284), RAR=7284
2024-12-16T21:00:54.334852 [MAC    ] [W] [ 7300] SCHED: Could not transmit RAR within the window (RA=7291, Window=[7294, 7304), RAR=7304
2024-12-16T21:00:54.354867 [MAC    ] [W] [ 7320] SCHED: Could not transmit RAR within the window (RA=7311, Window=[7314, 7324), RAR=7324
2024-12-16T21:00:54.374820 [MAC    ] [W] [ 7340] SCHED: Could not transmit RAR within the window (RA=7331, Window=[7334, 7344), RAR=7344
2024-12-16T21:00:54.394839 [MAC    ] [W] [ 7360] SCHED: Could not transmit RAR within the window (RA=7351, Window=[7354, 7364), RAR=7364
2024-12-16T21:00:54.414860 [MAC    ] [W] [ 7380] SCHED: Could not transmit RAR within the window (RA=7371, Window=[7374, 7384), RAR=7384
2024-12-16T21:00:54.434818 [MAC    ] [W] [ 7400] SCHED: Could not transmit RAR within the window (RA=7391, Window=[7394, 7404), RAR=7404
2024-12-16T23:43:10.972733 [COMN   ] [D] [    0] RxSockets: Closing rx socket handler thread
2024-12-16T23:43:10.973768 [COMN   ] [D] [    0] RxSockets: closed.
2024-12-16T23:43:10.973809 [COMN   ] [D] [    0] Socket=7 was closed.
2024-12-16T23:43:10.976852 [COMN   ] [D] [    0] Socket=-1 could not be closed.
2024-12-16T23:43:10.977319 [COMN   ] [D] [    0] Socket=-1 could not be closed.
