2025-01-16T13:01:17.815972 [ENB    ] [I] Using binary srsenb with arguments: 
2025-01-16T13:01:17.856047 [ENB    ] [I] Built in Release mode using commit ec29b0c1f on branch master.
2025-01-16T13:01:17.899502 [COMN   ] [D] [    0] Opened SCTP socket=7
2025-01-16T13:01:17.899505 [COMN   ] [D] [    0] Successfully bound to address 127.0.1.1:2152
2025-01-16T13:01:17.899507 [COMN   ] [D] [    0] Setting RTO_INFO options on SCTP socket. Association 0, Initial RTO 3000, Minimum RTO 1000, Maximum RTO 6000
2025-01-16T13:01:17.899510 [COMN   ] [D] [    0] Setting SCTP_INITMSG options on SCTP socket. Max attempts 3, Max init attempts timeout 5000
2025-01-16T13:01:17.899514 [COMN   ] [D] [    0] RxSockets: socket fd=6 has been registered.
2025-01-16T13:01:17.899533 [COMN   ] [D] [    0] Successfully bound to address 127.0.1.1:0
2025-01-16T13:01:17.904925 [COMN   ] [D] [    0] RxSockets: socket fd=7 has been registered.
2025-01-16T13:02:14.583991 [MAC    ] [W] [ 3400] SCHED: Could not transmit RAR within the window (RA=3391, Window=[3394, 3404), RAR=3404
2025-01-16T13:02:15.062098 [RRC    ] [W] Not adding NAS message to connection reconfiguration. E-RAB id 5
2025-01-16T13:04:29.452799 [RLC    ] [W] DRB1: Resetting ACK_SN and N_nack to initial state
2025-01-16T13:04:29.581874 [RLC    ] [W] DRB1: Resetting ACK_SN and N_nack to initial state
2025-01-16T13:04:41.892887 [RLC    ] [W] SRB1: Signaling max number of reTx=4 for SN=4
2025-01-16T13:04:45.952774 [MAC    ] [W] [ 1169] UE buffers: Removing old buffer tti=1164, interval=13
2025-01-16T13:04:46.313798 [MAC    ] [W] [ 1530] SCHED: Could not transmit RAR within the window (RA=1521, Window=[1524, 1534), RAR=1534
2025-01-16T13:04:46.333819 [MAC    ] [W] [ 1550] SCHED: Could not transmit RAR within the window (RA=1541, Window=[1544, 1554), RAR=1554
2025-01-16T13:04:46.353777 [MAC    ] [W] [ 1570] SCHED: Could not transmit RAR within the window (RA=1561, Window=[1564, 1574), RAR=1574
2025-01-16T13:04:46.472866 [RRC    ] [W] Not adding NAS message to connection reconfiguration. E-RAB id 5
2025-01-16T13:04:57.953767 [MAC    ] [W] [ 2930] SCHED: Could not transmit RAR within the window (RA=2921, Window=[2924, 2934), RAR=2934
2025-01-16T13:04:57.973787 [MAC    ] [W] [ 2950] SCHED: Could not transmit RAR within the window (RA=2941, Window=[2944, 2954), RAR=2954
2025-01-16T13:04:57.993808 [MAC    ] [W] [ 2970] SCHED: Could not transmit RAR within the window (RA=2961, Window=[2964, 2974), RAR=2974
2025-01-16T13:04:58.092085 [STCK   ] [W] Can't deliver SDU for EPS bearer 5. Dropping it.
2025-01-16T13:04:58.213778 [MAC    ] [W] [ 3190] SCHED: Could not transmit RAR within the window (RA=3181, Window=[3184, 3194), RAR=3194
2025-01-16T13:04:58.233801 [MAC    ] [W] [ 3210] SCHED: Could not transmit RAR within the window (RA=3201, Window=[3204, 3214), RAR=3214
2025-01-16T13:04:58.253759 [MAC    ] [W] [ 3230] SCHED: Could not transmit RAR within the window (RA=3221, Window=[3224, 3234), RAR=3234
2025-01-16T13:04:58.273777 [MAC    ] [W] [ 3250] SCHED: Could not transmit RAR within the window (RA=3241, Window=[3244, 3254), RAR=3254
2025-01-16T13:04:58.293797 [MAC    ] [W] [ 3270] SCHED: Could not transmit RAR within the window (RA=3261, Window=[3264, 3274), RAR=3274
2025-01-16T13:04:58.313753 [MAC    ] [W] [ 3290] SCHED: Could not transmit RAR within the window (RA=3281, Window=[3284, 3294), RAR=3294
2025-01-16T13:04:58.333775 [MAC    ] [W] [ 3310] SCHED: Could not transmit RAR within the window (RA=3301, Window=[3304, 3314), RAR=3314
2025-01-16T13:04:58.353796 [MAC    ] [W] [ 3330] SCHED: Could not transmit RAR within the window (RA=3321, Window=[3324, 3334), RAR=3334
2025-01-16T13:04:58.373759 [MAC    ] [W] [ 3350] SCHED: Could not transmit RAR within the window (RA=3341, Window=[3344, 3354), RAR=3354
2025-01-16T13:04:58.393773 [MAC    ] [W] [ 3370] SCHED: Could not transmit RAR within the window (RA=3361, Window=[3364, 3374), RAR=3374
2025-01-16T13:04:58.413793 [MAC    ] [W] [ 3390] SCHED: Could not transmit RAR within the window (RA=3381, Window=[3384, 3394), RAR=3394
2025-01-16T13:04:58.433814 [MAC    ] [W] [ 3410] SCHED: Could not transmit RAR within the window (RA=3401, Window=[3404, 3414), RAR=3414
2025-01-16T13:04:58.453771 [MAC    ] [W] [ 3430] SCHED: Could not transmit RAR within the window (RA=3421, Window=[3424, 3434), RAR=3434
2025-01-16T13:04:58.493812 [MAC    ] [W] [ 3470] SCHED: Could not transmit RAR within the window (RA=3461, Window=[3464, 3474), RAR=3474
2025-01-16T13:04:58.513768 [MAC    ] [W] [ 3490] SCHED: Could not transmit RAR within the window (RA=3481, Window=[3484, 3494), RAR=3494
2025-01-16T13:04:58.533792 [MAC    ] [W] [ 3510] SCHED: Could not transmit RAR within the window (RA=3501, Window=[3504, 3514), RAR=3514
2025-01-16T13:04:58.553810 [MAC    ] [W] [ 3530] SCHED: Could not transmit RAR within the window (RA=3521, Window=[3524, 3534), RAR=3534
2025-01-16T13:04:58.573768 [MAC    ] [W] [ 3550] SCHED: Could not transmit RAR within the window (RA=3541, Window=[3544, 3554), RAR=3554
2025-01-16T13:04:58.593788 [MAC    ] [W] [ 3570] SCHED: Could not transmit RAR within the window (RA=3561, Window=[3564, 3574), RAR=3574
2025-01-16T13:04:58.613806 [MAC    ] [W] [ 3590] SCHED: Could not transmit RAR within the window (RA=3581, Window=[3584, 3594), RAR=3594
2025-01-16T13:04:58.633765 [MAC    ] [W] [ 3610] SCHED: Could not transmit RAR within the window (RA=3601, Window=[3604, 3614), RAR=3614
2025-01-16T13:04:58.653786 [MAC    ] [W] [ 3630] SCHED: Could not transmit RAR within the window (RA=3621, Window=[3624, 3634), RAR=3634
2025-01-16T13:04:58.673809 [MAC    ] [W] [ 3650] SCHED: Could not transmit RAR within the window (RA=3641, Window=[3644, 3654), RAR=3654
2025-01-16T13:04:58.693762 [MAC    ] [W] [ 3670] SCHED: Could not transmit RAR within the window (RA=3661, Window=[3664, 3674), RAR=3674
2025-01-16T13:04:58.713784 [MAC    ] [W] [ 3690] SCHED: Could not transmit RAR within the window (RA=3681, Window=[3684, 3694), RAR=3694
2025-01-16T13:04:58.733803 [MAC    ] [W] [ 3710] SCHED: Could not transmit RAR within the window (RA=3701, Window=[3704, 3714), RAR=3714
2025-01-16T13:04:58.753762 [MAC    ] [W] [ 3730] SCHED: Could not transmit RAR within the window (RA=3721, Window=[3724, 3734), RAR=3734
2025-01-16T13:04:58.773782 [MAC    ] [W] [ 3750] SCHED: Could not transmit RAR within the window (RA=3741, Window=[3744, 3754), RAR=3754
2025-01-16T13:04:58.793801 [MAC    ] [W] [ 3770] SCHED: Could not transmit RAR within the window (RA=3761, Window=[3764, 3774), RAR=3774
2025-01-16T13:04:58.813756 [MAC    ] [W] [ 3790] SCHED: Could not transmit RAR within the window (RA=3781, Window=[3784, 3794), RAR=3794
2025-01-16T13:04:58.833777 [MAC    ] [W] [ 3810] SCHED: Could not transmit RAR within the window (RA=3801, Window=[3804, 3814), RAR=3814
2025-01-16T13:04:58.853798 [MAC    ] [W] [ 3830] SCHED: Could not transmit RAR within the window (RA=3821, Window=[3824, 3834), RAR=3834
2025-01-16T13:04:58.873756 [MAC    ] [W] [ 3850] SCHED: Could not transmit RAR within the window (RA=3841, Window=[3844, 3854), RAR=3854
2025-01-16T13:04:58.893777 [MAC    ] [W] [ 3870] SCHED: Could not transmit RAR within the window (RA=3861, Window=[3864, 3874), RAR=3874
2025-01-16T13:04:58.913793 [MAC    ] [W] [ 3890] SCHED: Could not transmit RAR within the window (RA=3881, Window=[3884, 3894), RAR=3894
2025-01-16T13:04:58.933755 [MAC    ] [W] [ 3910] SCHED: Could not transmit RAR within the window (RA=3901, Window=[3904, 3914), RAR=3914
2025-01-16T13:04:58.973795 [MAC    ] [W] [ 3950] SCHED: Could not transmit RAR within the window (RA=3941, Window=[3944, 3954), RAR=3954
2025-01-16T13:04:58.993756 [MAC    ] [W] [ 3970] SCHED: Could not transmit RAR within the window (RA=3961, Window=[3964, 3974), RAR=3974
2025-01-16T13:04:59.013769 [MAC    ] [W] [ 3990] SCHED: Could not transmit RAR within the window (RA=3981, Window=[3984, 3994), RAR=3994
2025-01-16T13:04:59.033794 [MAC    ] [W] [ 4010] SCHED: Could not transmit RAR within the window (RA=4001, Window=[4004, 4014), RAR=4014
2025-01-16T13:04:59.053810 [MAC    ] [W] [ 4030] SCHED: Could not transmit RAR within the window (RA=4021, Window=[4024, 4034), RAR=4034
2025-01-16T13:04:59.073767 [MAC    ] [W] [ 4050] SCHED: Could not transmit RAR within the window (RA=4041, Window=[4044, 4054), RAR=4054
2025-01-16T13:04:59.093788 [MAC    ] [W] [ 4070] SCHED: Could not transmit RAR within the window (RA=4061, Window=[4064, 4074), RAR=4074
2025-01-16T13:04:59.113812 [MAC    ] [W] [ 4090] SCHED: Could not transmit RAR within the window (RA=4081, Window=[4084, 4094), RAR=4094
2025-01-16T13:04:59.133769 [MAC    ] [W] [ 4110] SCHED: Could not transmit RAR within the window (RA=4101, Window=[4104, 4114), RAR=4114
2025-01-16T13:04:59.173809 [MAC    ] [W] [ 4150] SCHED: Could not transmit RAR within the window (RA=4141, Window=[4144, 4154), RAR=4154
2025-01-16T13:04:59.193762 [MAC    ] [W] [ 4170] SCHED: Could not transmit RAR within the window (RA=4161, Window=[4164, 4174), RAR=4174
2025-01-16T13:04:59.213788 [MAC    ] [W] [ 4190] SCHED: Could not transmit RAR within the window (RA=4181, Window=[4184, 4194), RAR=4194
2025-01-16T13:04:59.233804 [MAC    ] [W] [ 4210] SCHED: Could not transmit RAR within the window (RA=4201, Window=[4204, 4214), RAR=4214
2025-01-16T13:04:59.253765 [MAC    ] [W] [ 4230] SCHED: Could not transmit RAR within the window (RA=4221, Window=[4224, 4234), RAR=4234
2025-01-16T13:04:59.793807 [MAC    ] [W] [ 4770] SCHED: Could not transmit RAR within the window (RA=4761, Window=[4764, 4774), RAR=4774
2025-01-16T13:04:59.813760 [MAC    ] [W] [ 4790] SCHED: Could not transmit RAR within the window (RA=4781, Window=[4784, 4794), RAR=4794
2025-01-16T13:04:59.833781 [MAC    ] [W] [ 4810] SCHED: Could not transmit RAR within the window (RA=4801, Window=[4804, 4814), RAR=4814
2025-01-16T13:04:59.853803 [MAC    ] [W] [ 4830] SCHED: Could not transmit RAR within the window (RA=4821, Window=[4824, 4834), RAR=4834
2025-01-16T13:04:59.873759 [MAC    ] [W] [ 4850] SCHED: Could not transmit RAR within the window (RA=4841, Window=[4844, 4854), RAR=4854
2025-01-16T13:04:59.893784 [MAC    ] [W] [ 4870] SCHED: Could not transmit RAR within the window (RA=4861, Window=[4864, 4874), RAR=4874
2025-01-16T13:04:59.913802 [MAC    ] [W] [ 4890] SCHED: Could not transmit RAR within the window (RA=4881, Window=[4884, 4894), RAR=4894
2025-01-16T13:04:59.933760 [MAC    ] [W] [ 4910] SCHED: Could not transmit RAR within the window (RA=4901, Window=[4904, 4914), RAR=4914
2025-01-16T13:04:59.953783 [MAC    ] [W] [ 4930] SCHED: Could not transmit RAR within the window (RA=4921, Window=[4924, 4934), RAR=4934
2025-01-16T13:04:59.973801 [MAC    ] [W] [ 4950] SCHED: Could not transmit RAR within the window (RA=4941, Window=[4944, 4954), RAR=4954
2025-01-16T13:04:59.993758 [MAC    ] [W] [ 4970] SCHED: Could not transmit RAR within the window (RA=4961, Window=[4964, 4974), RAR=4974
2025-01-16T13:05:00.033801 [MAC    ] [W] [ 5010] SCHED: Could not transmit RAR within the window (RA=5001, Window=[5004, 5014), RAR=5014
2025-01-16T13:05:00.073778 [MAC    ] [W] [ 5050] SCHED: Could not transmit RAR within the window (RA=5041, Window=[5044, 5054), RAR=5054
2025-01-16T13:05:00.093793 [MAC    ] [W] [ 5070] SCHED: Could not transmit RAR within the window (RA=5061, Window=[5064, 5074), RAR=5074
2025-01-16T13:05:00.113749 [MAC    ] [W] [ 5090] SCHED: Could not transmit RAR within the window (RA=5081, Window=[5084, 5094), RAR=5094
2025-01-16T13:05:00.133777 [MAC    ] [W] [ 5110] SCHED: Could not transmit RAR within the window (RA=5101, Window=[5104, 5114), RAR=5114
2025-01-16T13:05:00.153796 [MAC    ] [W] [ 5130] SCHED: Could not transmit RAR within the window (RA=5121, Window=[5124, 5134), RAR=5134
2025-01-16T13:05:00.173755 [MAC    ] [W] [ 5150] SCHED: Could not transmit RAR within the window (RA=5141, Window=[5144, 5154), RAR=5154
2025-01-16T13:05:00.643782 [MAC    ] [W] [ 5620] SCHED: Could not transmit RAR within the window (RA=5611, Window=[5614, 5624), RAR=5624
2025-01-16T13:05:00.663803 [MAC    ] [W] [ 5640] SCHED: Could not transmit RAR within the window (RA=5631, Window=[5634, 5644), RAR=5644
2025-01-16T13:05:00.683760 [MAC    ] [W] [ 5660] SCHED: Could not transmit RAR within the window (RA=5651, Window=[5654, 5664), RAR=5664
2025-01-16T13:05:00.703781 [MAC    ] [W] [ 5680] SCHED: Could not transmit RAR within the window (RA=5671, Window=[5674, 5684), RAR=5684
2025-01-16T13:05:00.723809 [MAC    ] [W] [ 5700] SCHED: Could not transmit RAR within the window (RA=5691, Window=[5694, 5704), RAR=5704
2025-01-16T13:05:00.743776 [MAC    ] [W] [ 5720] SCHED: Could not transmit RAR within the window (RA=5711, Window=[5714, 5724), RAR=5724
2025-01-16T13:05:00.763779 [MAC    ] [W] [ 5740] SCHED: Could not transmit RAR within the window (RA=5731, Window=[5734, 5744), RAR=5744
2025-01-16T13:05:00.783800 [MAC    ] [W] [ 5760] SCHED: Could not transmit RAR within the window (RA=5751, Window=[5754, 5764), RAR=5764
2025-01-16T13:05:00.803757 [MAC    ] [W] [ 5780] SCHED: Could not transmit RAR within the window (RA=5771, Window=[5774, 5784), RAR=5784
2025-01-16T13:05:00.823781 [MAC    ] [W] [ 5800] SCHED: Could not transmit RAR within the window (RA=5791, Window=[5794, 5804), RAR=5804
2025-01-16T13:05:00.843795 [MAC    ] [W] [ 5820] SCHED: Could not transmit RAR within the window (RA=5811, Window=[5814, 5824), RAR=5824
2025-01-16T13:05:00.863752 [MAC    ] [W] [ 5840] SCHED: Could not transmit RAR within the window (RA=5831, Window=[5834, 5844), RAR=5844
2025-01-16T13:05:00.883776 [MAC    ] [W] [ 5860] SCHED: Could not transmit RAR within the window (RA=5851, Window=[5854, 5864), RAR=5864
2025-01-16T13:05:00.903797 [MAC    ] [W] [ 5880] SCHED: Could not transmit RAR within the window (RA=5871, Window=[5874, 5884), RAR=5884
2025-01-16T13:05:00.923754 [MAC    ] [W] [ 5900] SCHED: Could not transmit RAR within the window (RA=5891, Window=[5894, 5904), RAR=5904
2025-01-16T13:05:00.963794 [MAC    ] [W] [ 5940] SCHED: Could not transmit RAR within the window (RA=5931, Window=[5934, 5944), RAR=5944
2025-01-16T13:05:01.003775 [MAC    ] [W] [ 5980] SCHED: Could not transmit RAR within the window (RA=5971, Window=[5974, 5984), RAR=5984
2025-01-16T13:05:01.023792 [MAC    ] [W] [ 6000] SCHED: Could not transmit RAR within the window (RA=5991, Window=[5994, 6004), RAR=6004
2025-01-16T13:05:01.083789 [MAC    ] [W] [ 6060] SCHED: Could not transmit RAR within the window (RA=6051, Window=[6054, 6064), RAR=6064
2025-01-16T13:05:01.103745 [MAC    ] [W] [ 6080] SCHED: Could not transmit RAR within the window (RA=6071, Window=[6074, 6084), RAR=6084
2025-01-16T13:05:01.123786 [MAC    ] [W] [ 6100] SCHED: Could not transmit RAR within the window (RA=6091, Window=[6094, 6104), RAR=6104
2025-01-16T13:05:01.143791 [MAC    ] [W] [ 6120] SCHED: Could not transmit RAR within the window (RA=6111, Window=[6114, 6124), RAR=6124
2025-01-16T13:05:01.163756 [MAC    ] [W] [ 6140] SCHED: Could not transmit RAR within the window (RA=6131, Window=[6134, 6144), RAR=6144
2025-01-16T13:05:01.183771 [MAC    ] [W] [ 6160] SCHED: Could not transmit RAR within the window (RA=6151, Window=[6154, 6164), RAR=6164
2025-01-16T13:05:01.203787 [MAC    ] [W] [ 6180] SCHED: Could not transmit RAR within the window (RA=6171, Window=[6174, 6184), RAR=6184
2025-01-16T13:05:01.243772 [MAC    ] [W] [ 6220] SCHED: Could not transmit RAR within the window (RA=6211, Window=[6214, 6224), RAR=6224
2025-01-16T13:05:01.263788 [MAC    ] [W] [ 6240] SCHED: Could not transmit RAR within the window (RA=6231, Window=[6234, 6244), RAR=6244
2025-01-16T13:05:01.283813 [MAC    ] [W] [ 6260] SCHED: Could not transmit RAR within the window (RA=6251, Window=[6254, 6264), RAR=6264
2025-01-16T13:05:01.303765 [MAC    ] [W] [ 6280] SCHED: Could not transmit RAR within the window (RA=6271, Window=[6274, 6284), RAR=6284
2025-01-16T13:05:01.343801 [MAC    ] [W] [ 6320] SCHED: Could not transmit RAR within the window (RA=6311, Window=[6314, 6324), RAR=6324
2025-01-16T13:05:01.403810 [MAC    ] [W] [ 6380] SCHED: Could not transmit RAR within the window (RA=6371, Window=[6374, 6384), RAR=6384
2025-01-16T13:05:01.423759 [MAC    ] [W] [ 6400] SCHED: Could not transmit RAR within the window (RA=6391, Window=[6394, 6404), RAR=6404
2025-01-16T13:05:01.443774 [MAC    ] [W] [ 6420] SCHED: Could not transmit RAR within the window (RA=6411, Window=[6414, 6424), RAR=6424
2025-01-16T13:05:01.463802 [MAC    ] [W] [ 6440] SCHED: Could not transmit RAR within the window (RA=6431, Window=[6434, 6444), RAR=6444
2025-01-16T13:05:01.483759 [MAC    ] [W] [ 6460] SCHED: Could not transmit RAR within the window (RA=6451, Window=[6454, 6464), RAR=6464
2025-01-16T13:05:01.503775 [MAC    ] [W] [ 6480] SCHED: Could not transmit RAR within the window (RA=6471, Window=[6474, 6484), RAR=6484
2025-01-16T13:05:01.523800 [MAC    ] [W] [ 6500] SCHED: Could not transmit RAR within the window (RA=6491, Window=[6494, 6504), RAR=6504
2025-01-16T13:05:01.543758 [MAC    ] [W] [ 6520] SCHED: Could not transmit RAR within the window (RA=6511, Window=[6514, 6524), RAR=6524
2025-01-16T13:05:01.823783 [MAC    ] [W] [ 6800] SCHED: Could not transmit RAR within the window (RA=6791, Window=[6794, 6804), RAR=6804
2025-01-16T13:05:01.843805 [MAC    ] [W] [ 6820] SCHED: Could not transmit RAR within the window (RA=6811, Window=[6814, 6824), RAR=6824
2025-01-16T13:05:01.863762 [MAC    ] [W] [ 6840] SCHED: Could not transmit RAR within the window (RA=6831, Window=[6834, 6844), RAR=6844
2025-01-16T13:05:01.903810 [MAC    ] [W] [ 6880] SCHED: Could not transmit RAR within the window (RA=6871, Window=[6874, 6884), RAR=6884
2025-01-16T13:05:01.943785 [MAC    ] [W] [ 6920] SCHED: Could not transmit RAR within the window (RA=6911, Window=[6914, 6924), RAR=6924
2025-01-16T13:05:01.963805 [MAC    ] [W] [ 6940] SCHED: Could not transmit RAR within the window (RA=6931, Window=[6934, 6944), RAR=6944
2025-01-16T13:05:02.003788 [MAC    ] [W] [ 6980] SCHED: Could not transmit RAR within the window (RA=6971, Window=[6974, 6984), RAR=6984
2025-01-16T13:05:02.023800 [MAC    ] [W] [ 7000] SCHED: Could not transmit RAR within the window (RA=6991, Window=[6994, 7004), RAR=7004
2025-01-16T13:05:02.063777 [MAC    ] [W] [ 7040] SCHED: Could not transmit RAR within the window (RA=7031, Window=[7034, 7044), RAR=7044
2025-01-16T13:05:02.083798 [MAC    ] [W] [ 7060] SCHED: Could not transmit RAR within the window (RA=7051, Window=[7054, 7064), RAR=7064
2025-01-16T13:05:02.103753 [MAC    ] [W] [ 7080] SCHED: Could not transmit RAR within the window (RA=7071, Window=[7074, 7084), RAR=7084
2025-01-16T13:05:02.123780 [MAC    ] [W] [ 7100] SCHED: Could not transmit RAR within the window (RA=7091, Window=[7094, 7104), RAR=7104
2025-01-16T13:05:02.243770 [MAC    ] [W] [ 7220] SCHED: Could not transmit RAR within the window (RA=7211, Window=[7214, 7224), RAR=7224
2025-01-16T13:05:02.263789 [MAC    ] [W] [ 7240] SCHED: Could not transmit RAR within the window (RA=7231, Window=[7234, 7244), RAR=7244
2025-01-16T13:05:02.283750 [MAC    ] [W] [ 7260] SCHED: Could not transmit RAR within the window (RA=7251, Window=[7254, 7264), RAR=7264
2025-01-16T13:05:02.403757 [MAC    ] [W] [ 7380] SCHED: Could not transmit RAR within the window (RA=7371, Window=[7374, 7384), RAR=7384
2025-01-16T13:05:02.443789 [MAC    ] [W] [ 7420] SCHED: Could not transmit RAR within the window (RA=7411, Window=[7414, 7424), RAR=7424
2025-01-16T13:05:02.463809 [MAC    ] [W] [ 7440] SCHED: Could not transmit RAR within the window (RA=7431, Window=[7434, 7444), RAR=7444
2025-01-16T13:05:02.483761 [MAC    ] [W] [ 7460] SCHED: Could not transmit RAR within the window (RA=7451, Window=[7454, 7464), RAR=7464
2025-01-16T13:05:02.503781 [MAC    ] [W] [ 7480] SCHED: Could not transmit RAR within the window (RA=7471, Window=[7474, 7484), RAR=7484
2025-01-16T13:05:02.523805 [MAC    ] [W] [ 7500] SCHED: Could not transmit RAR within the window (RA=7491, Window=[7494, 7504), RAR=7504
2025-01-16T13:05:02.543761 [MAC    ] [W] [ 7520] SCHED: Could not transmit RAR within the window (RA=7511, Window=[7514, 7524), RAR=7524
2025-01-16T13:05:02.563783 [MAC    ] [W] [ 7540] SCHED: Could not transmit RAR within the window (RA=7531, Window=[7534, 7544), RAR=7544
2025-01-16T13:05:02.583820 [MAC    ] [W] [ 7560] SCHED: Could not transmit RAR within the window (RA=7551, Window=[7554, 7564), RAR=7564
2025-01-16T13:05:02.603757 [MAC    ] [W] [ 7580] SCHED: Could not transmit RAR within the window (RA=7571, Window=[7574, 7584), RAR=7584
2025-01-16T13:05:02.623782 [MAC    ] [W] [ 7600] SCHED: Could not transmit RAR within the window (RA=7591, Window=[7594, 7604), RAR=7604
2025-01-16T13:05:03.193789 [MAC    ] [W] [ 8170] SCHED: Could not transmit RAR within the window (RA=8161, Window=[8164, 8174), RAR=8174
2025-01-16T13:05:03.213749 [MAC    ] [W] [ 8190] SCHED: Could not transmit RAR within the window (RA=8181, Window=[8184, 8194), RAR=8194
2025-01-16T13:05:03.233766 [MAC    ] [W] [ 8210] SCHED: Could not transmit RAR within the window (RA=8201, Window=[8204, 8214), RAR=8214
2025-01-16T13:05:03.253790 [MAC    ] [W] [ 8230] SCHED: Could not transmit RAR within the window (RA=8221, Window=[8224, 8234), RAR=8234
2025-01-16T13:05:03.273750 [MAC    ] [W] [ 8250] SCHED: Could not transmit RAR within the window (RA=8241, Window=[8244, 8254), RAR=8254
2025-01-16T13:05:03.293768 [MAC    ] [W] [ 8270] SCHED: Could not transmit RAR within the window (RA=8261, Window=[8264, 8274), RAR=8274
2025-01-16T13:05:03.313792 [MAC    ] [W] [ 8290] SCHED: Could not transmit RAR within the window (RA=8281, Window=[8284, 8294), RAR=8294
2025-01-16T13:05:03.353765 [MAC    ] [W] [ 8330] SCHED: Could not transmit RAR within the window (RA=8321, Window=[8324, 8334), RAR=8334
2025-01-16T13:05:03.373786 [MAC    ] [W] [ 8350] SCHED: Could not transmit RAR within the window (RA=8341, Window=[8344, 8354), RAR=8354
2025-01-16T13:05:03.433780 [MAC    ] [W] [ 8410] SCHED: Could not transmit RAR within the window (RA=8401, Window=[8404, 8414), RAR=8414
2025-01-16T13:05:03.573797 [MAC    ] [W] [ 8550] SCHED: Could not transmit RAR within the window (RA=8541, Window=[8544, 8554), RAR=8554
2025-01-16T13:05:03.813790 [MAC    ] [W] [ 8790] SCHED: Could not transmit RAR within the window (RA=8781, Window=[8784, 8794), RAR=8794
2025-01-16T13:05:03.893742 [MAC    ] [W] [ 8870] SCHED: Could not transmit RAR within the window (RA=8861, Window=[8864, 8874), RAR=8874
2025-01-16T13:05:03.933784 [MAC    ] [W] [ 8910] SCHED: Could not transmit RAR within the window (RA=8901, Window=[8904, 8914), RAR=8914
2025-01-16T13:05:03.953741 [MAC    ] [W] [ 8930] SCHED: Could not transmit RAR within the window (RA=8921, Window=[8924, 8934), RAR=8934
2025-01-16T13:05:03.973760 [MAC    ] [W] [ 8950] SCHED: Could not transmit RAR within the window (RA=8941, Window=[8944, 8954), RAR=8954
2025-01-16T13:05:03.993782 [MAC    ] [W] [ 8970] SCHED: Could not transmit RAR within the window (RA=8961, Window=[8964, 8974), RAR=8974
2025-01-16T13:05:04.013803 [MAC    ] [W] [ 8990] SCHED: Could not transmit RAR within the window (RA=8981, Window=[8984, 8994), RAR=8994
2025-01-16T13:05:04.033761 [MAC    ] [W] [ 9010] SCHED: Could not transmit RAR within the window (RA=9001, Window=[9004, 9014), RAR=9014
2025-01-16T13:05:04.053776 [MAC    ] [W] [ 9030] SCHED: Could not transmit RAR within the window (RA=9021, Window=[9024, 9034), RAR=9034
2025-01-16T13:05:04.073801 [MAC    ] [W] [ 9050] SCHED: Could not transmit RAR within the window (RA=9041, Window=[9044, 9054), RAR=9054
2025-01-16T13:05:04.093757 [MAC    ] [W] [ 9070] SCHED: Could not transmit RAR within the window (RA=9061, Window=[9064, 9074), RAR=9074
2025-01-16T13:05:04.113786 [MAC    ] [W] [ 9090] SCHED: Could not transmit RAR within the window (RA=9081, Window=[9084, 9094), RAR=9094
2025-01-16T13:05:04.133806 [MAC    ] [W] [ 9110] SCHED: Could not transmit RAR within the window (RA=9101, Window=[9104, 9114), RAR=9114
2025-01-16T13:05:04.153757 [MAC    ] [W] [ 9130] SCHED: Could not transmit RAR within the window (RA=9121, Window=[9124, 9134), RAR=9134
2025-01-16T13:05:04.173786 [MAC    ] [W] [ 9150] SCHED: Could not transmit RAR within the window (RA=9141, Window=[9144, 9154), RAR=9154
2025-01-16T13:05:04.193798 [MAC    ] [W] [ 9170] SCHED: Could not transmit RAR within the window (RA=9161, Window=[9164, 9174), RAR=9174
2025-01-16T13:05:04.213754 [MAC    ] [W] [ 9190] SCHED: Could not transmit RAR within the window (RA=9181, Window=[9184, 9194), RAR=9194
2025-01-16T13:05:04.233781 [MAC    ] [W] [ 9210] SCHED: Could not transmit RAR within the window (RA=9201, Window=[9204, 9214), RAR=9214
2025-01-16T13:05:04.253799 [MAC    ] [W] [ 9230] SCHED: Could not transmit RAR within the window (RA=9221, Window=[9224, 9234), RAR=9234
2025-01-16T13:05:04.273753 [MAC    ] [W] [ 9250] SCHED: Could not transmit RAR within the window (RA=9241, Window=[9244, 9254), RAR=9254
2025-01-16T13:05:04.293775 [MAC    ] [W] [ 9270] SCHED: Could not transmit RAR within the window (RA=9261, Window=[9264, 9274), RAR=9274
2025-01-16T13:05:04.333750 [MAC    ] [W] [ 9310] SCHED: Could not transmit RAR within the window (RA=9301, Window=[9304, 9314), RAR=9314
2025-01-16T13:05:04.353769 [MAC    ] [W] [ 9330] SCHED: Could not transmit RAR within the window (RA=9321, Window=[9324, 9334), RAR=9334
2025-01-16T13:05:04.373791 [MAC    ] [W] [ 9350] SCHED: Could not transmit RAR within the window (RA=9341, Window=[9344, 9354), RAR=9354
2025-01-16T13:05:04.393749 [MAC    ] [W] [ 9370] SCHED: Could not transmit RAR within the window (RA=9361, Window=[9364, 9374), RAR=9374
2025-01-16T13:05:04.413771 [MAC    ] [W] [ 9390] SCHED: Could not transmit RAR within the window (RA=9381, Window=[9384, 9394), RAR=9394
2025-01-16T13:05:04.433794 [MAC    ] [W] [ 9410] SCHED: Could not transmit RAR within the window (RA=9401, Window=[9404, 9414), RAR=9414
2025-01-16T13:05:04.453750 [MAC    ] [W] [ 9430] SCHED: Could not transmit RAR within the window (RA=9421, Window=[9424, 9434), RAR=9434
2025-01-16T13:05:04.473770 [MAC    ] [W] [ 9450] SCHED: Could not transmit RAR within the window (RA=9441, Window=[9444, 9454), RAR=9454
2025-01-16T13:05:04.493790 [MAC    ] [W] [ 9470] SCHED: Could not transmit RAR within the window (RA=9461, Window=[9464, 9474), RAR=9474
2025-01-16T13:05:04.513746 [MAC    ] [W] [ 9490] SCHED: Could not transmit RAR within the window (RA=9481, Window=[9484, 9494), RAR=9494
2025-01-16T13:05:04.533767 [MAC    ] [W] [ 9510] SCHED: Could not transmit RAR within the window (RA=9501, Window=[9504, 9514), RAR=9514
2025-01-16T13:05:04.553789 [MAC    ] [W] [ 9530] SCHED: Could not transmit RAR within the window (RA=9521, Window=[9524, 9534), RAR=9534
2025-01-16T13:05:04.573755 [MAC    ] [W] [ 9550] SCHED: Could not transmit RAR within the window (RA=9541, Window=[9544, 9554), RAR=9554
2025-01-16T13:05:04.593766 [MAC    ] [W] [ 9570] SCHED: Could not transmit RAR within the window (RA=9561, Window=[9564, 9574), RAR=9574
2025-01-16T13:05:04.613786 [MAC    ] [W] [ 9590] SCHED: Could not transmit RAR within the window (RA=9581, Window=[9584, 9594), RAR=9594
2025-01-16T13:05:04.633809 [MAC    ] [W] [ 9610] SCHED: Could not transmit RAR within the window (RA=9601, Window=[9604, 9614), RAR=9614
2025-01-16T13:05:04.653763 [MAC    ] [W] [ 9630] SCHED: Could not transmit RAR within the window (RA=9621, Window=[9624, 9634), RAR=9634
2025-01-16T13:05:04.673784 [MAC    ] [W] [ 9650] SCHED: Could not transmit RAR within the window (RA=9641, Window=[9644, 9654), RAR=9654
2025-01-16T13:05:04.693804 [MAC    ] [W] [ 9670] SCHED: Could not transmit RAR within the window (RA=9661, Window=[9664, 9674), RAR=9674
2025-01-16T13:05:04.713761 [MAC    ] [W] [ 9690] SCHED: Could not transmit RAR within the window (RA=9681, Window=[9684, 9694), RAR=9694
2025-01-16T13:05:04.733783 [MAC    ] [W] [ 9710] SCHED: Could not transmit RAR within the window (RA=9701, Window=[9704, 9714), RAR=9714
2025-01-16T13:05:04.753804 [MAC    ] [W] [ 9730] SCHED: Could not transmit RAR within the window (RA=9721, Window=[9724, 9734), RAR=9734
2025-01-16T13:05:04.773759 [MAC    ] [W] [ 9750] SCHED: Could not transmit RAR within the window (RA=9741, Window=[9744, 9754), RAR=9754
2025-01-16T13:05:04.793778 [MAC    ] [W] [ 9770] SCHED: Could not transmit RAR within the window (RA=9761, Window=[9764, 9774), RAR=9774
2025-01-16T13:05:04.853772 [MAC    ] [W] [ 9830] SCHED: Could not transmit RAR within the window (RA=9821, Window=[9824, 9834), RAR=9834
2025-01-16T13:05:04.933796 [MAC    ] [W] [ 9910] SCHED: Could not transmit RAR within the window (RA=9901, Window=[9904, 9914), RAR=9914
2025-01-16T13:05:04.953749 [MAC    ] [W] [ 9930] SCHED: Could not transmit RAR within the window (RA=9921, Window=[9924, 9934), RAR=9934
2025-01-16T13:05:04.973768 [MAC    ] [W] [ 9950] SCHED: Could not transmit RAR within the window (RA=9941, Window=[9944, 9954), RAR=9954
2025-01-16T13:05:04.993789 [MAC    ] [W] [ 9970] SCHED: Could not transmit RAR within the window (RA=9961, Window=[9964, 9974), RAR=9974
2025-01-16T13:05:05.013749 [MAC    ] [W] [ 9990] SCHED: Could not transmit RAR within the window (RA=9981, Window=[9984, 9994), RAR=9994
2025-01-16T13:05:05.033771 [MAC    ] [W] [10010] SCHED: Could not transmit RAR within the window (RA=10001, Window=[10004, 10014), RAR=10014
2025-01-16T13:05:05.053789 [MAC    ] [W] [10030] SCHED: Could not transmit RAR within the window (RA=10021, Window=[10024, 10034), RAR=10034
2025-01-16T13:05:05.073760 [MAC    ] [W] [10050] SCHED: Could not transmit RAR within the window (RA=10041, Window=[10044, 10054), RAR=10054
2025-01-16T13:05:05.093798 [MAC    ] [W] [10070] SCHED: Could not transmit RAR within the window (RA=10061, Window=[10064, 10074), RAR=10074
2025-01-16T13:05:05.113790 [MAC    ] [W] [10090] SCHED: Could not transmit RAR within the window (RA=10081, Window=[10084, 10094), RAR=10094
2025-01-16T13:05:05.133742 [MAC    ] [W] [10110] SCHED: Could not transmit RAR within the window (RA=10101, Window=[10104, 10114), RAR=10114
2025-01-16T13:05:05.153769 [MAC    ] [W] [10130] SCHED: Could not transmit RAR within the window (RA=10121, Window=[10124, 10134), RAR=10134
2025-01-16T13:05:05.173784 [MAC    ] [W] [10150] SCHED: Could not transmit RAR within the window (RA=10141, Window=[10144, 10154), RAR=10154
2025-01-16T13:11:59.103124 [MAC    ] [W] [ 4240] SCHED: Could not transmit RAR within the window (RA=4231, Window=[4234, 4244), RAR=4244
2025-01-16T13:11:59.123075 [MAC    ] [W] [ 4260] SCHED: Could not transmit RAR within the window (RA=4251, Window=[4254, 4264), RAR=4264
2025-01-16T13:11:59.143106 [MAC    ] [W] [ 4280] SCHED: Could not transmit RAR within the window (RA=4271, Window=[4274, 4284), RAR=4284
2025-01-16T13:11:59.163122 [MAC    ] [W] [ 4300] SCHED: Could not transmit RAR within the window (RA=4291, Window=[4294, 4304), RAR=4304
2025-01-16T13:11:59.183079 [MAC    ] [W] [ 4320] SCHED: Could not transmit RAR within the window (RA=4311, Window=[4314, 4324), RAR=4324
2025-01-16T13:11:59.203102 [MAC    ] [W] [ 4340] SCHED: Could not transmit RAR within the window (RA=4331, Window=[4334, 4344), RAR=4344
2025-01-16T13:11:59.223121 [MAC    ] [W] [ 4360] SCHED: Could not transmit RAR within the window (RA=4351, Window=[4354, 4364), RAR=4364
2025-01-16T13:11:59.243076 [MAC    ] [W] [ 4380] SCHED: Could not transmit RAR within the window (RA=4371, Window=[4374, 4384), RAR=4384
2025-01-16T13:11:59.263099 [MAC    ] [W] [ 4400] SCHED: Could not transmit RAR within the window (RA=4391, Window=[4394, 4404), RAR=4404
2025-01-16T13:11:59.283113 [MAC    ] [W] [ 4420] SCHED: Could not transmit RAR within the window (RA=4411, Window=[4414, 4424), RAR=4424
2025-01-16T13:11:59.341404 [RRC    ] [W] Unrecognised rnti: 0x5e
2025-01-16T13:11:59.346181 [RRC    ] [W] Ignoring rnti=0x5e command -65534 arg 0. Cause: unknown rnti
2025-01-16T13:11:59.419175 [RRC    ] [W] Not adding NAS message to connection reconfiguration. E-RAB id 5
2025-01-16T13:15:44.972649 [MAC    ] [W] [ 4830] SCHED: Could not transmit RAR within the window (RA=4821, Window=[4824, 4834), RAR=4834
2025-01-16T13:15:44.992672 [MAC    ] [W] [ 4850] SCHED: Could not transmit RAR within the window (RA=4841, Window=[4844, 4854), RAR=4854
2025-01-16T13:15:45.012694 [MAC    ] [W] [ 4870] SCHED: Could not transmit RAR within the window (RA=4861, Window=[4864, 4874), RAR=4874
2025-01-16T13:15:45.032662 [MAC    ] [W] [ 4890] SCHED: Could not transmit RAR within the window (RA=4881, Window=[4884, 4894), RAR=4894
2025-01-16T13:15:45.092720 [MAC    ] [W] [ 4950] SCHED: Could not transmit RAR within the window (RA=4941, Window=[4944, 4954), RAR=4954
2025-01-16T13:15:45.112686 [MAC    ] [W] [ 4970] SCHED: Could not transmit RAR within the window (RA=4961, Window=[4964, 4974), RAR=4974
2025-01-16T13:15:45.132689 [MAC    ] [W] [ 4990] SCHED: Could not transmit RAR within the window (RA=4981, Window=[4984, 4994), RAR=4994
2025-01-16T13:15:45.152739 [MAC    ] [W] [ 5010] SCHED: Could not transmit RAR within the window (RA=5001, Window=[5004, 5014), RAR=5014
2025-01-16T13:15:45.172679 [MAC    ] [W] [ 5030] SCHED: Could not transmit RAR within the window (RA=5021, Window=[5024, 5034), RAR=5034
2025-01-16T13:15:45.192695 [MAC    ] [W] [ 5050] SCHED: Could not transmit RAR within the window (RA=5041, Window=[5044, 5054), RAR=5054
2025-01-16T13:15:45.212715 [MAC    ] [W] [ 5070] SCHED: Could not transmit RAR within the window (RA=5061, Window=[5064, 5074), RAR=5074
2025-01-16T13:15:45.232683 [MAC    ] [W] [ 5090] SCHED: Could not transmit RAR within the window (RA=5081, Window=[5084, 5094), RAR=5094
2025-01-16T13:15:45.252686 [MAC    ] [W] [ 5110] SCHED: Could not transmit RAR within the window (RA=5101, Window=[5104, 5114), RAR=5114
2025-01-16T13:15:45.272706 [MAC    ] [W] [ 5130] SCHED: Could not transmit RAR within the window (RA=5121, Window=[5124, 5134), RAR=5134
2025-01-16T13:15:45.292663 [MAC    ] [W] [ 5150] SCHED: Could not transmit RAR within the window (RA=5141, Window=[5144, 5154), RAR=5154
2025-01-16T13:15:45.312684 [MAC    ] [W] [ 5170] SCHED: Could not transmit RAR within the window (RA=5161, Window=[5164, 5174), RAR=5174
2025-01-16T13:15:45.332705 [MAC    ] [W] [ 5190] SCHED: Could not transmit RAR within the window (RA=5181, Window=[5184, 5194), RAR=5194
2025-01-16T13:15:45.352661 [MAC    ] [W] [ 5210] SCHED: Could not transmit RAR within the window (RA=5201, Window=[5204, 5214), RAR=5214
2025-01-16T13:15:45.552674 [MAC    ] [W] [ 5410] SCHED: Could not transmit RAR within the window (RA=5401, Window=[5404, 5414), RAR=5414
2025-01-16T13:15:55.615631 [S1AP   ] [W] UE context for RNTI:0x24f is in zombie state. Releasing...
2025-01-16T13:16:11.990686 [MAC    ] [W] [ 1128] UE buffers: Removing old buffer tti=1123, interval=13
2025-01-16T13:16:11.991653 [MAC    ] [W] [ 1129] UE buffers: Removing old buffer tti=1124, interval=13
2025-01-16T13:16:11.992692 [MAC    ] [W] [ 1130] UE buffers: Removing old buffer tti=1125, interval=13
2025-01-16T13:16:11.993625 [MAC    ] [W] [ 1131] UE buffers: Removing old buffer tti=1126, interval=13
2025-01-16T13:16:19.984706 [S1AP   ] [W] UE context for RNTI:0x282 is in zombie state. Releasing...
2025-01-16T13:16:28.012586 [MAC    ] [W] [ 6910] SCHED: Could not transmit RAR within the window (RA=6901, Window=[6904, 6914), RAR=6914
2025-01-16T13:16:28.032606 [MAC    ] [W] [ 6930] SCHED: Could not transmit RAR within the window (RA=6921, Window=[6924, 6934), RAR=6934
2025-01-16T13:42:59.559359 [MAC    ] [W] [ 1020] SCHED: Could not transmit RAR within the window (RA=1011, Window=[1014, 1024), RAR=1024
2025-01-16T13:42:59.879365 [MAC    ] [W] [ 1340] SCHED: Could not transmit RAR within the window (RA=1331, Window=[1334, 1344), RAR=1344
2025-01-16T13:42:59.899387 [MAC    ] [W] [ 1360] SCHED: Could not transmit RAR within the window (RA=1351, Window=[1354, 1364), RAR=1364
2025-01-16T13:42:59.919344 [MAC    ] [W] [ 1380] SCHED: Could not transmit RAR within the window (RA=1371, Window=[1374, 1384), RAR=1384
2025-01-16T13:42:59.939368 [MAC    ] [W] [ 1400] SCHED: Could not transmit RAR within the window (RA=1391, Window=[1394, 1404), RAR=1404
2025-01-16T13:42:59.959388 [MAC    ] [W] [ 1420] SCHED: Could not transmit RAR within the window (RA=1411, Window=[1414, 1424), RAR=1424
2025-01-16T13:42:59.979341 [MAC    ] [W] [ 1440] SCHED: Could not transmit RAR within the window (RA=1431, Window=[1434, 1444), RAR=1444
2025-01-16T13:42:59.999364 [MAC    ] [W] [ 1460] SCHED: Could not transmit RAR within the window (RA=1451, Window=[1454, 1464), RAR=1464
2025-01-16T13:43:00.019383 [MAC    ] [W] [ 1480] SCHED: Could not transmit RAR within the window (RA=1471, Window=[1474, 1484), RAR=1484
2025-01-16T13:43:00.039339 [MAC    ] [W] [ 1500] SCHED: Could not transmit RAR within the window (RA=1491, Window=[1494, 1504), RAR=1504
2025-01-16T13:43:00.399390 [MAC    ] [W] [ 1860] SCHED: Could not transmit RAR within the window (RA=1851, Window=[1854, 1864), RAR=1864
2025-01-16T13:43:00.419346 [MAC    ] [W] [ 1880] SCHED: Could not transmit RAR within the window (RA=1871, Window=[1874, 1884), RAR=1884
2025-01-16T13:43:00.439366 [MAC    ] [W] [ 1900] SCHED: Could not transmit RAR within the window (RA=1891, Window=[1894, 1904), RAR=1904
2025-01-16T13:43:00.459387 [MAC    ] [W] [ 1920] SCHED: Could not transmit RAR within the window (RA=1911, Window=[1914, 1924), RAR=1924
2025-01-16T13:43:00.479345 [MAC    ] [W] [ 1940] SCHED: Could not transmit RAR within the window (RA=1931, Window=[1934, 1944), RAR=1944
2025-01-16T13:43:00.499366 [MAC    ] [W] [ 1960] SCHED: Could not transmit RAR within the window (RA=1951, Window=[1954, 1964), RAR=1964
2025-01-16T13:43:00.519385 [MAC    ] [W] [ 1980] SCHED: Could not transmit RAR within the window (RA=1971, Window=[1974, 1984), RAR=1984
2025-01-16T13:43:00.539347 [MAC    ] [W] [ 2000] SCHED: Could not transmit RAR within the window (RA=1991, Window=[1994, 2004), RAR=2004
2025-01-16T13:43:00.559368 [MAC    ] [W] [ 2020] SCHED: Could not transmit RAR within the window (RA=2011, Window=[2014, 2024), RAR=2024
2025-01-16T13:43:00.579387 [MAC    ] [W] [ 2040] SCHED: Could not transmit RAR within the window (RA=2031, Window=[2034, 2044), RAR=2044
2025-01-16T13:43:00.599339 [MAC    ] [W] [ 2060] SCHED: Could not transmit RAR within the window (RA=2051, Window=[2054, 2064), RAR=2064
2025-01-16T13:43:00.619366 [MAC    ] [W] [ 2080] SCHED: Could not transmit RAR within the window (RA=2071, Window=[2074, 2084), RAR=2084
2025-01-16T13:43:00.639380 [MAC    ] [W] [ 2100] SCHED: Could not transmit RAR within the window (RA=2091, Window=[2094, 2104), RAR=2104
2025-01-16T13:43:00.659338 [MAC    ] [W] [ 2120] SCHED: Could not transmit RAR within the window (RA=2111, Window=[2114, 2124), RAR=2124
2025-01-16T13:43:00.679364 [MAC    ] [W] [ 2140] SCHED: Could not transmit RAR within the window (RA=2131, Window=[2134, 2144), RAR=2144
2025-01-16T13:43:00.699383 [MAC    ] [W] [ 2160] SCHED: Could not transmit RAR within the window (RA=2151, Window=[2154, 2164), RAR=2164
2025-01-16T13:43:00.719334 [MAC    ] [W] [ 2180] SCHED: Could not transmit RAR within the window (RA=2171, Window=[2174, 2184), RAR=2184
2025-01-16T13:43:00.739362 [MAC    ] [W] [ 2200] SCHED: Could not transmit RAR within the window (RA=2191, Window=[2194, 2204), RAR=2204
2025-01-16T13:43:00.759380 [MAC    ] [W] [ 2220] SCHED: Could not transmit RAR within the window (RA=2211, Window=[2214, 2224), RAR=2224
2025-01-16T13:43:00.779337 [MAC    ] [W] [ 2240] SCHED: Could not transmit RAR within the window (RA=2231, Window=[2234, 2244), RAR=2244
2025-01-16T13:43:00.819374 [MAC    ] [W] [ 2280] SCHED: Could not transmit RAR within the window (RA=2271, Window=[2274, 2284), RAR=2284
2025-01-16T13:43:00.839331 [MAC    ] [W] [ 2300] SCHED: Could not transmit RAR within the window (RA=2291, Window=[2294, 2304), RAR=2304
2025-01-16T13:43:00.859358 [MAC    ] [W] [ 2320] SCHED: Could not transmit RAR within the window (RA=2311, Window=[2314, 2324), RAR=2324
2025-01-16T13:43:00.879376 [MAC    ] [W] [ 2340] SCHED: Could not transmit RAR within the window (RA=2331, Window=[2334, 2344), RAR=2344
2025-01-16T13:43:00.899341 [MAC    ] [W] [ 2360] SCHED: Could not transmit RAR within the window (RA=2351, Window=[2354, 2364), RAR=2364
2025-01-16T13:43:00.919352 [MAC    ] [W] [ 2380] SCHED: Could not transmit RAR within the window (RA=2371, Window=[2374, 2384), RAR=2384
2025-01-16T13:43:11.619367 [MAC    ] [W] [ 2840] SCHED: Could not transmit RAR within the window (RA=2831, Window=[2834, 2844), RAR=2844
2025-01-16T13:43:11.639320 [MAC    ] [W] [ 2860] SCHED: Could not transmit RAR within the window (RA=2851, Window=[2854, 2864), RAR=2864
2025-01-16T13:43:11.659345 [MAC    ] [W] [ 2880] SCHED: Could not transmit RAR within the window (RA=2871, Window=[2874, 2884), RAR=2884
2025-01-16T13:43:11.679367 [MAC    ] [W] [ 2900] SCHED: Could not transmit RAR within the window (RA=2891, Window=[2894, 2904), RAR=2904
2025-01-16T13:43:11.699325 [MAC    ] [W] [ 2920] SCHED: Could not transmit RAR within the window (RA=2911, Window=[2914, 2924), RAR=2924
2025-01-16T13:43:11.719342 [MAC    ] [W] [ 2940] SCHED: Could not transmit RAR within the window (RA=2931, Window=[2934, 2944), RAR=2944
2025-01-16T13:43:11.739365 [MAC    ] [W] [ 2960] SCHED: Could not transmit RAR within the window (RA=2951, Window=[2954, 2964), RAR=2964
2025-01-16T13:43:11.759319 [MAC    ] [W] [ 2980] SCHED: Could not transmit RAR within the window (RA=2971, Window=[2974, 2984), RAR=2984
2025-01-16T13:43:11.779340 [MAC    ] [W] [ 3000] SCHED: Could not transmit RAR within the window (RA=2991, Window=[2994, 3004), RAR=3004
2025-01-16T13:43:11.799361 [MAC    ] [W] [ 3020] SCHED: Could not transmit RAR within the window (RA=3011, Window=[3014, 3024), RAR=3024
2025-01-16T13:43:11.819318 [MAC    ] [W] [ 3040] SCHED: Could not transmit RAR within the window (RA=3031, Window=[3034, 3044), RAR=3044
2025-01-16T13:43:11.859359 [MAC    ] [W] [ 3080] SCHED: Could not transmit RAR within the window (RA=3071, Window=[3074, 3084), RAR=3084
2025-01-16T13:43:11.879316 [MAC    ] [W] [ 3100] SCHED: Could not transmit RAR within the window (RA=3091, Window=[3094, 3104), RAR=3104
2025-01-16T13:43:11.899339 [MAC    ] [W] [ 3120] SCHED: Could not transmit RAR within the window (RA=3111, Window=[3114, 3124), RAR=3124
2025-01-16T13:43:11.999306 [MAC    ] [W] [ 3220] SCHED: Could not transmit RAR within the window (RA=3211, Window=[3214, 3224), RAR=3224
2025-01-16T13:43:12.019332 [MAC    ] [W] [ 3240] SCHED: Could not transmit RAR within the window (RA=3231, Window=[3234, 3244), RAR=3244
2025-01-16T13:43:12.039354 [MAC    ] [W] [ 3260] SCHED: Could not transmit RAR within the window (RA=3251, Window=[3254, 3264), RAR=3264
2025-01-16T13:43:12.259322 [MAC    ] [W] [ 3480] SCHED: Could not transmit RAR within the window (RA=3471, Window=[3474, 3484), RAR=3484
2025-01-16T13:43:12.359362 [MAC    ] [W] [ 3580] SCHED: Could not transmit RAR within the window (RA=3571, Window=[3574, 3584), RAR=3584
2025-01-16T13:43:12.379318 [MAC    ] [W] [ 3600] SCHED: Could not transmit RAR within the window (RA=3591, Window=[3594, 3604), RAR=3604
2025-01-16T13:43:12.399339 [MAC    ] [W] [ 3620] SCHED: Could not transmit RAR within the window (RA=3611, Window=[3614, 3624), RAR=3624
2025-01-16T13:43:12.419359 [MAC    ] [W] [ 3640] SCHED: Could not transmit RAR within the window (RA=3631, Window=[3634, 3644), RAR=3644
2025-01-16T13:43:12.439317 [MAC    ] [W] [ 3660] SCHED: Could not transmit RAR within the window (RA=3651, Window=[3654, 3664), RAR=3664
2025-01-16T13:43:12.459332 [MAC    ] [W] [ 3680] SCHED: Could not transmit RAR within the window (RA=3671, Window=[3674, 3684), RAR=3684
2025-01-16T13:43:12.479358 [MAC    ] [W] [ 3700] SCHED: Could not transmit RAR within the window (RA=3691, Window=[3694, 3704), RAR=3704
2025-01-16T13:43:12.499315 [MAC    ] [W] [ 3720] SCHED: Could not transmit RAR within the window (RA=3711, Window=[3714, 3724), RAR=3724
2025-01-16T13:43:12.519334 [MAC    ] [W] [ 3740] SCHED: Could not transmit RAR within the window (RA=3731, Window=[3734, 3744), RAR=3744
2025-01-16T13:43:12.539355 [MAC    ] [W] [ 3760] SCHED: Could not transmit RAR within the window (RA=3751, Window=[3754, 3764), RAR=3764
2025-01-16T13:43:12.559312 [MAC    ] [W] [ 3780] SCHED: Could not transmit RAR within the window (RA=3771, Window=[3774, 3784), RAR=3784
2025-01-16T13:43:12.579333 [MAC    ] [W] [ 3800] SCHED: Could not transmit RAR within the window (RA=3791, Window=[3794, 3804), RAR=3804
2025-01-16T13:43:12.699328 [MAC    ] [W] [ 3920] SCHED: Could not transmit RAR within the window (RA=3911, Window=[3914, 3924), RAR=3924
2025-01-16T13:43:12.719346 [MAC    ] [W] [ 3940] SCHED: Could not transmit RAR within the window (RA=3931, Window=[3934, 3944), RAR=3944
2025-01-16T13:43:12.879323 [MAC    ] [W] [ 4100] SCHED: Could not transmit RAR within the window (RA=4091, Window=[4094, 4104), RAR=4104
2025-01-16T13:43:12.899340 [MAC    ] [W] [ 4120] SCHED: Could not transmit RAR within the window (RA=4111, Window=[4114, 4124), RAR=4124
2025-01-16T13:43:12.919364 [MAC    ] [W] [ 4140] SCHED: Could not transmit RAR within the window (RA=4131, Window=[4134, 4144), RAR=4144
2025-01-16T13:43:12.939321 [MAC    ] [W] [ 4160] SCHED: Could not transmit RAR within the window (RA=4151, Window=[4154, 4164), RAR=4164
2025-01-16T13:43:12.959344 [MAC    ] [W] [ 4180] SCHED: Could not transmit RAR within the window (RA=4171, Window=[4174, 4184), RAR=4184
2025-01-16T13:43:12.979362 [MAC    ] [W] [ 4200] SCHED: Could not transmit RAR within the window (RA=4191, Window=[4194, 4204), RAR=4204
2025-01-16T13:43:12.999314 [MAC    ] [W] [ 4220] SCHED: Could not transmit RAR within the window (RA=4211, Window=[4214, 4224), RAR=4224
2025-01-16T13:43:13.019335 [MAC    ] [W] [ 4240] SCHED: Could not transmit RAR within the window (RA=4231, Window=[4234, 4244), RAR=4244
2025-01-16T13:43:13.039355 [MAC    ] [W] [ 4260] SCHED: Could not transmit RAR within the window (RA=4251, Window=[4254, 4264), RAR=4264
2025-01-16T13:43:13.059311 [MAC    ] [W] [ 4280] SCHED: Could not transmit RAR within the window (RA=4271, Window=[4274, 4284), RAR=4284
2025-01-16T13:43:13.079333 [MAC    ] [W] [ 4300] SCHED: Could not transmit RAR within the window (RA=4291, Window=[4294, 4304), RAR=4304
2025-01-16T13:43:13.099354 [MAC    ] [W] [ 4320] SCHED: Could not transmit RAR within the window (RA=4311, Window=[4314, 4324), RAR=4324
2025-01-16T13:43:13.239305 [MAC    ] [W] [ 4460] SCHED: Could not transmit RAR within the window (RA=4451, Window=[4454, 4464), RAR=4464
2025-01-16T13:43:13.259324 [MAC    ] [W] [ 4480] SCHED: Could not transmit RAR within the window (RA=4471, Window=[4474, 4484), RAR=4484
2025-01-16T13:43:13.279348 [MAC    ] [W] [ 4500] SCHED: Could not transmit RAR within the window (RA=4491, Window=[4494, 4504), RAR=4504
2025-01-16T13:43:13.299311 [MAC    ] [W] [ 4520] SCHED: Could not transmit RAR within the window (RA=4511, Window=[4514, 4524), RAR=4524
2025-01-16T13:43:13.319329 [MAC    ] [W] [ 4540] SCHED: Could not transmit RAR within the window (RA=4531, Window=[4534, 4544), RAR=4544
2025-01-16T13:43:13.339347 [MAC    ] [W] [ 4560] SCHED: Could not transmit RAR within the window (RA=4551, Window=[4554, 4564), RAR=4564
2025-01-16T13:43:13.359369 [MAC    ] [W] [ 4580] SCHED: Could not transmit RAR within the window (RA=4571, Window=[4574, 4584), RAR=4584
2025-01-16T13:43:13.379326 [MAC    ] [W] [ 4600] SCHED: Could not transmit RAR within the window (RA=4591, Window=[4594, 4604), RAR=4604
2025-01-16T13:43:13.399345 [MAC    ] [W] [ 4620] SCHED: Could not transmit RAR within the window (RA=4611, Window=[4614, 4624), RAR=4624
2025-01-16T13:43:13.419366 [MAC    ] [W] [ 4640] SCHED: Could not transmit RAR within the window (RA=4631, Window=[4634, 4644), RAR=4644
2025-01-16T13:43:23.549306 [MAC    ] [W] [ 4530] SCHED: Could not transmit RAR within the window (RA=4521, Window=[4524, 4534), RAR=4534
2025-01-16T13:43:23.569325 [MAC    ] [W] [ 4550] SCHED: Could not transmit RAR within the window (RA=4541, Window=[4544, 4554), RAR=4554
2025-01-16T13:43:23.589345 [MAC    ] [W] [ 4570] SCHED: Could not transmit RAR within the window (RA=4561, Window=[4564, 4574), RAR=4574
2025-01-16T13:43:23.609301 [MAC    ] [W] [ 4590] SCHED: Could not transmit RAR within the window (RA=4581, Window=[4584, 4594), RAR=4594
2025-01-16T13:43:23.629327 [MAC    ] [W] [ 4610] SCHED: Could not transmit RAR within the window (RA=4601, Window=[4604, 4614), RAR=4614
2025-01-16T13:43:23.649349 [MAC    ] [W] [ 4630] SCHED: Could not transmit RAR within the window (RA=4621, Window=[4624, 4634), RAR=4634
2025-01-16T13:43:23.669303 [MAC    ] [W] [ 4650] SCHED: Could not transmit RAR within the window (RA=4641, Window=[4644, 4654), RAR=4654
2025-01-16T13:43:23.689322 [MAC    ] [W] [ 4670] SCHED: Could not transmit RAR within the window (RA=4661, Window=[4664, 4674), RAR=4674
2025-01-16T13:43:23.709347 [MAC    ] [W] [ 4690] SCHED: Could not transmit RAR within the window (RA=4681, Window=[4684, 4694), RAR=4694
2025-01-16T13:43:23.729317 [MAC    ] [W] [ 4710] SCHED: Could not transmit RAR within the window (RA=4701, Window=[4704, 4714), RAR=4714
2025-01-16T13:43:23.749322 [MAC    ] [W] [ 4730] SCHED: Could not transmit RAR within the window (RA=4721, Window=[4724, 4734), RAR=4734
2025-01-16T13:43:24.209348 [MAC    ] [W] [ 5190] SCHED: Could not transmit RAR within the window (RA=5181, Window=[5184, 5194), RAR=5194
2025-01-16T13:43:24.229304 [MAC    ] [W] [ 5210] SCHED: Could not transmit RAR within the window (RA=5201, Window=[5204, 5214), RAR=5214
2025-01-16T13:43:24.249327 [MAC    ] [W] [ 5230] SCHED: Could not transmit RAR within the window (RA=5221, Window=[5224, 5234), RAR=5234
2025-01-16T13:43:24.289306 [MAC    ] [W] [ 5270] SCHED: Could not transmit RAR within the window (RA=5261, Window=[5264, 5274), RAR=5274
2025-01-16T13:43:24.309318 [MAC    ] [W] [ 5290] SCHED: Could not transmit RAR within the window (RA=5281, Window=[5284, 5294), RAR=5294
2025-01-16T13:43:24.329338 [MAC    ] [W] [ 5310] SCHED: Could not transmit RAR within the window (RA=5301, Window=[5304, 5314), RAR=5314
2025-01-16T13:43:24.369317 [MAC    ] [W] [ 5350] SCHED: Could not transmit RAR within the window (RA=5341, Window=[5344, 5354), RAR=5354
2025-01-16T13:43:24.469284 [MAC    ] [W] [ 5450] SCHED: Could not transmit RAR within the window (RA=5441, Window=[5444, 5454), RAR=5454
2025-01-16T13:43:24.489314 [MAC    ] [W] [ 5470] SCHED: Could not transmit RAR within the window (RA=5461, Window=[5464, 5474), RAR=5474
2025-01-16T13:43:24.529291 [MAC    ] [W] [ 5510] SCHED: Could not transmit RAR within the window (RA=5501, Window=[5504, 5514), RAR=5514
2025-01-16T13:43:24.549307 [MAC    ] [W] [ 5530] SCHED: Could not transmit RAR within the window (RA=5521, Window=[5524, 5534), RAR=5534
2025-01-16T13:43:24.609309 [MAC    ] [W] [ 5590] SCHED: Could not transmit RAR within the window (RA=5581, Window=[5584, 5594), RAR=5594
2025-01-16T13:43:24.629331 [MAC    ] [W] [ 5610] SCHED: Could not transmit RAR within the window (RA=5601, Window=[5604, 5614), RAR=5614
2025-01-16T13:43:24.649286 [MAC    ] [W] [ 5630] SCHED: Could not transmit RAR within the window (RA=5621, Window=[5624, 5634), RAR=5634
2025-01-16T13:43:24.669309 [MAC    ] [W] [ 5650] SCHED: Could not transmit RAR within the window (RA=5641, Window=[5644, 5654), RAR=5654
2025-01-16T13:43:24.689329 [MAC    ] [W] [ 5670] SCHED: Could not transmit RAR within the window (RA=5661, Window=[5664, 5674), RAR=5674
2025-01-16T13:43:24.809326 [MAC    ] [W] [ 5790] SCHED: Could not transmit RAR within the window (RA=5781, Window=[5784, 5794), RAR=5794
2025-01-16T13:43:24.849298 [MAC    ] [W] [ 5830] SCHED: Could not transmit RAR within the window (RA=5821, Window=[5824, 5834), RAR=5834
2025-01-16T13:43:24.869325 [MAC    ] [W] [ 5850] SCHED: Could not transmit RAR within the window (RA=5841, Window=[5844, 5854), RAR=5854
2025-01-16T13:43:24.889347 [MAC    ] [W] [ 5870] SCHED: Could not transmit RAR within the window (RA=5861, Window=[5864, 5874), RAR=5874
2025-01-16T13:43:24.949340 [MAC    ] [W] [ 5930] SCHED: Could not transmit RAR within the window (RA=5921, Window=[5924, 5934), RAR=5934
2025-01-16T13:43:25.009334 [MAC    ] [W] [ 5990] SCHED: Could not transmit RAR within the window (RA=5981, Window=[5984, 5994), RAR=5994
2025-01-16T13:43:25.029294 [MAC    ] [W] [ 6010] SCHED: Could not transmit RAR within the window (RA=6001, Window=[6004, 6014), RAR=6014
2025-01-16T13:43:25.049314 [MAC    ] [W] [ 6030] SCHED: Could not transmit RAR within the window (RA=6021, Window=[6024, 6034), RAR=6034
2025-01-16T13:43:25.069337 [MAC    ] [W] [ 6050] SCHED: Could not transmit RAR within the window (RA=6041, Window=[6044, 6054), RAR=6054
2025-01-16T13:43:25.109313 [MAC    ] [W] [ 6090] SCHED: Could not transmit RAR within the window (RA=6081, Window=[6084, 6094), RAR=6094
2025-01-16T13:43:25.129332 [MAC    ] [W] [ 6110] SCHED: Could not transmit RAR within the window (RA=6101, Window=[6104, 6114), RAR=6114
2025-01-16T13:43:25.189330 [MAC    ] [W] [ 6170] SCHED: Could not transmit RAR within the window (RA=6161, Window=[6164, 6174), RAR=6174
2025-01-16T13:43:25.229327 [MAC    ] [W] [ 6210] SCHED: Could not transmit RAR within the window (RA=6201, Window=[6204, 6214), RAR=6214
2025-01-16T13:43:25.249332 [MAC    ] [W] [ 6230] SCHED: Could not transmit RAR within the window (RA=6221, Window=[6224, 6234), RAR=6234
2025-01-16T13:43:25.269283 [MAC    ] [W] [ 6250] SCHED: Could not transmit RAR within the window (RA=6241, Window=[6244, 6254), RAR=6254
2025-01-16T13:43:25.289305 [MAC    ] [W] [ 6270] SCHED: Could not transmit RAR within the window (RA=6261, Window=[6264, 6274), RAR=6274
2025-01-16T13:43:25.329283 [MAC    ] [W] [ 6310] SCHED: Could not transmit RAR within the window (RA=6301, Window=[6304, 6314), RAR=6314
2025-01-16T13:43:25.349304 [MAC    ] [W] [ 6330] SCHED: Could not transmit RAR within the window (RA=6321, Window=[6324, 6334), RAR=6334
2025-01-16T13:43:25.389290 [MAC    ] [W] [ 6370] SCHED: Could not transmit RAR within the window (RA=6361, Window=[6364, 6374), RAR=6374
2025-01-16T13:43:25.409303 [MAC    ] [W] [ 6390] SCHED: Could not transmit RAR within the window (RA=6381, Window=[6384, 6394), RAR=6394
2025-01-16T13:43:25.429327 [MAC    ] [W] [ 6410] SCHED: Could not transmit RAR within the window (RA=6401, Window=[6404, 6414), RAR=6414
2025-01-16T13:43:25.449345 [MAC    ] [W] [ 6430] SCHED: Could not transmit RAR within the window (RA=6421, Window=[6424, 6434), RAR=6434
2025-01-16T13:43:25.489324 [MAC    ] [W] [ 6470] SCHED: Could not transmit RAR within the window (RA=6461, Window=[6464, 6474), RAR=6474
2025-01-16T13:43:25.509344 [MAC    ] [W] [ 6490] SCHED: Could not transmit RAR within the window (RA=6481, Window=[6484, 6494), RAR=6494
2025-01-16T13:43:25.529297 [MAC    ] [W] [ 6510] SCHED: Could not transmit RAR within the window (RA=6501, Window=[6504, 6514), RAR=6514
2025-01-16T13:51:01.910398 [S1AP   ] [W] UE context for RNTI:0x425 is in zombie state. Releasing...
2025-01-16T13:51:16.958378 [MAC    ] [W] [ 6900] SCHED: Could not transmit RAR within the window (RA=6891, Window=[6894, 6904), RAR=6904
2025-01-16T13:51:16.978334 [MAC    ] [W] [ 6920] SCHED: Could not transmit RAR within the window (RA=6911, Window=[6914, 6924), RAR=6924
2025-01-16T13:51:17.538367 [MAC    ] [W] [ 7480] SCHED: Could not transmit RAR within the window (RA=7471, Window=[7474, 7484), RAR=7484
2025-01-16T13:51:17.598366 [MAC    ] [W] [ 7540] SCHED: Could not transmit RAR within the window (RA=7531, Window=[7534, 7544), RAR=7544
2025-01-16T13:51:17.618387 [MAC    ] [W] [ 7560] SCHED: Could not transmit RAR within the window (RA=7551, Window=[7554, 7564), RAR=7564
2025-01-16T13:51:17.638378 [MAC    ] [W] [ 7580] SCHED: Could not transmit RAR within the window (RA=7571, Window=[7574, 7584), RAR=7584
2025-01-16T13:51:17.658330 [MAC    ] [W] [ 7600] SCHED: Could not transmit RAR within the window (RA=7591, Window=[7594, 7604), RAR=7604
2025-01-16T13:51:17.678358 [MAC    ] [W] [ 7620] SCHED: Could not transmit RAR within the window (RA=7611, Window=[7614, 7624), RAR=7624
2025-01-16T13:51:17.698376 [MAC    ] [W] [ 7640] SCHED: Could not transmit RAR within the window (RA=7631, Window=[7634, 7644), RAR=7644
2025-01-16T13:51:17.718337 [MAC    ] [W] [ 7660] SCHED: Could not transmit RAR within the window (RA=7651, Window=[7654, 7664), RAR=7664
2025-01-16T13:51:17.738349 [MAC    ] [W] [ 7680] SCHED: Could not transmit RAR within the window (RA=7671, Window=[7674, 7684), RAR=7684
2025-01-16T13:51:17.758371 [MAC    ] [W] [ 7700] SCHED: Could not transmit RAR within the window (RA=7691, Window=[7694, 7704), RAR=7704
2025-01-16T13:51:17.778326 [MAC    ] [W] [ 7720] SCHED: Could not transmit RAR within the window (RA=7711, Window=[7714, 7724), RAR=7724
2025-01-16T13:51:17.798354 [MAC    ] [W] [ 7740] SCHED: Could not transmit RAR within the window (RA=7731, Window=[7734, 7744), RAR=7744
2025-01-16T13:51:17.818368 [MAC    ] [W] [ 7760] SCHED: Could not transmit RAR within the window (RA=7751, Window=[7754, 7764), RAR=7764
2025-01-16T13:51:17.838324 [MAC    ] [W] [ 7780] SCHED: Could not transmit RAR within the window (RA=7771, Window=[7774, 7784), RAR=7784
2025-01-16T13:51:17.858346 [MAC    ] [W] [ 7800] SCHED: Could not transmit RAR within the window (RA=7791, Window=[7794, 7804), RAR=7804
2025-01-16T13:51:17.878366 [MAC    ] [W] [ 7820] SCHED: Could not transmit RAR within the window (RA=7811, Window=[7814, 7824), RAR=7824
2025-01-16T13:51:17.898330 [MAC    ] [W] [ 7840] SCHED: Could not transmit RAR within the window (RA=7831, Window=[7834, 7844), RAR=7844
2025-01-16T13:51:17.918345 [MAC    ] [W] [ 7860] SCHED: Could not transmit RAR within the window (RA=7851, Window=[7854, 7864), RAR=7864
2025-01-16T13:51:17.938363 [MAC    ] [W] [ 7880] SCHED: Could not transmit RAR within the window (RA=7871, Window=[7874, 7884), RAR=7884
2025-01-16T13:51:17.958319 [MAC    ] [W] [ 7900] SCHED: Could not transmit RAR within the window (RA=7891, Window=[7894, 7904), RAR=7904
2025-01-16T13:51:17.978341 [MAC    ] [W] [ 7920] SCHED: Could not transmit RAR within the window (RA=7911, Window=[7914, 7924), RAR=7924
2025-01-16T13:51:17.998363 [MAC    ] [W] [ 7940] SCHED: Could not transmit RAR within the window (RA=7931, Window=[7934, 7944), RAR=7944
2025-01-16T13:51:18.018320 [MAC    ] [W] [ 7960] SCHED: Could not transmit RAR within the window (RA=7951, Window=[7954, 7964), RAR=7964
2025-01-16T13:51:18.038372 [MAC    ] [W] [ 7980] SCHED: Could not transmit RAR within the window (RA=7971, Window=[7974, 7984), RAR=7984
2025-01-16T13:51:18.058394 [MAC    ] [W] [ 8000] SCHED: Could not transmit RAR within the window (RA=7991, Window=[7994, 8004), RAR=8004
2025-01-16T13:51:18.078344 [MAC    ] [W] [ 8020] SCHED: Could not transmit RAR within the window (RA=8011, Window=[8014, 8024), RAR=8024
2025-01-16T13:51:18.098365 [MAC    ] [W] [ 8040] SCHED: Could not transmit RAR within the window (RA=8031, Window=[8034, 8044), RAR=8044
2025-01-16T13:51:18.118390 [MAC    ] [W] [ 8060] SCHED: Could not transmit RAR within the window (RA=8051, Window=[8054, 8064), RAR=8064
2025-01-16T13:51:18.138353 [MAC    ] [W] [ 8080] SCHED: Could not transmit RAR within the window (RA=8071, Window=[8074, 8084), RAR=8084
2025-01-16T13:51:18.158369 [MAC    ] [W] [ 8100] SCHED: Could not transmit RAR within the window (RA=8091, Window=[8094, 8104), RAR=8104
2025-01-16T13:51:18.178384 [MAC    ] [W] [ 8120] SCHED: Could not transmit RAR within the window (RA=8111, Window=[8114, 8124), RAR=8124
2025-01-16T13:51:18.198410 [MAC    ] [W] [ 8140] SCHED: Could not transmit RAR within the window (RA=8131, Window=[8134, 8144), RAR=8144
2025-01-16T13:51:18.218366 [MAC    ] [W] [ 8160] SCHED: Could not transmit RAR within the window (RA=8151, Window=[8154, 8164), RAR=8164
2025-01-16T13:51:18.238355 [MAC    ] [W] [ 8180] SCHED: Could not transmit RAR within the window (RA=8171, Window=[8174, 8184), RAR=8184
2025-01-16T13:51:18.258373 [MAC    ] [W] [ 8200] SCHED: Could not transmit RAR within the window (RA=8191, Window=[8194, 8204), RAR=8204
2025-01-16T13:51:18.698312 [MAC    ] [W] [ 8640] SCHED: Could not transmit RAR within the window (RA=8631, Window=[8634, 8644), RAR=8644
2025-01-16T13:51:28.938306 [MAC    ] [W] [ 8640] SCHED: Could not transmit RAR within the window (RA=8631, Window=[8634, 8644), RAR=8644
2025-01-16T13:51:28.958325 [MAC    ] [W] [ 8660] SCHED: Could not transmit RAR within the window (RA=8651, Window=[8654, 8664), RAR=8664
2025-01-16T13:51:28.978346 [MAC    ] [W] [ 8680] SCHED: Could not transmit RAR within the window (RA=8671, Window=[8674, 8684), RAR=8684
2025-01-16T13:51:28.998304 [MAC    ] [W] [ 8700] SCHED: Could not transmit RAR within the window (RA=8691, Window=[8694, 8704), RAR=8704
2025-01-16T13:51:29.018325 [MAC    ] [W] [ 8720] SCHED: Could not transmit RAR within the window (RA=8711, Window=[8714, 8724), RAR=8724
2025-01-16T13:51:29.038344 [MAC    ] [W] [ 8740] SCHED: Could not transmit RAR within the window (RA=8731, Window=[8734, 8744), RAR=8744
2025-01-16T13:51:29.058300 [MAC    ] [W] [ 8760] SCHED: Could not transmit RAR within the window (RA=8751, Window=[8754, 8764), RAR=8764
2025-01-16T13:51:29.098343 [MAC    ] [W] [ 8800] SCHED: Could not transmit RAR within the window (RA=8791, Window=[8794, 8804), RAR=8804
2025-01-16T13:51:29.118298 [MAC    ] [W] [ 8820] SCHED: Could not transmit RAR within the window (RA=8811, Window=[8814, 8824), RAR=8824
2025-01-16T13:51:29.138318 [MAC    ] [W] [ 8840] SCHED: Could not transmit RAR within the window (RA=8831, Window=[8834, 8844), RAR=8844
2025-01-16T13:51:29.158341 [MAC    ] [W] [ 8860] SCHED: Could not transmit RAR within the window (RA=8851, Window=[8854, 8864), RAR=8864
2025-01-16T13:51:29.178296 [MAC    ] [W] [ 8880] SCHED: Could not transmit RAR within the window (RA=8871, Window=[8874, 8884), RAR=8884
2025-01-16T13:51:29.198318 [MAC    ] [W] [ 8900] SCHED: Could not transmit RAR within the window (RA=8891, Window=[8894, 8904), RAR=8904
2025-01-16T13:51:29.218340 [MAC    ] [W] [ 8920] SCHED: Could not transmit RAR within the window (RA=8911, Window=[8914, 8924), RAR=8924
2025-01-16T13:51:29.238293 [MAC    ] [W] [ 8940] SCHED: Could not transmit RAR within the window (RA=8931, Window=[8934, 8944), RAR=8944
2025-01-16T13:51:29.258314 [MAC    ] [W] [ 8960] SCHED: Could not transmit RAR within the window (RA=8951, Window=[8954, 8964), RAR=8964
2025-01-16T13:51:29.278340 [MAC    ] [W] [ 8980] SCHED: Could not transmit RAR within the window (RA=8971, Window=[8974, 8984), RAR=8984
2025-01-16T13:51:29.298299 [MAC    ] [W] [ 9000] SCHED: Could not transmit RAR within the window (RA=8991, Window=[8994, 9004), RAR=9004
2025-01-16T13:51:29.318311 [MAC    ] [W] [ 9020] SCHED: Could not transmit RAR within the window (RA=9011, Window=[9014, 9024), RAR=9024
2025-01-16T13:51:29.338334 [MAC    ] [W] [ 9040] SCHED: Could not transmit RAR within the window (RA=9031, Window=[9034, 9044), RAR=9044
2025-01-16T13:51:29.358356 [MAC    ] [W] [ 9060] SCHED: Could not transmit RAR within the window (RA=9051, Window=[9054, 9064), RAR=9064
2025-01-16T13:51:29.378311 [MAC    ] [W] [ 9080] SCHED: Could not transmit RAR within the window (RA=9071, Window=[9074, 9084), RAR=9084
2025-01-16T13:51:29.398331 [MAC    ] [W] [ 9100] SCHED: Could not transmit RAR within the window (RA=9091, Window=[9094, 9104), RAR=9104
2025-01-16T13:51:29.418351 [MAC    ] [W] [ 9120] SCHED: Could not transmit RAR within the window (RA=9111, Window=[9114, 9124), RAR=9124
2025-01-16T13:51:29.438308 [MAC    ] [W] [ 9140] SCHED: Could not transmit RAR within the window (RA=9131, Window=[9134, 9144), RAR=9144
2025-01-16T13:51:29.458328 [MAC    ] [W] [ 9160] SCHED: Could not transmit RAR within the window (RA=9151, Window=[9154, 9164), RAR=9164
2025-01-16T13:51:29.478349 [MAC    ] [W] [ 9180] SCHED: Could not transmit RAR within the window (RA=9171, Window=[9174, 9184), RAR=9184
2025-01-16T13:51:29.498308 [MAC    ] [W] [ 9200] SCHED: Could not transmit RAR within the window (RA=9191, Window=[9194, 9204), RAR=9204
2025-01-16T13:51:29.518328 [MAC    ] [W] [ 9220] SCHED: Could not transmit RAR within the window (RA=9211, Window=[9214, 9224), RAR=9224
2025-01-16T13:51:29.538349 [MAC    ] [W] [ 9240] SCHED: Could not transmit RAR within the window (RA=9231, Window=[9234, 9244), RAR=9244
2025-01-16T13:51:29.558304 [MAC    ] [W] [ 9260] SCHED: Could not transmit RAR within the window (RA=9251, Window=[9254, 9264), RAR=9264
2025-01-16T13:51:29.578324 [MAC    ] [W] [ 9280] SCHED: Could not transmit RAR within the window (RA=9271, Window=[9274, 9284), RAR=9284
2025-01-16T13:51:30.238299 [MAC    ] [W] [ 9940] SCHED: Could not transmit RAR within the window (RA=9931, Window=[9934, 9944), RAR=9944
2025-01-16T13:51:30.258324 [MAC    ] [W] [ 9960] SCHED: Could not transmit RAR within the window (RA=9951, Window=[9954, 9964), RAR=9964
2025-01-16T13:51:30.738302 [MAC    ] [W] [  200] SCHED: Could not transmit RAR within the window (RA=191, Window=[194, 204), RAR=204
2025-01-16T13:51:30.758324 [MAC    ] [W] [  220] SCHED: Could not transmit RAR within the window (RA=211, Window=[214, 224), RAR=224
2025-01-16T13:51:30.778346 [MAC    ] [W] [  240] SCHED: Could not transmit RAR within the window (RA=231, Window=[234, 244), RAR=244
2025-01-16T13:51:30.798300 [MAC    ] [W] [  260] SCHED: Could not transmit RAR within the window (RA=251, Window=[254, 264), RAR=264
2025-01-16T13:51:30.818323 [MAC    ] [W] [  280] SCHED: Could not transmit RAR within the window (RA=271, Window=[274, 284), RAR=284
2025-01-16T13:51:30.838342 [MAC    ] [W] [  300] SCHED: Could not transmit RAR within the window (RA=291, Window=[294, 304), RAR=304
2025-01-16T13:51:30.858299 [MAC    ] [W] [  320] SCHED: Could not transmit RAR within the window (RA=311, Window=[314, 324), RAR=324
2025-01-16T13:51:30.878335 [MAC    ] [W] [  340] SCHED: Could not transmit RAR within the window (RA=331, Window=[334, 344), RAR=344
2025-01-16T13:51:30.898341 [MAC    ] [W] [  360] SCHED: Could not transmit RAR within the window (RA=351, Window=[354, 364), RAR=364
2025-01-16T13:51:31.965303 [S1AP   ] [W] UE context for RNTI:0x426 is in zombie state. Releasing...
2025-01-16T16:32:24.477034 [MAC    ] [W] [ 7870] SCHED: Could not transmit RAR within the window (RA=7861, Window=[7864, 7874), RAR=7874
2025-01-16T16:32:24.496990 [MAC    ] [W] [ 7890] SCHED: Could not transmit RAR within the window (RA=7881, Window=[7884, 7894), RAR=7894
2025-01-16T16:32:24.517013 [MAC    ] [W] [ 7910] SCHED: Could not transmit RAR within the window (RA=7901, Window=[7904, 7914), RAR=7914
2025-01-16T16:32:24.537032 [MAC    ] [W] [ 7930] SCHED: Could not transmit RAR within the window (RA=7921, Window=[7924, 7934), RAR=7934
2025-01-16T16:32:24.556996 [MAC    ] [W] [ 7950] SCHED: Could not transmit RAR within the window (RA=7941, Window=[7944, 7954), RAR=7954
2025-01-16T16:32:24.637006 [MAC    ] [W] [ 8030] SCHED: Could not transmit RAR within the window (RA=8021, Window=[8024, 8034), RAR=8034
2025-01-16T16:32:24.657031 [MAC    ] [W] [ 8050] SCHED: Could not transmit RAR within the window (RA=8041, Window=[8044, 8054), RAR=8054
2025-01-16T16:32:24.676987 [MAC    ] [W] [ 8070] SCHED: Could not transmit RAR within the window (RA=8061, Window=[8064, 8074), RAR=8074
2025-01-16T16:32:24.697005 [MAC    ] [W] [ 8090] SCHED: Could not transmit RAR within the window (RA=8081, Window=[8084, 8094), RAR=8094
2025-01-16T16:32:24.717029 [MAC    ] [W] [ 8110] SCHED: Could not transmit RAR within the window (RA=8101, Window=[8104, 8114), RAR=8114
2025-01-16T16:32:24.736984 [MAC    ] [W] [ 8130] SCHED: Could not transmit RAR within the window (RA=8121, Window=[8124, 8134), RAR=8134
2025-01-16T16:32:24.757002 [MAC    ] [W] [ 8150] SCHED: Could not transmit RAR within the window (RA=8141, Window=[8144, 8154), RAR=8154
2025-01-16T16:32:24.777024 [MAC    ] [W] [ 8170] SCHED: Could not transmit RAR within the window (RA=8161, Window=[8164, 8174), RAR=8174
2025-01-16T16:32:24.796982 [MAC    ] [W] [ 8190] SCHED: Could not transmit RAR within the window (RA=8181, Window=[8184, 8194), RAR=8194
2025-01-16T16:32:24.817002 [MAC    ] [W] [ 8210] SCHED: Could not transmit RAR within the window (RA=8201, Window=[8204, 8214), RAR=8214
2025-01-16T16:32:24.837026 [MAC    ] [W] [ 8230] SCHED: Could not transmit RAR within the window (RA=8221, Window=[8224, 8234), RAR=8234
2025-01-16T16:32:24.856992 [MAC    ] [W] [ 8250] SCHED: Could not transmit RAR within the window (RA=8241, Window=[8244, 8254), RAR=8254
2025-01-16T16:32:24.877002 [MAC    ] [W] [ 8270] SCHED: Could not transmit RAR within the window (RA=8261, Window=[8264, 8274), RAR=8274
2025-01-16T16:32:24.897020 [MAC    ] [W] [ 8290] SCHED: Could not transmit RAR within the window (RA=8281, Window=[8284, 8294), RAR=8294
2025-01-16T16:32:24.917039 [MAC    ] [W] [ 8310] SCHED: Could not transmit RAR within the window (RA=8301, Window=[8304, 8314), RAR=8314
2025-01-16T16:32:24.937000 [MAC    ] [W] [ 8330] SCHED: Could not transmit RAR within the window (RA=8321, Window=[8324, 8334), RAR=8334
2025-01-16T16:32:24.957017 [MAC    ] [W] [ 8350] SCHED: Could not transmit RAR within the window (RA=8341, Window=[8344, 8354), RAR=8354
2025-01-16T16:32:24.977044 [MAC    ] [W] [ 8370] SCHED: Could not transmit RAR within the window (RA=8361, Window=[8364, 8374), RAR=8374
2025-01-16T16:32:24.996998 [MAC    ] [W] [ 8390] SCHED: Could not transmit RAR within the window (RA=8381, Window=[8384, 8394), RAR=8394
2025-01-16T16:32:25.017022 [MAC    ] [W] [ 8410] SCHED: Could not transmit RAR within the window (RA=8401, Window=[8404, 8414), RAR=8414
2025-01-16T16:32:25.037036 [MAC    ] [W] [ 8430] SCHED: Could not transmit RAR within the window (RA=8421, Window=[8424, 8434), RAR=8434
2025-01-16T16:32:25.056995 [MAC    ] [W] [ 8450] SCHED: Could not transmit RAR within the window (RA=8441, Window=[8444, 8454), RAR=8454
2025-01-16T16:32:25.077015 [MAC    ] [W] [ 8470] SCHED: Could not transmit RAR within the window (RA=8461, Window=[8464, 8474), RAR=8474
2025-01-16T16:32:25.097035 [MAC    ] [W] [ 8490] SCHED: Could not transmit RAR within the window (RA=8481, Window=[8484, 8494), RAR=8494
2025-01-16T16:32:25.116994 [MAC    ] [W] [ 8510] SCHED: Could not transmit RAR within the window (RA=8501, Window=[8504, 8514), RAR=8514
2025-01-16T16:32:25.137009 [MAC    ] [W] [ 8530] SCHED: Could not transmit RAR within the window (RA=8521, Window=[8524, 8534), RAR=8534
2025-01-16T16:32:25.157034 [MAC    ] [W] [ 8550] SCHED: Could not transmit RAR within the window (RA=8541, Window=[8544, 8554), RAR=8554
2025-01-16T16:32:25.176989 [MAC    ] [W] [ 8570] SCHED: Could not transmit RAR within the window (RA=8561, Window=[8564, 8574), RAR=8574
2025-01-16T16:32:25.197013 [MAC    ] [W] [ 8590] SCHED: Could not transmit RAR within the window (RA=8581, Window=[8584, 8594), RAR=8594
2025-01-16T16:32:45.359011 [S1AP   ] [W] UE context for RNTI:0x58d is in zombie state. Releasing...
2025-01-16T16:33:00.356966 [MAC    ] [W] [ 2790] SCHED: Could not transmit RAR within the window (RA=2781, Window=[2784, 2794), RAR=2794
2025-01-16T16:33:00.376987 [MAC    ] [W] [ 2810] SCHED: Could not transmit RAR within the window (RA=2801, Window=[2804, 2814), RAR=2814
2025-01-16T16:33:00.396946 [MAC    ] [W] [ 2830] SCHED: Could not transmit RAR within the window (RA=2821, Window=[2824, 2834), RAR=2834
2025-01-16T16:33:00.416972 [MAC    ] [W] [ 2850] SCHED: Could not transmit RAR within the window (RA=2841, Window=[2844, 2854), RAR=2854
2025-01-16T16:33:00.436985 [MAC    ] [W] [ 2870] SCHED: Could not transmit RAR within the window (RA=2861, Window=[2864, 2874), RAR=2874
2025-01-16T16:33:10.456954 [S1AP   ] [W] UE context for RNTI:0x58e is in zombie state. Releasing...
2025-01-16T16:54:03.032427 [RRC    ] [W] Not adding NAS message to connection reconfiguration. E-RAB id 5
2025-01-16T17:17:41.096601 [S1AP   ] [W] UE context for RNTI:0x59b is in zombie state. Releasing...
2025-01-16T17:17:56.103534 [MAC    ] [W] [ 5420] SCHED: Could not transmit RAR within the window (RA=5411, Window=[5414, 5424), RAR=5424
2025-01-16T17:17:56.123552 [MAC    ] [W] [ 5440] SCHED: Could not transmit RAR within the window (RA=5431, Window=[5434, 5444), RAR=5444
2025-01-16T17:17:56.143513 [MAC    ] [W] [ 5460] SCHED: Could not transmit RAR within the window (RA=5451, Window=[5454, 5464), RAR=5464
2025-01-16T17:17:56.163534 [MAC    ] [W] [ 5480] SCHED: Could not transmit RAR within the window (RA=5471, Window=[5474, 5484), RAR=5484
2025-01-16T17:17:56.183553 [MAC    ] [W] [ 5500] SCHED: Could not transmit RAR within the window (RA=5491, Window=[5494, 5504), RAR=5504
2025-01-16T17:17:56.203506 [MAC    ] [W] [ 5520] SCHED: Could not transmit RAR within the window (RA=5511, Window=[5514, 5524), RAR=5524
2025-01-16T17:17:56.223528 [MAC    ] [W] [ 5540] SCHED: Could not transmit RAR within the window (RA=5531, Window=[5534, 5544), RAR=5544
2025-01-16T17:17:56.243548 [MAC    ] [W] [ 5560] SCHED: Could not transmit RAR within the window (RA=5551, Window=[5554, 5564), RAR=5564
2025-01-16T17:17:56.263516 [MAC    ] [W] [ 5580] SCHED: Could not transmit RAR within the window (RA=5571, Window=[5574, 5584), RAR=5584
2025-01-16T17:17:56.283527 [MAC    ] [W] [ 5600] SCHED: Could not transmit RAR within the window (RA=5591, Window=[5594, 5604), RAR=5604
2025-01-16T17:17:56.303548 [MAC    ] [W] [ 5620] SCHED: Could not transmit RAR within the window (RA=5611, Window=[5614, 5624), RAR=5624
2025-01-16T17:17:56.323569 [MAC    ] [W] [ 5640] SCHED: Could not transmit RAR within the window (RA=5631, Window=[5634, 5644), RAR=5644
2025-01-16T17:17:56.343528 [MAC    ] [W] [ 5660] SCHED: Could not transmit RAR within the window (RA=5651, Window=[5654, 5664), RAR=5664
2025-01-16T17:17:56.363543 [MAC    ] [W] [ 5680] SCHED: Could not transmit RAR within the window (RA=5671, Window=[5674, 5684), RAR=5684
2025-01-16T17:17:56.383570 [MAC    ] [W] [ 5700] SCHED: Could not transmit RAR within the window (RA=5691, Window=[5694, 5704), RAR=5704
2025-01-16T17:17:56.403518 [MAC    ] [W] [ 5720] SCHED: Could not transmit RAR within the window (RA=5711, Window=[5714, 5724), RAR=5724
2025-01-16T17:17:56.423547 [MAC    ] [W] [ 5740] SCHED: Could not transmit RAR within the window (RA=5731, Window=[5734, 5744), RAR=5744
2025-01-16T17:18:06.443526 [S1AP   ] [W] UE context for RNTI:0x59c is in zombie state. Releasing...
2025-01-16T20:12:14.249670 [S1AP   ] [W] UE context for RNTI:0x5c1 is in zombie state. Releasing...
2025-01-16T20:12:29.216634 [MAC    ] [W] [ 3020] SCHED: Could not transmit RAR within the window (RA=3011, Window=[3014, 3024), RAR=3024
2025-01-16T20:12:29.236592 [MAC    ] [W] [ 3040] SCHED: Could not transmit RAR within the window (RA=3031, Window=[3034, 3044), RAR=3044
2025-01-16T20:12:29.256614 [MAC    ] [W] [ 3060] SCHED: Could not transmit RAR within the window (RA=3051, Window=[3054, 3064), RAR=3064
2025-01-16T20:12:29.276622 [MAC    ] [W] [ 3080] SCHED: Could not transmit RAR within the window (RA=3071, Window=[3074, 3084), RAR=3084
2025-01-16T20:12:29.296571 [MAC    ] [W] [ 3100] SCHED: Could not transmit RAR within the window (RA=3091, Window=[3094, 3104), RAR=3104
2025-01-16T20:12:29.316584 [MAC    ] [W] [ 3120] SCHED: Could not transmit RAR within the window (RA=3111, Window=[3114, 3124), RAR=3124
2025-01-16T20:12:29.336598 [MAC    ] [W] [ 3140] SCHED: Could not transmit RAR within the window (RA=3131, Window=[3134, 3144), RAR=3144
2025-01-16T20:12:29.716614 [MAC    ] [W] [ 3520] SCHED: Could not transmit RAR within the window (RA=3511, Window=[3514, 3524), RAR=3524
2025-01-16T20:12:30.416595 [MAC    ] [W] [ 4220] SCHED: Could not transmit RAR within the window (RA=4211, Window=[4214, 4224), RAR=4224
2025-01-16T20:12:30.456636 [MAC    ] [W] [ 4260] SCHED: Could not transmit RAR within the window (RA=4251, Window=[4254, 4264), RAR=4264
2025-01-16T20:12:30.476587 [MAC    ] [W] [ 4280] SCHED: Could not transmit RAR within the window (RA=4271, Window=[4274, 4284), RAR=4284
2025-01-16T20:12:30.496611 [MAC    ] [W] [ 4300] SCHED: Could not transmit RAR within the window (RA=4291, Window=[4294, 4304), RAR=4304
2025-01-16T20:12:30.516603 [MAC    ] [W] [ 4320] SCHED: Could not transmit RAR within the window (RA=4311, Window=[4314, 4324), RAR=4324
2025-01-16T20:12:30.536593 [MAC    ] [W] [ 4340] SCHED: Could not transmit RAR within the window (RA=4331, Window=[4334, 4344), RAR=4344
2025-01-16T20:12:30.556616 [MAC    ] [W] [ 4360] SCHED: Could not transmit RAR within the window (RA=4351, Window=[4354, 4364), RAR=4364
2025-01-16T20:12:30.576636 [MAC    ] [W] [ 4380] SCHED: Could not transmit RAR within the window (RA=4371, Window=[4374, 4384), RAR=4384
2025-01-16T20:12:30.596632 [MAC    ] [W] [ 4400] SCHED: Could not transmit RAR within the window (RA=4391, Window=[4394, 4404), RAR=4404
2025-01-16T20:12:30.616583 [MAC    ] [W] [ 4420] SCHED: Could not transmit RAR within the window (RA=4411, Window=[4414, 4424), RAR=4424
2025-01-16T20:12:30.636602 [MAC    ] [W] [ 4440] SCHED: Could not transmit RAR within the window (RA=4431, Window=[4434, 4444), RAR=4444
2025-01-16T20:12:30.656624 [MAC    ] [W] [ 4460] SCHED: Could not transmit RAR within the window (RA=4451, Window=[4454, 4464), RAR=4464
2025-01-16T20:12:30.676580 [MAC    ] [W] [ 4480] SCHED: Could not transmit RAR within the window (RA=4471, Window=[4474, 4484), RAR=4484
2025-01-16T20:12:30.716618 [MAC    ] [W] [ 4520] SCHED: Could not transmit RAR within the window (RA=4511, Window=[4514, 4524), RAR=4524
2025-01-16T20:12:30.736573 [MAC    ] [W] [ 4540] SCHED: Could not transmit RAR within the window (RA=4531, Window=[4534, 4544), RAR=4544
2025-01-16T20:12:30.756596 [MAC    ] [W] [ 4560] SCHED: Could not transmit RAR within the window (RA=4551, Window=[4554, 4564), RAR=4564
2025-01-16T20:12:30.776622 [MAC    ] [W] [ 4580] SCHED: Could not transmit RAR within the window (RA=4571, Window=[4574, 4584), RAR=4584
2025-01-16T20:12:30.796577 [MAC    ] [W] [ 4600] SCHED: Could not transmit RAR within the window (RA=4591, Window=[4594, 4604), RAR=4604
2025-01-16T20:12:30.816602 [MAC    ] [W] [ 4620] SCHED: Could not transmit RAR within the window (RA=4611, Window=[4614, 4624), RAR=4624
2025-01-16T20:12:30.836617 [MAC    ] [W] [ 4640] SCHED: Could not transmit RAR within the window (RA=4631, Window=[4634, 4644), RAR=4644
2025-01-16T20:12:30.856574 [MAC    ] [W] [ 4660] SCHED: Could not transmit RAR within the window (RA=4651, Window=[4654, 4664), RAR=4664
2025-01-16T20:12:30.876596 [MAC    ] [W] [ 4680] SCHED: Could not transmit RAR within the window (RA=4671, Window=[4674, 4684), RAR=4684
2025-01-16T20:12:30.896618 [MAC    ] [W] [ 4700] SCHED: Could not transmit RAR within the window (RA=4691, Window=[4694, 4704), RAR=4704
2025-01-16T20:12:41.236594 [MAC    ] [W] [ 4800] SCHED: Could not transmit RAR within the window (RA=4791, Window=[4794, 4804), RAR=4804
2025-01-16T20:12:41.816619 [MAC    ] [W] [ 5380] SCHED: Could not transmit RAR within the window (RA=5371, Window=[5374, 5384), RAR=5384
2025-01-16T20:12:41.836572 [MAC    ] [W] [ 5400] SCHED: Could not transmit RAR within the window (RA=5391, Window=[5394, 5404), RAR=5404
2025-01-16T20:12:41.856592 [MAC    ] [W] [ 5420] SCHED: Could not transmit RAR within the window (RA=5411, Window=[5414, 5424), RAR=5424
2025-01-16T20:12:41.876615 [MAC    ] [W] [ 5440] SCHED: Could not transmit RAR within the window (RA=5431, Window=[5434, 5444), RAR=5444
2025-01-16T20:12:41.916592 [MAC    ] [W] [ 5480] SCHED: Could not transmit RAR within the window (RA=5471, Window=[5474, 5484), RAR=5484
2025-01-16T20:12:41.936611 [MAC    ] [W] [ 5500] SCHED: Could not transmit RAR within the window (RA=5491, Window=[5494, 5504), RAR=5504
2025-01-16T20:12:42.156584 [MAC    ] [W] [ 5720] SCHED: Could not transmit RAR within the window (RA=5711, Window=[5714, 5724), RAR=5724
2025-01-16T20:12:42.176602 [MAC    ] [W] [ 5740] SCHED: Could not transmit RAR within the window (RA=5731, Window=[5734, 5744), RAR=5744
2025-01-16T20:12:42.196559 [MAC    ] [W] [ 5760] SCHED: Could not transmit RAR within the window (RA=5751, Window=[5754, 5764), RAR=5764
2025-01-16T20:12:42.216579 [MAC    ] [W] [ 5780] SCHED: Could not transmit RAR within the window (RA=5771, Window=[5774, 5784), RAR=5784
2025-01-16T20:12:42.236601 [MAC    ] [W] [ 5800] SCHED: Could not transmit RAR within the window (RA=5791, Window=[5794, 5804), RAR=5804
2025-01-16T20:12:42.256559 [MAC    ] [W] [ 5820] SCHED: Could not transmit RAR within the window (RA=5811, Window=[5814, 5824), RAR=5824
2025-01-16T20:12:42.276577 [MAC    ] [W] [ 5840] SCHED: Could not transmit RAR within the window (RA=5831, Window=[5834, 5844), RAR=5844
2025-01-16T20:12:42.296600 [MAC    ] [W] [ 5860] SCHED: Could not transmit RAR within the window (RA=5851, Window=[5854, 5864), RAR=5864
2025-01-16T20:12:42.316565 [MAC    ] [W] [ 5880] SCHED: Could not transmit RAR within the window (RA=5871, Window=[5874, 5884), RAR=5884
2025-01-16T20:12:42.336578 [MAC    ] [W] [ 5900] SCHED: Could not transmit RAR within the window (RA=5891, Window=[5894, 5904), RAR=5904
2025-01-16T20:12:42.356597 [MAC    ] [W] [ 5920] SCHED: Could not transmit RAR within the window (RA=5911, Window=[5914, 5924), RAR=5924
2025-01-16T20:12:42.376616 [MAC    ] [W] [ 5940] SCHED: Could not transmit RAR within the window (RA=5931, Window=[5934, 5944), RAR=5944
2025-01-16T20:12:42.396572 [MAC    ] [W] [ 5960] SCHED: Could not transmit RAR within the window (RA=5951, Window=[5954, 5964), RAR=5964
2025-01-16T20:12:42.416592 [MAC    ] [W] [ 5980] SCHED: Could not transmit RAR within the window (RA=5971, Window=[5974, 5984), RAR=5984
2025-01-16T20:12:42.436614 [MAC    ] [W] [ 6000] SCHED: Could not transmit RAR within the window (RA=5991, Window=[5994, 6004), RAR=6004
2025-01-16T20:12:42.456574 [MAC    ] [W] [ 6020] SCHED: Could not transmit RAR within the window (RA=6011, Window=[6014, 6024), RAR=6024
2025-01-16T20:12:42.476598 [MAC    ] [W] [ 6040] SCHED: Could not transmit RAR within the window (RA=6031, Window=[6034, 6044), RAR=6044
2025-01-16T20:12:42.496617 [MAC    ] [W] [ 6060] SCHED: Could not transmit RAR within the window (RA=6051, Window=[6054, 6064), RAR=6064
2025-01-16T20:12:42.516574 [MAC    ] [W] [ 6080] SCHED: Could not transmit RAR within the window (RA=6071, Window=[6074, 6084), RAR=6084
2025-01-16T20:12:42.536594 [MAC    ] [W] [ 6100] SCHED: Could not transmit RAR within the window (RA=6091, Window=[6094, 6104), RAR=6104
2025-01-16T20:12:42.556609 [MAC    ] [W] [ 6120] SCHED: Could not transmit RAR within the window (RA=6111, Window=[6114, 6124), RAR=6124
2025-01-16T20:12:42.916598 [MAC    ] [W] [ 6480] SCHED: Could not transmit RAR within the window (RA=6471, Window=[6474, 6484), RAR=6484
2025-01-16T20:12:42.936562 [MAC    ] [W] [ 6500] SCHED: Could not transmit RAR within the window (RA=6491, Window=[6494, 6504), RAR=6504
2025-01-16T20:12:42.956576 [MAC    ] [W] [ 6520] SCHED: Could not transmit RAR within the window (RA=6511, Window=[6514, 6524), RAR=6524
2025-01-16T20:12:42.976593 [MAC    ] [W] [ 6540] SCHED: Could not transmit RAR within the window (RA=6531, Window=[6534, 6544), RAR=6544
2025-01-16T20:12:42.996623 [MAC    ] [W] [ 6560] SCHED: Could not transmit RAR within the window (RA=6551, Window=[6554, 6564), RAR=6564
2025-01-16T20:12:43.016577 [MAC    ] [W] [ 6580] SCHED: Could not transmit RAR within the window (RA=6571, Window=[6574, 6584), RAR=6584
2025-01-16T20:12:43.036628 [MAC    ] [W] [ 6600] SCHED: Could not transmit RAR within the window (RA=6591, Window=[6594, 6604), RAR=6604
2025-01-16T20:12:43.056631 [MAC    ] [W] [ 6620] SCHED: Could not transmit RAR within the window (RA=6611, Window=[6614, 6624), RAR=6624
2025-01-16T20:12:43.076578 [MAC    ] [W] [ 6640] SCHED: Could not transmit RAR within the window (RA=6631, Window=[6634, 6644), RAR=6644
2025-01-16T20:12:43.096597 [MAC    ] [W] [ 6660] SCHED: Could not transmit RAR within the window (RA=6651, Window=[6654, 6664), RAR=6664
2025-01-16T20:12:43.116613 [MAC    ] [W] [ 6680] SCHED: Could not transmit RAR within the window (RA=6671, Window=[6674, 6684), RAR=6684
2025-01-16T20:12:43.136569 [MAC    ] [W] [ 6700] SCHED: Could not transmit RAR within the window (RA=6691, Window=[6694, 6704), RAR=6704
2025-01-16T20:12:43.156595 [MAC    ] [W] [ 6720] SCHED: Could not transmit RAR within the window (RA=6711, Window=[6714, 6724), RAR=6724
2025-01-16T20:12:43.196567 [MAC    ] [W] [ 6760] SCHED: Could not transmit RAR within the window (RA=6751, Window=[6754, 6764), RAR=6764
2025-01-16T20:12:44.304574 [S1AP   ] [W] UE context for RNTI:0x5c3 is in zombie state. Releasing...
2025-01-16T20:12:53.286610 [MAC    ] [W] [ 6610] SCHED: Could not transmit RAR within the window (RA=6601, Window=[6604, 6614), RAR=6614
2025-01-16T20:12:53.306559 [MAC    ] [W] [ 6630] SCHED: Could not transmit RAR within the window (RA=6621, Window=[6624, 6634), RAR=6634
2025-01-16T20:16:08.476455 [MAC    ] [W] [ 7240] SCHED: Could not transmit RAR within the window (RA=7231, Window=[7234, 7244), RAR=7244
2025-01-16T20:26:55.870667 [RRC    ] [W] Not adding NAS message to connection reconfiguration. E-RAB id 5
2025-01-16T20:29:27.729710 [MAC    ] [W] [ 7780] SCHED: Could not transmit RAR within the window (RA=7771, Window=[7774, 7784), RAR=7784
2025-01-16T20:29:27.749733 [MAC    ] [W] [ 7800] SCHED: Could not transmit RAR within the window (RA=7791, Window=[7794, 7804), RAR=7804
2025-01-16T20:29:27.769702 [MAC    ] [W] [ 7820] SCHED: Could not transmit RAR within the window (RA=7811, Window=[7814, 7824), RAR=7824
2025-01-16T20:29:27.789689 [MAC    ] [W] [ 7840] SCHED: Could not transmit RAR within the window (RA=7831, Window=[7834, 7844), RAR=7844
2025-01-16T20:29:27.809708 [MAC    ] [W] [ 7860] SCHED: Could not transmit RAR within the window (RA=7851, Window=[7854, 7864), RAR=7864
2025-01-16T20:29:27.829660 [MAC    ] [W] [ 7880] SCHED: Could not transmit RAR within the window (RA=7871, Window=[7874, 7884), RAR=7884
2025-01-16T20:29:27.849682 [MAC    ] [W] [ 7900] SCHED: Could not transmit RAR within the window (RA=7891, Window=[7894, 7904), RAR=7904
2025-01-16T20:29:27.869703 [MAC    ] [W] [ 7920] SCHED: Could not transmit RAR within the window (RA=7911, Window=[7914, 7924), RAR=7924
2025-01-16T20:29:27.889661 [MAC    ] [W] [ 7940] SCHED: Could not transmit RAR within the window (RA=7931, Window=[7934, 7944), RAR=7944
2025-01-16T20:29:27.909682 [MAC    ] [W] [ 7960] SCHED: Could not transmit RAR within the window (RA=7951, Window=[7954, 7964), RAR=7964
2025-01-16T20:29:27.929699 [MAC    ] [W] [ 7980] SCHED: Could not transmit RAR within the window (RA=7971, Window=[7974, 7984), RAR=7984
2025-01-16T20:29:27.949667 [MAC    ] [W] [ 8000] SCHED: Could not transmit RAR within the window (RA=7991, Window=[7994, 8004), RAR=8004
2025-01-16T20:29:27.969710 [MAC    ] [W] [ 8020] SCHED: Could not transmit RAR within the window (RA=8011, Window=[8014, 8024), RAR=8024
2025-01-16T20:30:07.979480 [MAC    ] [W] [ 7070] SCHED: Could not transmit RAR within the window (RA=7061, Window=[7064, 7074), RAR=7074
2025-01-16T20:30:08.119493 [MAC    ] [W] [ 7210] SCHED: Could not transmit RAR within the window (RA=7201, Window=[7204, 7214), RAR=7214
2025-01-16T20:30:08.139450 [MAC    ] [W] [ 7230] SCHED: Could not transmit RAR within the window (RA=7221, Window=[7224, 7234), RAR=7234
2025-01-16T20:30:08.159476 [MAC    ] [W] [ 7250] SCHED: Could not transmit RAR within the window (RA=7241, Window=[7244, 7254), RAR=7254
2025-01-16T20:30:08.179497 [MAC    ] [W] [ 7270] SCHED: Could not transmit RAR within the window (RA=7261, Window=[7264, 7274), RAR=7274
2025-01-16T20:30:08.204551 [S1AP   ] [W] UE context for RNTI:0x756 is in zombie state. Releasing...
2025-01-16T20:30:08.259464 [MAC    ] [W] [ 7350] SCHED: Could not transmit RAR within the window (RA=7341, Window=[7344, 7354), RAR=7354
2025-01-16T20:30:08.279472 [MAC    ] [W] [ 7370] SCHED: Could not transmit RAR within the window (RA=7361, Window=[7364, 7374), RAR=7374
2025-01-16T20:30:08.299486 [MAC    ] [W] [ 7390] SCHED: Could not transmit RAR within the window (RA=7381, Window=[7384, 7394), RAR=7394
2025-01-16T20:30:08.319442 [MAC    ] [W] [ 7410] SCHED: Could not transmit RAR within the window (RA=7401, Window=[7404, 7414), RAR=7414
2025-01-16T20:30:08.339467 [MAC    ] [W] [ 7430] SCHED: Could not transmit RAR within the window (RA=7421, Window=[7424, 7434), RAR=7434
2025-01-16T20:30:08.359488 [MAC    ] [W] [ 7450] SCHED: Could not transmit RAR within the window (RA=7441, Window=[7444, 7454), RAR=7454
2025-01-16T20:30:08.499441 [MAC    ] [W] [ 7590] SCHED: Could not transmit RAR within the window (RA=7581, Window=[7584, 7594), RAR=7594
2025-01-16T20:30:08.519459 [MAC    ] [W] [ 7610] SCHED: Could not transmit RAR within the window (RA=7601, Window=[7604, 7614), RAR=7614
2025-01-16T20:30:08.539482 [MAC    ] [W] [ 7630] SCHED: Could not transmit RAR within the window (RA=7621, Window=[7624, 7634), RAR=7634
2025-01-16T20:30:08.939443 [MAC    ] [W] [ 8030] SCHED: Could not transmit RAR within the window (RA=8021, Window=[8024, 8034), RAR=8034
2025-01-16T20:30:08.959464 [MAC    ] [W] [ 8050] SCHED: Could not transmit RAR within the window (RA=8041, Window=[8044, 8054), RAR=8054
2025-01-16T20:30:08.979482 [MAC    ] [W] [ 8070] SCHED: Could not transmit RAR within the window (RA=8061, Window=[8064, 8074), RAR=8074
2025-01-16T20:30:08.999439 [MAC    ] [W] [ 8090] SCHED: Could not transmit RAR within the window (RA=8081, Window=[8084, 8094), RAR=8094
2025-01-16T20:30:09.019461 [MAC    ] [W] [ 8110] SCHED: Could not transmit RAR within the window (RA=8101, Window=[8104, 8114), RAR=8114
2025-01-16T20:30:09.039482 [MAC    ] [W] [ 8130] SCHED: Could not transmit RAR within the window (RA=8121, Window=[8124, 8134), RAR=8134
2025-01-16T20:30:09.059438 [MAC    ] [W] [ 8150] SCHED: Could not transmit RAR within the window (RA=8141, Window=[8144, 8154), RAR=8154
2025-01-16T20:30:09.079461 [MAC    ] [W] [ 8170] SCHED: Could not transmit RAR within the window (RA=8161, Window=[8164, 8174), RAR=8174
2025-01-16T20:30:09.099480 [MAC    ] [W] [ 8190] SCHED: Could not transmit RAR within the window (RA=8181, Window=[8184, 8194), RAR=8194
2025-01-16T20:30:09.119434 [MAC    ] [W] [ 8210] SCHED: Could not transmit RAR within the window (RA=8201, Window=[8204, 8214), RAR=8214
2025-01-16T20:30:09.359490 [MAC    ] [W] [ 8450] SCHED: Could not transmit RAR within the window (RA=8441, Window=[8444, 8454), RAR=8454
2025-01-16T20:30:09.379445 [MAC    ] [W] [ 8470] SCHED: Could not transmit RAR within the window (RA=8461, Window=[8464, 8474), RAR=8474
2025-01-16T20:30:09.399467 [MAC    ] [W] [ 8490] SCHED: Could not transmit RAR within the window (RA=8481, Window=[8484, 8494), RAR=8494
2025-01-16T20:30:09.419499 [MAC    ] [W] [ 8510] SCHED: Could not transmit RAR within the window (RA=8501, Window=[8504, 8514), RAR=8514
2025-01-16T20:30:09.439445 [MAC    ] [W] [ 8530] SCHED: Could not transmit RAR within the window (RA=8521, Window=[8524, 8534), RAR=8534
2025-01-16T20:30:09.459469 [MAC    ] [W] [ 8550] SCHED: Could not transmit RAR within the window (RA=8541, Window=[8544, 8554), RAR=8554
2025-01-16T20:30:09.479486 [MAC    ] [W] [ 8570] SCHED: Could not transmit RAR within the window (RA=8561, Window=[8564, 8574), RAR=8574
2025-01-16T20:30:09.499442 [MAC    ] [W] [ 8590] SCHED: Could not transmit RAR within the window (RA=8581, Window=[8584, 8594), RAR=8594
2025-01-16T20:30:09.519462 [MAC    ] [W] [ 8610] SCHED: Could not transmit RAR within the window (RA=8601, Window=[8604, 8614), RAR=8614
2025-01-16T20:30:09.539483 [MAC    ] [W] [ 8630] SCHED: Could not transmit RAR within the window (RA=8621, Window=[8624, 8634), RAR=8634
2025-01-16T20:30:09.559440 [MAC    ] [W] [ 8650] SCHED: Could not transmit RAR within the window (RA=8641, Window=[8644, 8654), RAR=8654
2025-01-16T20:30:09.579459 [MAC    ] [W] [ 8670] SCHED: Could not transmit RAR within the window (RA=8661, Window=[8664, 8674), RAR=8674
2025-01-16T20:30:09.599482 [MAC    ] [W] [ 8690] SCHED: Could not transmit RAR within the window (RA=8681, Window=[8684, 8694), RAR=8694
2025-01-16T20:30:09.619438 [MAC    ] [W] [ 8710] SCHED: Could not transmit RAR within the window (RA=8701, Window=[8704, 8714), RAR=8714
2025-01-16T20:30:09.659481 [MAC    ] [W] [ 8750] SCHED: Could not transmit RAR within the window (RA=8741, Window=[8744, 8754), RAR=8754
2025-01-16T20:30:09.679440 [MAC    ] [W] [ 8770] SCHED: Could not transmit RAR within the window (RA=8761, Window=[8764, 8774), RAR=8774
2025-01-16T20:30:09.699455 [MAC    ] [W] [ 8790] SCHED: Could not transmit RAR within the window (RA=8781, Window=[8784, 8794), RAR=8794
2025-01-16T20:30:09.719480 [MAC    ] [W] [ 8810] SCHED: Could not transmit RAR within the window (RA=8801, Window=[8804, 8814), RAR=8814
2025-01-16T20:30:09.739433 [MAC    ] [W] [ 8830] SCHED: Could not transmit RAR within the window (RA=8821, Window=[8824, 8834), RAR=8834
2025-01-16T20:30:09.759464 [MAC    ] [W] [ 8850] SCHED: Could not transmit RAR within the window (RA=8841, Window=[8844, 8854), RAR=8854
2025-01-16T20:30:09.779477 [MAC    ] [W] [ 8870] SCHED: Could not transmit RAR within the window (RA=8861, Window=[8864, 8874), RAR=8874
2025-01-16T20:30:20.019432 [MAC    ] [W] [ 8870] SCHED: Could not transmit RAR within the window (RA=8861, Window=[8864, 8874), RAR=8874
2025-01-16T20:30:20.039392 [MAC    ] [W] [ 8890] SCHED: Could not transmit RAR within the window (RA=8881, Window=[8884, 8894), RAR=8894
2025-01-16T20:30:20.059406 [MAC    ] [W] [ 8910] SCHED: Could not transmit RAR within the window (RA=8901, Window=[8904, 8914), RAR=8914
2025-01-16T20:30:20.079427 [MAC    ] [W] [ 8930] SCHED: Could not transmit RAR within the window (RA=8921, Window=[8924, 8934), RAR=8934
2025-01-16T20:30:20.099384 [MAC    ] [W] [ 8950] SCHED: Could not transmit RAR within the window (RA=8941, Window=[8944, 8954), RAR=8954
2025-01-16T20:30:20.119408 [MAC    ] [W] [ 8970] SCHED: Could not transmit RAR within the window (RA=8961, Window=[8964, 8974), RAR=8974
2025-01-16T20:30:20.139429 [MAC    ] [W] [ 8990] SCHED: Could not transmit RAR within the window (RA=8981, Window=[8984, 8994), RAR=8994
2025-01-16T20:30:20.159385 [MAC    ] [W] [ 9010] SCHED: Could not transmit RAR within the window (RA=9001, Window=[9004, 9014), RAR=9014
2025-01-16T20:30:20.459432 [MAC    ] [W] [ 9310] SCHED: Could not transmit RAR within the window (RA=9301, Window=[9304, 9314), RAR=9314
2025-01-16T20:30:20.479387 [MAC    ] [W] [ 9330] SCHED: Could not transmit RAR within the window (RA=9321, Window=[9324, 9334), RAR=9334
2025-01-16T20:30:20.499408 [MAC    ] [W] [ 9350] SCHED: Could not transmit RAR within the window (RA=9341, Window=[9344, 9354), RAR=9354
2025-01-16T20:30:20.519429 [MAC    ] [W] [ 9370] SCHED: Could not transmit RAR within the window (RA=9361, Window=[9364, 9374), RAR=9374
2025-01-16T20:30:20.539392 [MAC    ] [W] [ 9390] SCHED: Could not transmit RAR within the window (RA=9381, Window=[9384, 9394), RAR=9394
2025-01-16T20:30:20.559411 [MAC    ] [W] [ 9410] SCHED: Could not transmit RAR within the window (RA=9401, Window=[9404, 9414), RAR=9414
2025-01-16T20:30:20.579432 [MAC    ] [W] [ 9430] SCHED: Could not transmit RAR within the window (RA=9421, Window=[9424, 9434), RAR=9434
2025-01-16T20:30:20.599386 [MAC    ] [W] [ 9450] SCHED: Could not transmit RAR within the window (RA=9441, Window=[9444, 9454), RAR=9454
2025-01-16T20:30:20.619407 [MAC    ] [W] [ 9470] SCHED: Could not transmit RAR within the window (RA=9461, Window=[9464, 9474), RAR=9474
2025-01-16T20:30:20.639428 [MAC    ] [W] [ 9490] SCHED: Could not transmit RAR within the window (RA=9481, Window=[9484, 9494), RAR=9494
2025-01-16T20:30:20.659387 [MAC    ] [W] [ 9510] SCHED: Could not transmit RAR within the window (RA=9501, Window=[9504, 9514), RAR=9514
2025-01-16T20:30:20.679404 [MAC    ] [W] [ 9530] SCHED: Could not transmit RAR within the window (RA=9521, Window=[9524, 9534), RAR=9534
2025-01-16T20:30:20.699427 [MAC    ] [W] [ 9550] SCHED: Could not transmit RAR within the window (RA=9541, Window=[9544, 9554), RAR=9554
2025-01-16T20:30:20.719383 [MAC    ] [W] [ 9570] SCHED: Could not transmit RAR within the window (RA=9561, Window=[9564, 9574), RAR=9574
2025-01-16T20:30:20.739414 [MAC    ] [W] [ 9590] SCHED: Could not transmit RAR within the window (RA=9581, Window=[9584, 9594), RAR=9594
2025-01-16T20:30:20.779382 [MAC    ] [W] [ 9630] SCHED: Could not transmit RAR within the window (RA=9621, Window=[9624, 9634), RAR=9634
2025-01-16T20:30:31.989370 [MAC    ] [W] [  360] SCHED: Could not transmit RAR within the window (RA=351, Window=[354, 364), RAR=364
2025-01-16T20:30:32.089350 [MAC    ] [W] [  460] SCHED: Could not transmit RAR within the window (RA=451, Window=[454, 464), RAR=464
2025-01-16T20:30:32.109365 [MAC    ] [W] [  480] SCHED: Could not transmit RAR within the window (RA=471, Window=[474, 484), RAR=484
2025-01-16T20:30:32.129326 [MAC    ] [W] [  500] SCHED: Could not transmit RAR within the window (RA=491, Window=[494, 504), RAR=504
2025-01-16T20:30:32.149342 [MAC    ] [W] [  520] SCHED: Could not transmit RAR within the window (RA=511, Window=[514, 524), RAR=524
2025-01-16T20:30:32.169362 [MAC    ] [W] [  540] SCHED: Could not transmit RAR within the window (RA=531, Window=[534, 544), RAR=544
2025-01-16T20:30:32.189319 [MAC    ] [W] [  560] SCHED: Could not transmit RAR within the window (RA=551, Window=[554, 564), RAR=564
2025-01-16T20:30:32.209340 [MAC    ] [W] [  580] SCHED: Could not transmit RAR within the window (RA=571, Window=[574, 584), RAR=584
2025-01-16T20:30:32.509326 [MAC    ] [W] [  880] SCHED: Could not transmit RAR within the window (RA=871, Window=[874, 884), RAR=884
2025-01-16T20:30:32.949362 [MAC    ] [W] [ 1320] SCHED: Could not transmit RAR within the window (RA=1311, Window=[1314, 1324), RAR=1324
2025-01-16T20:30:32.969355 [MAC    ] [W] [ 1340] SCHED: Could not transmit RAR within the window (RA=1331, Window=[1334, 1344), RAR=1344
2025-01-16T20:30:33.029382 [MAC    ] [W] [ 1400] SCHED: Could not transmit RAR within the window (RA=1391, Window=[1394, 1404), RAR=1404
2025-01-16T20:30:33.069328 [MAC    ] [W] [ 1440] SCHED: Could not transmit RAR within the window (RA=1431, Window=[1434, 1444), RAR=1444
2025-01-16T20:30:33.089346 [MAC    ] [W] [ 1460] SCHED: Could not transmit RAR within the window (RA=1451, Window=[1454, 1464), RAR=1464
2025-01-16T20:30:33.249320 [MAC    ] [W] [ 1620] SCHED: Could not transmit RAR wit